atom 1 with type of Cd found to have 6 coordinates with atom types of O,N
atom 34 with type of Cd found to have 6 coordinates with atom types of O,N
atom 136 with type of Cd found to have 6 coordinates with atom types of N,O
atom 170 with type of Cd found to have 6 coordinates with atom types of O,N
atom 202 with type of Cd found to have 6 coordinates with atom types of O,N
atom 304 with type of Cd found to have 6 coordinates with atom types of O,N
atom 147 with type of Cd found to have 6 coordinates with atom types of O,N
atom 85 with type of Cd found to have 6 coordinates with atom types of O,N
atom 86 with type of Cd found to have 5 coordinates with atom types of O,N
atom 23 with type of Cd found to have 6 coordinates with atom types of O,N
atom 315 with type of Cd found to have 6 coordinates with atom types of O,N
atom 252 with type of Cd found to have 5 coordinates with atom types of O,N
atom 253 with type of Cd found to have 6 coordinates with atom types of N,O
atom 191 with type of Cd found to have 6 coordinates with atom types of N,O
found ligand
found ligand
found ligand
found ligand
UFAROJ, (min_max_linker_length,max_min_linker_length): 5 , 7

Structure has LONG ligand

