SIFVOU found to be an interpenetrated structure
atom 32 with type of Ag found to have 2 coordinates with atom types of C
atom 337 with type of Ag found to have 2 coordinates with atom types of C
atom 162 with type of Na found to have 6 coordinates with atom types of O
atom 67 with type of Na found to have 6 coordinates with atom types of O
atom 53 with type of Na found to have 6 coordinates with atom types of O
atom 316 with type of Na found to have 6 coordinates with atom types of O
atom 302 with type of Na found to have 6 coordinates with atom types of O
atom 207 with type of Na found to have 6 coordinates with atom types of O
found ligand
found ligand
found ligand
found ligand
found ligand
found ligand
found ligand
found ligand
found ligand
found ligand
found ligand
found ligand
SIFVOU, (min_max_linker_length,max_min_linker_length): 14 , 2

Structure has LONG ligand

