QITHEG found to be an interpenetrated structure
atom 1070 with type of Ni found to have 3 coordinates with atom types of N,O
atom 1071 with type of Ni found to have 3 coordinates with atom types of N,O
atom 1084 with type of Ni found to have 3 coordinates with atom types of N,O
atom 1085 with type of Ni found to have 3 coordinates with atom types of N,O
atom 1088 with type of Ni found to have 3 coordinates with atom types of N,O
atom 1089 with type of Ni found to have 3 coordinates with atom types of N,O
atom 1092 with type of Ni found to have 2 coordinates with atom types of N,O
atom 1093 with type of Ni found to have 2 coordinates with atom types of N,O
atom 1122 with type of Ni found to have 3 coordinates with atom types of N,O
atom 1123 with type of Ni found to have 3 coordinates with atom types of N,O
atom 1136 with type of Ni found to have 3 coordinates with atom types of N,O
atom 1137 with type of Ni found to have 3 coordinates with atom types of N,O
atom 1140 with type of Ni found to have 3 coordinates with atom types of N,O
atom 1141 with type of Ni found to have 4 coordinates with atom types of N,O
atom 1142 with type of Ni found to have 4 coordinates with atom types of N,O
atom 1143 with type of Ni found to have 3 coordinates with atom types of N,O
atom 1144 with type of Ni found to have 6 coordinates with atom types of N,O
atom 1145 with type of Ni found to have 6 coordinates with atom types of N,O
atom 122 with type of Ni found to have 3 coordinates with atom types of N,O
atom 123 with type of Ni found to have 3 coordinates with atom types of N,O
atom 1146 with type of Ni found to have 5 coordinates with atom types of N,O
atom 1147 with type of Ni found to have 5 coordinates with atom types of N,O
atom 1150 with type of Ni found to have 3 coordinates with atom types of N,O
atom 1151 with type of Ni found to have 3 coordinates with atom types of N,O
atom 1156 with type of Ni found to have 3 coordinates with atom types of N,O
atom 1157 with type of Ni found to have 3 coordinates with atom types of N,O
atom 1158 with type of Ni found to have 3 coordinates with atom types of N,O
atom 1159 with type of Ni found to have 3 coordinates with atom types of N,O
atom 136 with type of Ni found to have 3 coordinates with atom types of N,O
atom 137 with type of Ni found to have 3 coordinates with atom types of N,O
atom 140 with type of Ni found to have 3 coordinates with atom types of N,O
atom 141 with type of Ni found to have 3 coordinates with atom types of N,O
atom 1164 with type of Ni found to have 3 coordinates with atom types of N,O
atom 1165 with type of Ni found to have 3 coordinates with atom types of N,O
atom 144 with type of Ni found to have 2 coordinates with atom types of N,O
atom 145 with type of Ni found to have 2 coordinates with atom types of N,O
atom 1168 with type of Ni found to have 3 coordinates with atom types of N,O
atom 1169 with type of Ni found to have 3 coordinates with atom types of N,O
atom 1170 with type of Ni found to have 2 coordinates with atom types of N,O
atom 1171 with type of Ni found to have 2 coordinates with atom types of N,O
atom 1172 with type of Ni found to have 4 coordinates with atom types of N,O
atom 1175 with type of Ni found to have 4 coordinates with atom types of N,O
atom 1178 with type of Ni found to have 6 coordinates with atom types of N,O
atom 1179 with type of Ni found to have 6 coordinates with atom types of N,O
atom 1180 with type of Ni found to have 4 coordinates with atom types of N,O
atom 1181 with type of Ni found to have 4 coordinates with atom types of N,O
atom 1182 with type of Ni found to have 3 coordinates with atom types of N,O
atom 1183 with type of Ni found to have 3 coordinates with atom types of N,O
atom 1184 with type of Ni found to have 3 coordinates with atom types of N,O
atom 1185 with type of Ni found to have 3 coordinates with atom types of N,O
atom 1194 with type of Ni found to have 3 coordinates with atom types of N,O
atom 1195 with type of Ni found to have 3 coordinates with atom types of N,O
atom 1196 with type of Ni found to have 3 coordinates with atom types of N,O
atom 1197 with type of Ni found to have 3 coordinates with atom types of N,O
atom 174 with type of Ni found to have 3 coordinates with atom types of N,O
atom 175 with type of Ni found to have 3 coordinates with atom types of N,O
atom 1198 with type of Ni found to have 3 coordinates with atom types of N,O
atom 1199 with type of Ni found to have 3 coordinates with atom types of N,O
atom 1202 with type of Ni found to have 3 coordinates with atom types of N,O
atom 1200 with type of Ni found to have 5 coordinates with atom types of N,O
atom 1201 with type of Ni found to have 5 coordinates with atom types of N,O
atom 1203 with type of Ni found to have 3 coordinates with atom types of N,O
atom 1206 with type of Ni found to have 3 coordinates with atom types of N,O
atom 1204 with type of Ni found to have 3 coordinates with atom types of N,O
atom 1205 with type of Ni found to have 3 coordinates with atom types of N,O
atom 1207 with type of Ni found to have 3 coordinates with atom types of N,O
atom 1210 with type of Ni found to have 3 coordinates with atom types of N,O
atom 1211 with type of Ni found to have 3 coordinates with atom types of N,O
atom 188 with type of Ni found to have 3 coordinates with atom types of N,O
atom 189 with type of Ni found to have 3 coordinates with atom types of N,O
atom 192 with type of Ni found to have 4 coordinates with atom types of N,O
atom 193 with type of Ni found to have 3 coordinates with atom types of N,O
atom 194 with type of Ni found to have 3 coordinates with atom types of N,O
atom 195 with type of Ni found to have 4 coordinates with atom types of N,O
atom 196 with type of Ni found to have 6 coordinates with atom types of N,O
atom 197 with type of Ni found to have 6 coordinates with atom types of N,O
atom 1222 with type of Ni found to have 3 coordinates with atom types of N,O
atom 1223 with type of Ni found to have 3 coordinates with atom types of N,O
atom 198 with type of Ni found to have 5 coordinates with atom types of N,O
atom 199 with type of Ni found to have 5 coordinates with atom types of N,O
atom 1226 with type of Ni found to have 2 coordinates with atom types of N,O
atom 1227 with type of Ni found to have 2 coordinates with atom types of N,O
atom 202 with type of Ni found to have 3 coordinates with atom types of N,O
atom 203 with type of Ni found to have 3 coordinates with atom types of N,O
atom 1230 with type of Ni found to have 6 coordinates with atom types of N,O
atom 1231 with type of Ni found to have 6 coordinates with atom types of N,O
atom 208 with type of Ni found to have 3 coordinates with atom types of N,O
atom 209 with type of Ni found to have 3 coordinates with atom types of N,O
atom 1234 with type of Ni found to have 5 coordinates with atom types of N,O
atom 1235 with type of Ni found to have 5 coordinates with atom types of N,O
atom 1236 with type of Ni found to have 3 coordinates with atom types of N,O
atom 1237 with type of Ni found to have 3 coordinates with atom types of N,O
atom 1238 with type of Ni found to have 3 coordinates with atom types of N,O
atom 1239 with type of Ni found to have 3 coordinates with atom types of N,O
atom 210 with type of Ni found to have 3 coordinates with atom types of N,O
atom 211 with type of Ni found to have 3 coordinates with atom types of N,O
atom 216 with type of Ni found to have 3 coordinates with atom types of N,O
atom 217 with type of Ni found to have 3 coordinates with atom types of N,O
atom 1244 with type of Ni found to have 1 coordinates with atom types of N
atom 1245 with type of Ni found to have 1 coordinates with atom types of N
atom 220 with type of Ni found to have 3 coordinates with atom types of N,O
atom 221 with type of Ni found to have 3 coordinates with atom types of N,O
atom 222 with type of Ni found to have 2 coordinates with atom types of N,O
atom 223 with type of Ni found to have 2 coordinates with atom types of N,O
atom 225 with type of Ni found to have 4 coordinates with atom types of N,O
atom 226 with type of Ni found to have 4 coordinates with atom types of N,O
atom 230 with type of Ni found to have 6 coordinates with atom types of N,O
atom 231 with type of Ni found to have 6 coordinates with atom types of N,O
atom 232 with type of Ni found to have 4 coordinates with atom types of N,O
atom 233 with type of Ni found to have 4 coordinates with atom types of N,O
atom 234 with type of Ni found to have 3 coordinates with atom types of N,O
atom 235 with type of Ni found to have 3 coordinates with atom types of N,O
atom 236 with type of Ni found to have 3 coordinates with atom types of N,O
atom 237 with type of Ni found to have 3 coordinates with atom types of N,O
atom 1258 with type of Ni found to have 3 coordinates with atom types of N,O
atom 1261 with type of Ni found to have 3 coordinates with atom types of N,O
atom 246 with type of Ni found to have 3 coordinates with atom types of N,O
atom 247 with type of Ni found to have 3 coordinates with atom types of N,O
atom 248 with type of Ni found to have 3 coordinates with atom types of N,O
atom 249 with type of Ni found to have 3 coordinates with atom types of N,O
atom 250 with type of Ni found to have 3 coordinates with atom types of N,O
atom 251 with type of Ni found to have 3 coordinates with atom types of N,O
atom 252 with type of Ni found to have 5 coordinates with atom types of N,O
atom 253 with type of Ni found to have 5 coordinates with atom types of N,O
atom 254 with type of Ni found to have 3 coordinates with atom types of N,O
atom 255 with type of Ni found to have 3 coordinates with atom types of N,O
atom 256 with type of Ni found to have 3 coordinates with atom types of N,O
atom 257 with type of Ni found to have 3 coordinates with atom types of N,O
atom 258 with type of Ni found to have 3 coordinates with atom types of N,O
atom 259 with type of Ni found to have 3 coordinates with atom types of N,O
atom 262 with type of Ni found to have 3 coordinates with atom types of N,O
atom 263 with type of Ni found to have 3 coordinates with atom types of N,O
atom 270 with type of Ni found to have 1 coordinates with atom types of N
atom 271 with type of Ni found to have 1 coordinates with atom types of N
atom 1296 with type of Ni found to have 2 coordinates with atom types of N
atom 1297 with type of Ni found to have 2 coordinates with atom types of N
atom 274 with type of Ni found to have 3 coordinates with atom types of N,O
atom 275 with type of Ni found to have 3 coordinates with atom types of N,O
atom 1298 with type of Ni found to have 3 coordinates with atom types of N,O
atom 1299 with type of Ni found to have 3 coordinates with atom types of N,O
atom 278 with type of Ni found to have 2 coordinates with atom types of N,O
atom 279 with type of Ni found to have 2 coordinates with atom types of N,O
atom 1302 with type of Ni found to have 2 coordinates with atom types of N,O
atom 1303 with type of Ni found to have 2 coordinates with atom types of N,O
atom 282 with type of Ni found to have 6 coordinates with atom types of N,O
atom 283 with type of Ni found to have 6 coordinates with atom types of N,O
atom 1308 with type of Ni found to have 3 coordinates with atom types of N,O
atom 1309 with type of Ni found to have 3 coordinates with atom types of N,O
atom 286 with type of Ni found to have 5 coordinates with atom types of N,O
atom 287 with type of Ni found to have 5 coordinates with atom types of N,O
atom 288 with type of Ni found to have 3 coordinates with atom types of N,O
atom 289 with type of Ni found to have 3 coordinates with atom types of N,O
atom 290 with type of Ni found to have 3 coordinates with atom types of N,O
atom 291 with type of Ni found to have 3 coordinates with atom types of N,O
atom 296 with type of Ni found to have 1 coordinates with atom types of N
atom 297 with type of Ni found to have 1 coordinates with atom types of N
atom 311 with type of Ni found to have 3 coordinates with atom types of N,O
atom 312 with type of Ni found to have 3 coordinates with atom types of N,O
atom 348 with type of Ni found to have 2 coordinates with atom types of N
atom 349 with type of Ni found to have 2 coordinates with atom types of N
atom 350 with type of Ni found to have 3 coordinates with atom types of N,O
atom 351 with type of Ni found to have 3 coordinates with atom types of N,O
atom 354 with type of Ni found to have 2 coordinates with atom types of N,O
atom 355 with type of Ni found to have 2 coordinates with atom types of N,O
atom 360 with type of Ni found to have 3 coordinates with atom types of N,O
atom 361 with type of Ni found to have 3 coordinates with atom types of N,O
atom 1712 with type of Ni found to have 3 coordinates with atom types of N,O
atom 1713 with type of Ni found to have 3 coordinates with atom types of N,O
atom 1544 with type of Ni found to have 3 coordinates with atom types of N,O
atom 1545 with type of Ni found to have 3 coordinates with atom types of N,O
atom 1558 with type of Ni found to have 3 coordinates with atom types of N,O
atom 1559 with type of Ni found to have 3 coordinates with atom types of N,O
atom 1562 with type of Ni found to have 3 coordinates with atom types of N,O
atom 1563 with type of Ni found to have 3 coordinates with atom types of N,O
atom 1566 with type of Ni found to have 2 coordinates with atom types of N,O
atom 1567 with type of Ni found to have 2 coordinates with atom types of N,O
atom 1596 with type of Ni found to have 3 coordinates with atom types of N,O
atom 1597 with type of Ni found to have 3 coordinates with atom types of N,O
atom 1610 with type of Ni found to have 3 coordinates with atom types of N,O
atom 1611 with type of Ni found to have 3 coordinates with atom types of N,O
atom 1614 with type of Ni found to have 3 coordinates with atom types of N,O
atom 1615 with type of Ni found to have 4 coordinates with atom types of N,O
atom 1616 with type of Ni found to have 4 coordinates with atom types of N,O
atom 1617 with type of Ni found to have 3 coordinates with atom types of N,O
atom 1618 with type of Ni found to have 6 coordinates with atom types of N,O
atom 1619 with type of Ni found to have 6 coordinates with atom types of N,O
atom 596 with type of Ni found to have 3 coordinates with atom types of N,O
atom 597 with type of Ni found to have 3 coordinates with atom types of N,O
atom 1620 with type of Ni found to have 5 coordinates with atom types of N,O
atom 1621 with type of Ni found to have 5 coordinates with atom types of N,O
atom 1624 with type of Ni found to have 3 coordinates with atom types of N,O
atom 1625 with type of Ni found to have 3 coordinates with atom types of N,O
atom 1630 with type of Ni found to have 3 coordinates with atom types of N,O
atom 1631 with type of Ni found to have 3 coordinates with atom types of N,O
atom 1632 with type of Ni found to have 3 coordinates with atom types of N,O
atom 1633 with type of Ni found to have 3 coordinates with atom types of N,O
atom 610 with type of Ni found to have 3 coordinates with atom types of N,O
atom 611 with type of Ni found to have 3 coordinates with atom types of N,O
atom 614 with type of Ni found to have 3 coordinates with atom types of N,O
atom 615 with type of Ni found to have 3 coordinates with atom types of N,O
atom 1638 with type of Ni found to have 3 coordinates with atom types of N,O
atom 1639 with type of Ni found to have 3 coordinates with atom types of N,O
atom 618 with type of Ni found to have 2 coordinates with atom types of N,O
atom 619 with type of Ni found to have 2 coordinates with atom types of N,O
atom 1642 with type of Ni found to have 3 coordinates with atom types of N,O
atom 1645 with type of Ni found to have 2 coordinates with atom types of N,O
atom 1643 with type of Ni found to have 3 coordinates with atom types of N,O
atom 1644 with type of Ni found to have 2 coordinates with atom types of N,O
atom 1647 with type of Ni found to have 4 coordinates with atom types of N,O
atom 1648 with type of Ni found to have 4 coordinates with atom types of N,O
atom 1652 with type of Ni found to have 6 coordinates with atom types of N,O
atom 1653 with type of Ni found to have 6 coordinates with atom types of N,O
atom 1654 with type of Ni found to have 4 coordinates with atom types of N,O
atom 1655 with type of Ni found to have 4 coordinates with atom types of N,O
atom 1656 with type of Ni found to have 3 coordinates with atom types of N,O
atom 1657 with type of Ni found to have 3 coordinates with atom types of N,O
atom 1658 with type of Ni found to have 3 coordinates with atom types of N,O
atom 1659 with type of Ni found to have 3 coordinates with atom types of N,O
atom 1668 with type of Ni found to have 3 coordinates with atom types of N,O
atom 1669 with type of Ni found to have 3 coordinates with atom types of N,O
atom 1670 with type of Ni found to have 3 coordinates with atom types of N,O
atom 1671 with type of Ni found to have 3 coordinates with atom types of N,O
atom 648 with type of Ni found to have 3 coordinates with atom types of N,O
atom 1673 with type of Ni found to have 3 coordinates with atom types of N,O
atom 649 with type of Ni found to have 3 coordinates with atom types of N,O
atom 1674 with type of Ni found to have 5 coordinates with atom types of N,O
atom 1675 with type of Ni found to have 5 coordinates with atom types of N,O
atom 1677 with type of Ni found to have 3 coordinates with atom types of N,O
atom 1676 with type of Ni found to have 3 coordinates with atom types of N,O
atom 1679 with type of Ni found to have 3 coordinates with atom types of N,O
atom 1672 with type of Ni found to have 3 coordinates with atom types of N,O
atom 1678 with type of Ni found to have 3 coordinates with atom types of N,O
atom 1680 with type of Ni found to have 3 coordinates with atom types of N,O
atom 1681 with type of Ni found to have 3 coordinates with atom types of N,O
atom 1684 with type of Ni found to have 3 coordinates with atom types of N,O
atom 1685 with type of Ni found to have 3 coordinates with atom types of N,O
atom 662 with type of Ni found to have 3 coordinates with atom types of N,O
atom 663 with type of Ni found to have 3 coordinates with atom types of N,O
atom 666 with type of Ni found to have 4 coordinates with atom types of N,O
atom 667 with type of Ni found to have 3 coordinates with atom types of N,O
atom 668 with type of Ni found to have 3 coordinates with atom types of N,O
atom 669 with type of Ni found to have 4 coordinates with atom types of N,O
atom 670 with type of Ni found to have 6 coordinates with atom types of N,O
atom 671 with type of Ni found to have 6 coordinates with atom types of N,O
atom 672 with type of Ni found to have 5 coordinates with atom types of N,O
atom 673 with type of Ni found to have 5 coordinates with atom types of N,O
atom 1692 with type of Ni found to have 1 coordinates with atom types of N
atom 1693 with type of Ni found to have 1 coordinates with atom types of N
atom 676 with type of Ni found to have 3 coordinates with atom types of N,O
atom 677 with type of Ni found to have 3 coordinates with atom types of N,O
atom 1696 with type of Ni found to have 3 coordinates with atom types of N,O
atom 1697 with type of Ni found to have 3 coordinates with atom types of N,O
atom 1700 with type of Ni found to have 2 coordinates with atom types of N,O
atom 1701 with type of Ni found to have 2 coordinates with atom types of N,O
atom 682 with type of Ni found to have 3 coordinates with atom types of N,O
atom 683 with type of Ni found to have 3 coordinates with atom types of N,O
atom 684 with type of Ni found to have 3 coordinates with atom types of N,O
atom 685 with type of Ni found to have 3 coordinates with atom types of N,O
atom 1704 with type of Ni found to have 6 coordinates with atom types of N,O
atom 1705 with type of Ni found to have 6 coordinates with atom types of N,O
atom 1708 with type of Ni found to have 5 coordinates with atom types of N,O
atom 1709 with type of Ni found to have 5 coordinates with atom types of N,O
atom 690 with type of Ni found to have 3 coordinates with atom types of N,O
atom 691 with type of Ni found to have 3 coordinates with atom types of N,O
atom 1710 with type of Ni found to have 3 coordinates with atom types of N,O
atom 1711 with type of Ni found to have 3 coordinates with atom types of N,O
atom 694 with type of Ni found to have 3 coordinates with atom types of N,O
atom 695 with type of Ni found to have 3 coordinates with atom types of N,O
atom 696 with type of Ni found to have 2 coordinates with atom types of N,O
atom 697 with type of Ni found to have 2 coordinates with atom types of N,O
atom 698 with type of Ni found to have 4 coordinates with atom types of N,O
atom 1718 with type of Ni found to have 1 coordinates with atom types of N
atom 1719 with type of Ni found to have 1 coordinates with atom types of N
atom 701 with type of Ni found to have 4 coordinates with atom types of N,O
atom 704 with type of Ni found to have 6 coordinates with atom types of N,O
atom 705 with type of Ni found to have 6 coordinates with atom types of N,O
atom 706 with type of Ni found to have 4 coordinates with atom types of N,O
atom 707 with type of Ni found to have 4 coordinates with atom types of N,O
atom 708 with type of Ni found to have 3 coordinates with atom types of N,O
atom 709 with type of Ni found to have 3 coordinates with atom types of N,O
atom 710 with type of Ni found to have 3 coordinates with atom types of N,O
atom 711 with type of Ni found to have 3 coordinates with atom types of N,O
atom 1733 with type of Ni found to have 3 coordinates with atom types of N,O
atom 1734 with type of Ni found to have 3 coordinates with atom types of N,O
atom 720 with type of Ni found to have 3 coordinates with atom types of N,O
atom 721 with type of Ni found to have 3 coordinates with atom types of N,O
atom 722 with type of Ni found to have 3 coordinates with atom types of N,O
atom 723 with type of Ni found to have 3 coordinates with atom types of N,O
atom 724 with type of Ni found to have 3 coordinates with atom types of N,O
atom 725 with type of Ni found to have 3 coordinates with atom types of N,O
atom 726 with type of Ni found to have 5 coordinates with atom types of N,O
atom 727 with type of Ni found to have 5 coordinates with atom types of N,O
atom 728 with type of Ni found to have 3 coordinates with atom types of N,O
atom 729 with type of Ni found to have 3 coordinates with atom types of N,O
atom 730 with type of Ni found to have 3 coordinates with atom types of N,O
atom 731 with type of Ni found to have 3 coordinates with atom types of N,O
atom 732 with type of Ni found to have 3 coordinates with atom types of N,O
atom 733 with type of Ni found to have 3 coordinates with atom types of N,O
atom 736 with type of Ni found to have 3 coordinates with atom types of N,O
atom 737 with type of Ni found to have 3 coordinates with atom types of N,O
atom 744 with type of Ni found to have 1 coordinates with atom types of N
atom 745 with type of Ni found to have 1 coordinates with atom types of N
atom 1770 with type of Ni found to have 2 coordinates with atom types of N
atom 1771 with type of Ni found to have 2 coordinates with atom types of N
atom 748 with type of Ni found to have 3 coordinates with atom types of N,O
atom 749 with type of Ni found to have 3 coordinates with atom types of N,O
atom 1772 with type of Ni found to have 3 coordinates with atom types of N,O
atom 1773 with type of Ni found to have 3 coordinates with atom types of N,O
atom 752 with type of Ni found to have 2 coordinates with atom types of N,O
atom 753 with type of Ni found to have 2 coordinates with atom types of N,O
atom 1776 with type of Ni found to have 2 coordinates with atom types of N,O
atom 1777 with type of Ni found to have 2 coordinates with atom types of N,O
atom 756 with type of Ni found to have 6 coordinates with atom types of N,O
atom 757 with type of Ni found to have 6 coordinates with atom types of N,O
atom 1782 with type of Ni found to have 3 coordinates with atom types of N,O
atom 1783 with type of Ni found to have 3 coordinates with atom types of N,O
atom 760 with type of Ni found to have 5 coordinates with atom types of N,O
atom 761 with type of Ni found to have 5 coordinates with atom types of N,O
atom 762 with type of Ni found to have 3 coordinates with atom types of N,O
atom 763 with type of Ni found to have 3 coordinates with atom types of N,O
atom 764 with type of Ni found to have 3 coordinates with atom types of N,O
atom 765 with type of Ni found to have 3 coordinates with atom types of N,O
atom 770 with type of Ni found to have 1 coordinates with atom types of N
atom 771 with type of Ni found to have 1 coordinates with atom types of N
atom 784 with type of Ni found to have 3 coordinates with atom types of N,O
atom 787 with type of Ni found to have 3 coordinates with atom types of N,O
atom 822 with type of Ni found to have 2 coordinates with atom types of N
atom 823 with type of Ni found to have 2 coordinates with atom types of N
atom 824 with type of Ni found to have 3 coordinates with atom types of N,O
atom 825 with type of Ni found to have 3 coordinates with atom types of N,O
atom 828 with type of Ni found to have 2 coordinates with atom types of N,O
atom 829 with type of Ni found to have 2 coordinates with atom types of N,O
atom 834 with type of Ni found to have 3 coordinates with atom types of N,O
atom 835 with type of Ni found to have 3 coordinates with atom types of N,O
atom 1218 with type of Ni found to have 1 coordinates with atom types of N
atom 1219 with type of Ni found to have 1 coordinates with atom types of N
found ligand
found ligand
found ligand
found ligand
found ligand
found ligand
found ligand
found ligand
found ligand
found ligand
found ligand
found ligand
found ligand
found ligand
found ligand
found ligand
found ligand
found ligand
found ligand
found ligand
found ligand
found ligand
found ligand
found ligand
found ligand
found ligand
found ligand
found ligand
found ligand
found ligand
found ligand
found ligand
found ligand
found ligand
found ligand
found ligand
found ligand
found ligand
found ligand
found ligand
found ligand
found ligand
found ligand
found ligand
found ligand
found ligand
found ligand
found ligand
QITHEG, (min_max_linker_length,max_min_linker_length): 3 , 6

Structure has SHORT ligand

