atom 130 with type of Sb found to have 3 coordinates with atom types of O
atom 3 with type of Sb found to have 3 coordinates with atom types of O
atom 131 with type of Pr found to have 8 coordinates with atom types of Cl,O
atom 133 with type of Sb found to have 3 coordinates with atom types of O
atom 6 with type of Sb found to have 3 coordinates with atom types of O
atom 134 with type of Sb found to have 3 coordinates with atom types of O
atom 136 with type of Sb found to have 3 coordinates with atom types of O
atom 9 with type of Sb found to have 3 coordinates with atom types of O
atom 137 with type of Sb found to have 3 coordinates with atom types of O
atom 11 with type of Sb found to have 3 coordinates with atom types of O
atom 138 with type of Sb found to have 3 coordinates with atom types of O
atom 13 with type of Sb found to have 3 coordinates with atom types of O
atom 139 with type of Sb found to have 3 coordinates with atom types of O
atom 140 with type of Sb found to have 3 coordinates with atom types of O
atom 16 with type of Sb found to have 3 coordinates with atom types of O
atom 145 with type of Pr found to have 8 coordinates with atom types of Cl,O
atom 269 with type of Pr found to have 8 coordinates with atom types of Cl,O
atom 157 with type of Pr found to have 8 coordinates with atom types of Cl,O
atom 260 with type of Sb found to have 3 coordinates with atom types of O
atom 286 with type of Sb found to have 3 coordinates with atom types of O
atom 289 with type of Sb found to have 3 coordinates with atom types of O
atom 34 with type of Pr found to have 8 coordinates with atom types of Cl,O
atom 162 with type of Sb found to have 3 coordinates with atom types of O
atom 163 with type of Sb found to have 3 coordinates with atom types of O
atom 164 with type of Sb found to have 3 coordinates with atom types of O
atom 165 with type of Sb found to have 3 coordinates with atom types of O
atom 166 with type of Sb found to have 3 coordinates with atom types of O
atom 40 with type of Sb found to have 3 coordinates with atom types of O
atom 168 with type of Sb found to have 3 coordinates with atom types of O
atom 42 with type of Sb found to have 3 coordinates with atom types of O
atom 169 with type of Sb found to have 3 coordinates with atom types of O
atom 171 with type of Pr found to have 8 coordinates with atom types of Cl,O
atom 172 with type of Sb found to have 3 coordinates with atom types of O
atom 263 with type of Sb found to have 3 coordinates with atom types of O
atom 296 with type of Sb found to have 3 coordinates with atom types of O
atom 299 with type of Sb found to have 3 coordinates with atom types of O
atom 56 with type of Pr found to have 8 coordinates with atom types of Cl,O
atom 184 with type of Sb found to have 3 coordinates with atom types of O
atom 58 with type of Pr found to have 10 coordinates with atom types of Cl,O
atom 291 with type of Sb found to have 3 coordinates with atom types of O
atom 188 with type of Sb found to have 3 coordinates with atom types of O
atom 62 with type of Pr found to have 9 coordinates with atom types of Cl,O
atom 63 with type of Pr found to have 10 coordinates with atom types of Cl,O
atom 293 with type of Sb found to have 3 coordinates with atom types of O
atom 68 with type of Sb found to have 3 coordinates with atom types of O
atom 69 with type of Pr found to have 9 coordinates with atom types of Cl,O
atom 196 with type of Sb found to have 3 coordinates with atom types of O
atom 199 with type of Sb found to have 3 coordinates with atom types of O
atom 76 with type of Sb found to have 3 coordinates with atom types of O
atom 78 with type of Sb found to have 3 coordinates with atom types of O
atom 79 with type of Sb found to have 3 coordinates with atom types of O
atom 223 with type of Sb found to have 3 coordinates with atom types of O
atom 224 with type of Sb found to have 3 coordinates with atom types of O
atom 226 with type of Sb found to have 3 coordinates with atom types of O
atom 104 with type of Sb found to have 3 coordinates with atom types of O
atom 106 with type of Sb found to have 3 coordinates with atom types of O
atom 235 with type of Pr found to have 9 coordinates with atom types of Cl,O
atom 236 with type of Sb found to have 3 coordinates with atom types of O
atom 239 with type of Pr found to have 10 coordinates with atom types of Cl,O
atom 240 with type of Pr found to have 9 coordinates with atom types of Cl,O
atom 114 with type of Sb found to have 3 coordinates with atom types of O
atom 244 with type of Pr found to have 10 coordinates with atom types of Cl,O
atom 118 with type of Sb found to have 3 coordinates with atom types of O
atom 246 with type of Pr found to have 8 coordinates with atom types of Cl,O
found ligand
found ligand
TILBOH, (min_max_linker_length,max_min_linker_length): 6 , 6

Structure has LONG ligand

