atom 193 with type of Zn found to have 4 coordinates with atom types of N,O
atom 98 with type of Zn found to have 4 coordinates with atom types of N,O
atom 167 with type of Zn found to have 4 coordinates with atom types of N,O
atom 234 with type of Zn found to have 5 coordinates with atom types of O
atom 203 with type of Zn found to have 5 coordinates with atom types of O
atom 270 with type of Zn found to have 4 coordinates with atom types of N,O
atom 47 with type of Zn found to have 4 coordinates with atom types of N,O
atom 244 with type of Zn found to have 4 coordinates with atom types of N,O
atom 21 with type of Zn found to have 4 coordinates with atom types of N,O
atom 88 with type of Zn found to have 5 coordinates with atom types of O
atom 57 with type of Zn found to have 5 coordinates with atom types of O
atom 124 with type of Zn found to have 4 coordinates with atom types of N,O
found ligand
found ligand
found ligand
found ligand
found ligand
found ligand
found ligand
found ligand
TIRLIQ, (min_max_linker_length,max_min_linker_length): 6 , 2

Structure has LONG ligand

