atom 100 with type of Cu found to have 4 coordinates with atom types of N,S,C
atom 101 with type of Cu found to have 4 coordinates with atom types of N,S,C
atom 102 with type of Cu found to have 4 coordinates with atom types of N,S,C
atom 103 with type of Cu found to have 4 coordinates with atom types of N,S,C
atom 140 with type of Mo found to have 4 coordinates with atom types of O,S
atom 141 with type of Cu found to have 4 coordinates with atom types of N,S
atom 144 with type of Cu found to have 4 coordinates with atom types of N,S,C
atom 113 with type of Mo found to have 4 coordinates with atom types of O,S
atom 148 with type of Cu found to have 4 coordinates with atom types of N,S
atom 181 with type of Cu found to have 4 coordinates with atom types of N,S,C
atom 22 with type of Cu found to have 4 coordinates with atom types of N,S,C
atom 55 with type of Cu found to have 4 coordinates with atom types of N,S
atom 90 with type of Mo found to have 4 coordinates with atom types of O,S
atom 59 with type of Cu found to have 4 coordinates with atom types of N,S,C
atom 62 with type of Cu found to have 4 coordinates with atom types of N,S
atom 63 with type of Mo found to have 4 coordinates with atom types of O,S
found ligand
found ligand
found ligand
found ligand
UNABIV, (min_max_linker_length,max_min_linker_length): 1 , 7
Structure has extremely short ligands
Structure has extremely short ligands
