atom 65 with type of W found to have 11 coordinates with atom types of O
atom 164 with type of W found to have 11 coordinates with atom types of O
atom 135 with type of W found to have 11 coordinates with atom types of O
atom 8 with type of Cu found to have 3 coordinates with atom types of N,O
atom 136 with type of Cu found to have 2 coordinates with atom types of N
atom 140 with type of W found to have 11 coordinates with atom types of O
atom 48 with type of W found to have 11 coordinates with atom types of O
atom 61 with type of W found to have 11 coordinates with atom types of O
atom 52 with type of Cu found to have 2 coordinates with atom types of N
atom 53 with type of W found to have 11 coordinates with atom types of O
atom 180 with type of Cu found to have 3 coordinates with atom types of N,O
atom 24 with type of W found to have 11 coordinates with atom types of O
atom 123 with type of W found to have 11 coordinates with atom types of O
atom 127 with type of W found to have 11 coordinates with atom types of O
atom 93 with type of W found to have 11 coordinates with atom types of O
atom 94 with type of Ge found to have 8 coordinates with atom types of O
atom 95 with type of W found to have 11 coordinates with atom types of O
PURNOH, (min_max_linker_length,max_min_linker_length): 1 , 9
Structure has extremely short ligands
Structure has extremely short ligands
