atom 128 with type of Zn found to have 4 coordinates with atom types of O,N
atom 576 with type of Zn found to have 5 coordinates with atom types of O,N
atom 833 with type of Zn found to have 4 coordinates with atom types of O,N
atom 579 with type of Zn found to have 5 coordinates with atom types of O,N
atom 896 with type of Zn found to have 4 coordinates with atom types of O,N
atom 327 with type of Zn found to have 4 coordinates with atom types of O,N
atom 207 with type of Zn found to have 5 coordinates with atom types of O,N
atom 16 with type of Zn found to have 5 coordinates with atom types of O,N
atom 18 with type of Zn found to have 5 coordinates with atom types of O,N
atom 276 with type of Zn found to have 4 coordinates with atom types of N,O
atom 852 with type of Zn found to have 4 coordinates with atom types of N,O
atom 792 with type of Zn found to have 4 coordinates with atom types of O,N
atom 542 with type of Zn found to have 5 coordinates with atom types of O,N
atom 287 with type of Zn found to have 4 coordinates with atom types of O,N
atom 544 with type of Zn found to have 5 coordinates with atom types of O,N
atom 929 with type of Zn found to have 5 coordinates with atom types of O,N
atom 1118 with type of Zn found to have 5 coordinates with atom types of O,N
atom 1120 with type of Zn found to have 5 coordinates with atom types of O,N
atom 358 with type of Zn found to have 5 coordinates with atom types of N,O
atom 678 with type of Zn found to have 5 coordinates with atom types of N,O,H
atom 237 with type of Zn found to have 4 coordinates with atom types of N,O
atom 1010 with type of Zn found to have 4 coordinates with atom types of O,N
atom 756 with type of Zn found to have 5 coordinates with atom types of O,N
atom 439 with type of Zn found to have 4 coordinates with atom types of O,N
EVOTIT, (min_max_linker_length,max_min_linker_length): 7 , 7

Structure has LONG ligand

