HOMQUW found to be an interpenetrated structure
atom 128 with type of W found to have 6 coordinates with atom types of O
atom 1 with type of W found to have 6 coordinates with atom types of O
atom 258 with type of Cu found to have 2 coordinates with atom types of N
atom 391 with type of W found to have 6 coordinates with atom types of O
atom 8 with type of W found to have 6 coordinates with atom types of O
atom 265 with type of W found to have 6 coordinates with atom types of O
atom 394 with type of Cu found to have 4 coordinates with atom types of N
atom 15 with type of Cu found to have 2 coordinates with atom types of N
atom 272 with type of W found to have 6 coordinates with atom types of O
atom 145 with type of W found to have 6 coordinates with atom types of O
atom 402 with type of W found to have 6 coordinates with atom types of O
atom 275 with type of W found to have 6 coordinates with atom types of O
atom 532 with type of Cu found to have 2 coordinates with atom types of N
atom 153 with type of Cu found to have 4 coordinates with atom types of N
atom 282 with type of W found to have 6 coordinates with atom types of O
atom 539 with type of W found to have 6 coordinates with atom types of O
atom 156 with type of W found to have 6 coordinates with atom types of O
atom 289 with type of Cu found to have 2 coordinates with atom types of N
atom 546 with type of W found to have 6 coordinates with atom types of O
atom 419 with type of W found to have 6 coordinates with atom types of O
atom 427 with type of Cu found to have 4 coordinates with atom types of N
atom 46 with type of W found to have 6 coordinates with atom types of O
atom 175 with type of W found to have 6 coordinates with atom types of O
atom 430 with type of W found to have 6 coordinates with atom types of O
atom 56 with type of W found to have 6 coordinates with atom types of O
atom 58 with type of W found to have 6 coordinates with atom types of O
atom 187 with type of Cu found to have 2 coordinates with atom types of N
atom 320 with type of W found to have 6 coordinates with atom types of O
atom 193 with type of W found to have 6 coordinates with atom types of O
atom 449 with type of W found to have 6 coordinates with atom types of O
atom 68 with type of W found to have 6 coordinates with atom types of O
atom 197 with type of W found to have 6 coordinates with atom types of O
atom 198 with type of W found to have 6 coordinates with atom types of O
atom 71 with type of Cu found to have 2 coordinates with atom types of N
atom 202 with type of Cu found to have 2 coordinates with atom types of N
atom 75 with type of W found to have 6 coordinates with atom types of O
atom 76 with type of W found to have 6 coordinates with atom types of O
atom 205 with type of W found to have 6 coordinates with atom types of O
atom 330 with type of W found to have 6 coordinates with atom types of O
atom 332 with type of W found to have 6 coordinates with atom types of O
atom 80 with type of W found to have 6 coordinates with atom types of O
atom 461 with type of Cu found to have 2 coordinates with atom types of N
atom 467 with type of W found to have 6 coordinates with atom types of O
atom 86 with type of Cu found to have 2 coordinates with atom types of N
atom 215 with type of W found to have 6 coordinates with atom types of O
atom 342 with type of W found to have 6 coordinates with atom types of O
atom 217 with type of W found to have 6 coordinates with atom types of O
atom 345 with type of Cu found to have 2 coordinates with atom types of N
atom 471 with type of W found to have 6 coordinates with atom types of O
atom 472 with type of W found to have 6 coordinates with atom types of O
atom 349 with type of W found to have 6 coordinates with atom types of O
atom 350 with type of W found to have 6 coordinates with atom types of O
atom 476 with type of Cu found to have 2 coordinates with atom types of N
atom 479 with type of W found to have 6 coordinates with atom types of O
atom 98 with type of W found to have 6 coordinates with atom types of O
atom 227 with type of W found to have 6 coordinates with atom types of O
atom 354 with type of W found to have 6 coordinates with atom types of O
atom 360 with type of Cu found to have 2 coordinates with atom types of N
atom 489 with type of W found to have 6 coordinates with atom types of O
atom 491 with type of W found to have 6 coordinates with atom types of O
atom 372 with type of W found to have 6 coordinates with atom types of O
atom 117 with type of W found to have 6 coordinates with atom types of O
atom 501 with type of W found to have 6 coordinates with atom types of O
atom 120 with type of Cu found to have 4 coordinates with atom types of N
HOMQUW, (min_max_linker_length,max_min_linker_length): 2 , 7

Structure has SHORT ligand

