NIZNIV found to be an interpenetrated structure
atom 259 with type of Cu found to have 5 coordinates with atom types of N,O
atom 261 with type of Cu found to have 5 coordinates with atom types of O
atom 71 with type of Cu found to have 5 coordinates with atom types of N,O
atom 73 with type of Cu found to have 5 coordinates with atom types of O
atom 331 with type of Cu found to have 5 coordinates with atom types of N,O
atom 143 with type of Cu found to have 5 coordinates with atom types of N,O
atom 208 with type of Cu found to have 4 coordinates with atom types of N,O
atom 20 with type of Cu found to have 4 coordinates with atom types of N,O
atom 215 with type of Cu found to have 4 coordinates with atom types of N,O
atom 281 with type of Cu found to have 5 coordinates with atom types of N,O
atom 282 with type of Cu found to have 5 coordinates with atom types of N,O
atom 27 with type of Cu found to have 4 coordinates with atom types of N,O
atom 348 with type of Cu found to have 4 coordinates with atom types of N,O
atom 93 with type of Cu found to have 5 coordinates with atom types of N,O
atom 94 with type of Cu found to have 5 coordinates with atom types of N,O
atom 160 with type of Cu found to have 4 coordinates with atom types of N,O
atom 355 with type of Cu found to have 4 coordinates with atom types of N,O
atom 167 with type of Cu found to have 4 coordinates with atom types of N,O
atom 232 with type of Cu found to have 5 coordinates with atom types of N,O
atom 44 with type of Cu found to have 5 coordinates with atom types of N,O
atom 302 with type of Cu found to have 5 coordinates with atom types of O
atom 304 with type of Cu found to have 5 coordinates with atom types of N,O
atom 114 with type of Cu found to have 5 coordinates with atom types of O
atom 116 with type of Cu found to have 5 coordinates with atom types of N,O
NIZNIV, (min_max_linker_length,max_min_linker_length): 2 , 6

Structure has SHORT ligand

