atom 0 with type of In found to have 6 coordinates with atom types of O
atom 1 with type of In found to have 6 coordinates with atom types of O
atom 320 with type of In found to have 6 coordinates with atom types of O
atom 321 with type of In found to have 6 coordinates with atom types of O
atom 198 with type of In found to have 6 coordinates with atom types of O
atom 199 with type of In found to have 6 coordinates with atom types of O
atom 76 with type of In found to have 6 coordinates with atom types of O
atom 77 with type of In found to have 6 coordinates with atom types of O
atom 238 with type of In found to have 6 coordinates with atom types of O
atom 239 with type of In found to have 6 coordinates with atom types of O
atom 158 with type of In found to have 6 coordinates with atom types of O
atom 159 with type of In found to have 6 coordinates with atom types of O
found ligand
found ligand
found ligand
found ligand
found ligand
found ligand
found ligand
found ligand
found ligand
found ligand
found ligand
found ligand
VASGOO, (min_max_linker_length,max_min_linker_length): 10 , 2

Structure has LONG ligand

MOF SBU is a 1D rod
