COYCAV found to be an interpenetrated structure
atom 69 with type of Cu found to have 3 coordinates with atom types of S,N
atom 134 with type of Cu found to have 4 coordinates with atom types of S,N
atom 71 with type of Mo found to have 4 coordinates with atom types of O,S
atom 104 with type of Mo found to have 4 coordinates with atom types of O,S
atom 41 with type of Cu found to have 4 coordinates with atom types of S,N
atom 106 with type of Cu found to have 3 coordinates with atom types of S,N
atom 112 with type of Cu found to have 4 coordinates with atom types of S,N
atom 81 with type of Cu found to have 4 coordinates with atom types of S,N
atom 82 with type of Cu found to have 3 coordinates with atom types of S,N
atom 54 with type of Cu found to have 4 coordinates with atom types of S,N
atom 87 with type of Mo found to have 4 coordinates with atom types of O,S
atom 88 with type of Mo found to have 4 coordinates with atom types of O,S
atom 121 with type of Cu found to have 4 coordinates with atom types of S,N
atom 93 with type of Cu found to have 3 coordinates with atom types of S,N
atom 94 with type of Cu found to have 4 coordinates with atom types of S,N
atom 63 with type of Cu found to have 4 coordinates with atom types of S,N
found ligand
found ligand
found ligand
found ligand
found ligand
found ligand
found ligand
found ligand
COYCAV, (min_max_linker_length,max_min_linker_length): 7 , 7

Structure has LONG ligand

