QITHAC found to be an interpenetrated structure
atom 1282 with type of Ni found to have 5 coordinates with atom types of N,O
atom 1283 with type of Ni found to have 5 coordinates with atom types of N,O
atom 904 with type of Ni found to have 5 coordinates with atom types of N,O
atom 905 with type of Ni found to have 5 coordinates with atom types of N,O
atom 910 with type of Ni found to have 5 coordinates with atom types of N,O
atom 911 with type of Ni found to have 5 coordinates with atom types of N,O
atom 1296 with type of Ni found to have 6 coordinates with atom types of N,O
atom 1297 with type of Ni found to have 6 coordinates with atom types of N,O
atom 532 with type of Ni found to have 5 coordinates with atom types of N,O
atom 533 with type of Ni found to have 5 coordinates with atom types of N,O
atom 538 with type of Ni found to have 5 coordinates with atom types of N,O
atom 539 with type of Ni found to have 5 coordinates with atom types of N,O
atom 924 with type of Ni found to have 6 coordinates with atom types of N,O
atom 925 with type of Ni found to have 6 coordinates with atom types of N,O
atom 1308 with type of Ni found to have 4 coordinates with atom types of N,O
atom 1309 with type of Ni found to have 4 coordinates with atom types of N,O
atom 160 with type of Ni found to have 5 coordinates with atom types of N,O
atom 161 with type of Ni found to have 5 coordinates with atom types of N,O
atom 166 with type of Ni found to have 5 coordinates with atom types of N,O
atom 167 with type of Ni found to have 5 coordinates with atom types of N,O
atom 552 with type of Ni found to have 6 coordinates with atom types of N,O
atom 553 with type of Ni found to have 6 coordinates with atom types of N,O
atom 936 with type of Ni found to have 4 coordinates with atom types of N,O
atom 937 with type of Ni found to have 4 coordinates with atom types of N,O
atom 1322 with type of Ni found to have 5 coordinates with atom types of N,O
atom 1323 with type of Ni found to have 5 coordinates with atom types of N,O
atom 180 with type of Ni found to have 6 coordinates with atom types of N,O
atom 181 with type of Ni found to have 6 coordinates with atom types of N,O
atom 564 with type of Ni found to have 4 coordinates with atom types of N,O
atom 951 with type of Ni found to have 5 coordinates with atom types of N,O
atom 565 with type of Ni found to have 4 coordinates with atom types of N,O
atom 950 with type of Ni found to have 5 coordinates with atom types of N,O
atom 1334 with type of Ni found to have 5 coordinates with atom types of N,O
atom 1335 with type of Ni found to have 5 coordinates with atom types of N,O
atom 192 with type of Ni found to have 4 coordinates with atom types of N,O
atom 193 with type of Ni found to have 4 coordinates with atom types of N,O
atom 578 with type of Ni found to have 5 coordinates with atom types of N,O
atom 579 with type of Ni found to have 5 coordinates with atom types of N,O
atom 962 with type of Ni found to have 5 coordinates with atom types of N,O
atom 963 with type of Ni found to have 5 coordinates with atom types of N,O
atom 206 with type of Ni found to have 5 coordinates with atom types of N,O
atom 207 with type of Ni found to have 5 coordinates with atom types of N,O
atom 590 with type of Ni found to have 5 coordinates with atom types of N,O
atom 591 with type of Ni found to have 5 coordinates with atom types of N,O
atom 218 with type of Ni found to have 5 coordinates with atom types of N,O
atom 219 with type of Ni found to have 5 coordinates with atom types of N,O
atom 1276 with type of Ni found to have 5 coordinates with atom types of N,O
atom 1277 with type of Ni found to have 5 coordinates with atom types of N,O
found ligand
found ligand
found ligand
found ligand
found ligand
found ligand
found ligand
found ligand
found ligand
found ligand
found ligand
found ligand
found ligand
found ligand
found ligand
found ligand
found ligand
found ligand
found ligand
found ligand
found ligand
found ligand
found ligand
found ligand
found ligand
found ligand
found ligand
found ligand
found ligand
found ligand
found ligand
found ligand
found ligand
found ligand
found ligand
found ligand
found ligand
found ligand
found ligand
found ligand
found ligand
found ligand
found ligand
found ligand
found ligand
found ligand
found ligand
found ligand
QITHAC, (min_max_linker_length,max_min_linker_length): 3 , 6

Structure has SHORT ligand

