atom 388 with type of Zn found to have 4 coordinates with atom types of O,N
atom 389 with type of Zn found to have 4 coordinates with atom types of O,N
atom 390 with type of Zn found to have 4 coordinates with atom types of N,O
atom 391 with type of Zn found to have 4 coordinates with atom types of N,O
atom 330 with type of Zn found to have 3 coordinates with atom types of N,O
atom 331 with type of Zn found to have 3 coordinates with atom types of N,O
atom 78 with type of Zn found to have 3 coordinates with atom types of O
atom 79 with type of Zn found to have 3 coordinates with atom types of O
atom 311 with type of Zn found to have 4 coordinates with atom types of N,O
atom 160 with type of Zn found to have 3 coordinates with atom types of O
atom 161 with type of Zn found to have 3 coordinates with atom types of O
atom 98 with type of Zn found to have 4 coordinates with atom types of N,O
atom 99 with type of Zn found to have 4 coordinates with atom types of N,O
atom 100 with type of Zn found to have 4 coordinates with atom types of O,N
atom 101 with type of Zn found to have 4 coordinates with atom types of N,O
atom 288 with type of Zn found to have 3 coordinates with atom types of O
atom 289 with type of Zn found to have 3 coordinates with atom types of O
atom 178 with type of Zn found to have 4 coordinates with atom types of N,O
atom 179 with type of Zn found to have 4 coordinates with atom types of N,O
atom 180 with type of Zn found to have 4 coordinates with atom types of N,O
atom 181 with type of Zn found to have 4 coordinates with atom types of N,O
atom 308 with type of Zn found to have 4 coordinates with atom types of O,N
atom 309 with type of Zn found to have 4 coordinates with atom types of O,N
atom 120 with type of Zn found to have 3 coordinates with atom types of O,N
atom 121 with type of Zn found to have 3 coordinates with atom types of O,N
atom 310 with type of Zn found to have 4 coordinates with atom types of N,O
atom 370 with type of Zn found to have 3 coordinates with atom types of O
atom 371 with type of Zn found to have 3 coordinates with atom types of O
OWAVIS, (min_max_linker_length,max_min_linker_length): 2 , 2

Structure has SHORT ligand

