PURNAT found to be an interpenetrated structure
atom 130 with type of W found to have 6 coordinates with atom types of O
atom 131 with type of W found to have 6 coordinates with atom types of O
atom 4 with type of Co found to have 6 coordinates with atom types of O
atom 5 with type of Co found to have 6 coordinates with atom types of O
atom 136 with type of Co found to have 6 coordinates with atom types of O
atom 137 with type of Co found to have 6 coordinates with atom types of O
atom 270 with type of W found to have 6 coordinates with atom types of O
atom 271 with type of W found to have 6 coordinates with atom types of O
atom 278 with type of W found to have 6 coordinates with atom types of O
atom 279 with type of W found to have 6 coordinates with atom types of O
atom 280 with type of W found to have 6 coordinates with atom types of O
atom 281 with type of W found to have 6 coordinates with atom types of O
atom 158 with type of W found to have 6 coordinates with atom types of O
atom 159 with type of W found to have 6 coordinates with atom types of O
atom 286 with type of W found to have 6 coordinates with atom types of O
atom 287 with type of W found to have 6 coordinates with atom types of O
atom 292 with type of Co found to have 7 coordinates with atom types of H,N,O
atom 293 with type of Co found to have 7 coordinates with atom types of H,N,O
atom 170 with type of W found to have 6 coordinates with atom types of O
atom 171 with type of W found to have 6 coordinates with atom types of O
atom 172 with type of W found to have 6 coordinates with atom types of O
atom 173 with type of W found to have 6 coordinates with atom types of O
atom 174 with type of W found to have 6 coordinates with atom types of O
atom 175 with type of W found to have 6 coordinates with atom types of O
atom 176 with type of W found to have 6 coordinates with atom types of O
atom 177 with type of W found to have 6 coordinates with atom types of O
atom 178 with type of W found to have 6 coordinates with atom types of O
atom 179 with type of W found to have 6 coordinates with atom types of O
atom 180 with type of W found to have 6 coordinates with atom types of O
atom 181 with type of W found to have 6 coordinates with atom types of O
atom 58 with type of Co found to have 7 coordinates with atom types of H,N,O
atom 59 with type of Co found to have 7 coordinates with atom types of H,N,O
atom 64 with type of W found to have 6 coordinates with atom types of O
atom 65 with type of W found to have 6 coordinates with atom types of O
atom 192 with type of W found to have 6 coordinates with atom types of O
atom 193 with type of W found to have 6 coordinates with atom types of O
atom 70 with type of W found to have 6 coordinates with atom types of O
atom 71 with type of W found to have 6 coordinates with atom types of O
atom 72 with type of W found to have 6 coordinates with atom types of O
atom 73 with type of W found to have 6 coordinates with atom types of O
atom 80 with type of W found to have 6 coordinates with atom types of O
atom 81 with type of W found to have 6 coordinates with atom types of O
atom 214 with type of Co found to have 6 coordinates with atom types of O
atom 215 with type of Co found to have 6 coordinates with atom types of O
atom 346 with type of Co found to have 6 coordinates with atom types of O
atom 347 with type of Co found to have 6 coordinates with atom types of O
atom 220 with type of W found to have 6 coordinates with atom types of O
atom 221 with type of W found to have 6 coordinates with atom types of O
atom 238 with type of W found to have 6 coordinates with atom types of O
atom 239 with type of W found to have 6 coordinates with atom types of O
atom 112 with type of W found to have 6 coordinates with atom types of O
atom 113 with type of W found to have 6 coordinates with atom types of O
PURNAT, (min_max_linker_length,max_min_linker_length): 2 , 9

Structure has SHORT ligand

MOF SBU is a 1D rod
