atom 34 with type of Mn found to have 3 coordinates with atom types of N
atom 4 with type of Mn found to have 3 coordinates with atom types of N
atom 5 with type of Nb found to have 8 coordinates with atom types of C
atom 68 with type of Mn found to have 3 coordinates with atom types of N
atom 7 with type of Mn found to have 3 coordinates with atom types of N
atom 70 with type of Nb found to have 8 coordinates with atom types of C
atom 41 with type of Mn found to have 3 coordinates with atom types of N
atom 71 with type of Mn found to have 3 coordinates with atom types of N
atom 44 with type of Nb found to have 8 coordinates with atom types of C
atom 45 with type of Mn found to have 3 coordinates with atom types of N
atom 30 with type of Mn found to have 3 coordinates with atom types of N
atom 31 with type of Nb found to have 8 coordinates with atom types of C
found ligand
found ligand
found ligand
found ligand
found ligand
found ligand
found ligand
found ligand
UVEWIC, (min_max_linker_length,max_min_linker_length): 1 , 1
Structure has extremely short ligands
Structure has extremely short ligands
