atom 64 with type of Cu found to have 4 coordinates with atom types of S,N,C
atom 97 with type of Mo found to have 3 coordinates with atom types of S
atom 130 with type of Cu found to have 4 coordinates with atom types of S,N,C
atom 101 with type of Cu found to have 4 coordinates with atom types of S,N
atom 38 with type of Mo found to have 3 coordinates with atom types of S
atom 102 with type of Cu found to have 4 coordinates with atom types of S,N,C
atom 45 with type of Cu found to have 4 coordinates with atom types of S,N
atom 46 with type of Cu found to have 4 coordinates with atom types of S,N
atom 109 with type of Mo found to have 3 coordinates with atom types of S
atom 17 with type of Cu found to have 4 coordinates with atom types of S,N,C
atom 50 with type of Mo found to have 3 coordinates with atom types of S
atom 83 with type of Cu found to have 4 coordinates with atom types of S,N,C
atom 84 with type of Cu found to have 4 coordinates with atom types of S,N
atom 22 with type of Cu found to have 4 coordinates with atom types of S,N
atom 125 with type of Cu found to have 4 coordinates with atom types of S,N
atom 63 with type of Cu found to have 4 coordinates with atom types of S,N,C
found ligand
found ligand
found ligand
found ligand
found ligand
found ligand
found ligand
found ligand
UNABOB, (min_max_linker_length,max_min_linker_length): 1 , 9
Structure has extremely short ligands
Structure has extremely short ligands
