atom 192 with type of Cd found to have 5 coordinates with atom types of O,N
atom 75 with type of Cd found to have 6 coordinates with atom types of O,N
atom 269 with type of Cd found to have 5 coordinates with atom types of O,N
atom 78 with type of Cd found to have 6 coordinates with atom types of O,N
atom 270 with type of Cd found to have 5 coordinates with atom types of O,N
atom 277 with type of Cd found to have 6 coordinates with atom types of O,N
atom 278 with type of Cd found to have 6 coordinates with atom types of O,N
atom 29 with type of Cd found to have 6 coordinates with atom types of O,N
atom 30 with type of Cd found to have 6 coordinates with atom types of O,N
atom 37 with type of Cd found to have 5 coordinates with atom types of O,N
atom 38 with type of Cd found to have 5 coordinates with atom types of O,N
atom 229 with type of Cd found to have 6 coordinates with atom types of O,N
atom 232 with type of Cd found to have 6 coordinates with atom types of O,N
atom 115 with type of Cd found to have 5 coordinates with atom types of O,N
atom 116 with type of Cd found to have 5 coordinates with atom types of O,N
atom 183 with type of Cd found to have 6 coordinates with atom types of O,N
atom 184 with type of Cd found to have 6 coordinates with atom types of O,N
atom 123 with type of Cd found to have 6 coordinates with atom types of O,N
atom 124 with type of Cd found to have 6 coordinates with atom types of O,N
atom 191 with type of Cd found to have 5 coordinates with atom types of O,N
found ligand
found ligand
found ligand
found ligand
found ligand
found ligand
found ligand
found ligand
UFARUP, (min_max_linker_length,max_min_linker_length): 5 , 2

Structure has LONG ligand

MOF SBU is a 1D rod
