MARPOL found to be an interpenetrated structure
atom 418 with type of Ni found to have 6 coordinates with atom types of N
atom 419 with type of Ni found to have 6 coordinates with atom types of N
atom 300 with type of Ni found to have 6 coordinates with atom types of N
atom 301 with type of Ni found to have 6 coordinates with atom types of N
atom 942 with type of Ni found to have 6 coordinates with atom types of N
atom 943 with type of Ni found to have 6 coordinates with atom types of N
atom 438 with type of Fe found to have 6 coordinates with atom types of C
atom 439 with type of Fe found to have 6 coordinates with atom types of C
atom 824 with type of Ni found to have 6 coordinates with atom types of N
atom 825 with type of Ni found to have 6 coordinates with atom types of N
atom 446 with type of Fe found to have 6 coordinates with atom types of C
atom 447 with type of Fe found to have 6 coordinates with atom types of C
atom 962 with type of Fe found to have 6 coordinates with atom types of C
atom 963 with type of Fe found to have 6 coordinates with atom types of C
atom 196 with type of Ni found to have 6 coordinates with atom types of N
atom 197 with type of Ni found to have 6 coordinates with atom types of N
atom 326 with type of Ni found to have 6 coordinates with atom types of N
atom 327 with type of Ni found to have 6 coordinates with atom types of N
atom 970 with type of Fe found to have 6 coordinates with atom types of C
atom 971 with type of Fe found to have 6 coordinates with atom types of C
atom 76 with type of Fe found to have 6 coordinates with atom types of C
atom 77 with type of Fe found to have 6 coordinates with atom types of C
atom 720 with type of Ni found to have 6 coordinates with atom types of N
atom 721 with type of Ni found to have 6 coordinates with atom types of N
atom 850 with type of Ni found to have 6 coordinates with atom types of N
atom 851 with type of Ni found to have 6 coordinates with atom types of N
atom 84 with type of Fe found to have 6 coordinates with atom types of C
atom 85 with type of Fe found to have 6 coordinates with atom types of C
atom 600 with type of Fe found to have 6 coordinates with atom types of C
atom 601 with type of Fe found to have 6 coordinates with atom types of C
atom 222 with type of Ni found to have 6 coordinates with atom types of N
atom 223 with type of Ni found to have 6 coordinates with atom types of N
atom 608 with type of Fe found to have 6 coordinates with atom types of C
atom 609 with type of Fe found to have 6 coordinates with atom types of C
atom 104 with type of Ni found to have 6 coordinates with atom types of N
atom 105 with type of Ni found to have 6 coordinates with atom types of N
atom 746 with type of Ni found to have 6 coordinates with atom types of N
atom 747 with type of Ni found to have 6 coordinates with atom types of N
atom 628 with type of Ni found to have 6 coordinates with atom types of N
atom 629 with type of Ni found to have 6 coordinates with atom types of N
found ligand
found ligand
found ligand
found ligand
found ligand
found ligand
found ligand
found ligand
found ligand
found ligand
found ligand
found ligand
found ligand
found ligand
found ligand
found ligand
found ligand
found ligand
found ligand
found ligand
found ligand
found ligand
found ligand
found ligand
found ligand
found ligand
found ligand
found ligand
found ligand
found ligand
found ligand
found ligand
found ligand
found ligand
found ligand
found ligand
found ligand
found ligand
found ligand
found ligand
found ligand
found ligand
found ligand
found ligand
found ligand
found ligand
found ligand
found ligand
MARPOL, (min_max_linker_length,max_min_linker_length): 1 , 3
Structure has extremely short ligands
Structure has extremely short ligands
