atom 355 with type of Zn found to have 6 coordinates with atom types of O
atom 260 with type of Zn found to have 6 coordinates with atom types of O
atom 134 with type of Zn found to have 6 coordinates with atom types of O
atom 230 with type of Zn found to have 6 coordinates with atom types of O
atom 8 with type of Zn found to have 6 coordinates with atom types of O
atom 104 with type of Zn found to have 6 coordinates with atom types of O
atom 234 with type of Zn found to have 6 coordinates with atom types of O
atom 358 with type of Zn found to have 6 coordinates with atom types of O
atom 108 with type of Zn found to have 6 coordinates with atom types of O
atom 269 with type of Zn found to have 6 coordinates with atom types of O
atom 143 with type of Zn found to have 6 coordinates with atom types of O
atom 15 with type of Zn found to have 6 coordinates with atom types of O
atom 241 with type of Zn found to have 6 coordinates with atom types of O
atom 146 with type of Zn found to have 6 coordinates with atom types of O
atom 19 with type of Zn found to have 6 coordinates with atom types of O
atom 115 with type of Zn found to have 6 coordinates with atom types of O
atom 272 with type of Zn found to have 6 coordinates with atom types of O
atom 367 with type of Zn found to have 6 coordinates with atom types of O
found ligand
found ligand
found ligand
found ligand
found ligand
found ligand
found ligand
found ligand
found ligand
found ligand
found ligand
found ligand
found ligand
found ligand
found ligand
found ligand
found ligand
found ligand
Zn-MOF-74, (min_max_linker_length,max_min_linker_length): 7 , 2

Structure has LONG ligand

MOF SBU is a 1D rod
