POZKOF found to be an interpenetrated structure
atom 98 with type of Sn found to have 5 coordinates with atom types of C,N
atom 67 with type of Sn found to have 5 coordinates with atom types of N,C
atom 153 with type of Au found to have 2 coordinates with atom types of C
atom 37 with type of Sn found to have 5 coordinates with atom types of C,N
atom 70 with type of Sn found to have 5 coordinates with atom types of C,N
atom 136 with type of Sn found to have 5 coordinates with atom types of C,N
atom 41 with type of Au found to have 2 coordinates with atom types of C
atom 138 with type of Sn found to have 5 coordinates with atom types of C,N
atom 139 with type of Au found to have 2 coordinates with atom types of C
atom 19 with type of Au found to have 2 coordinates with atom types of C
atom 115 with type of Sn found to have 5 coordinates with atom types of N,C
atom 24 with type of Sn found to have 5 coordinates with atom types of C,N
atom 89 with type of Au found to have 2 coordinates with atom types of C
atom 26 with type of Au found to have 2 coordinates with atom types of C
atom 28 with type of Au found to have 2 coordinates with atom types of C
atom 30 with type of Au found to have 2 coordinates with atom types of C
POZKOF, (min_max_linker_length,max_min_linker_length): 1 , 1
Structure has extremely short ligands
Structure has extremely short ligands
