BELYUO found to be an interpenetrated structure
atom 68 with type of Mg found to have 6 coordinates with atom types of O
atom 69 with type of Mg found to have 6 coordinates with atom types of O
atom 21 with type of Mg found to have 6 coordinates with atom types of O
atom 116 with type of Mg found to have 6 coordinates with atom types of O
atom 122 with type of Mg found to have 6 coordinates with atom types of O
atom 15 with type of Mg found to have 6 coordinates with atom types of O
found ligand
found ligand
found ligand
found ligand
found ligand
found ligand
found ligand
found ligand
found ligand
found ligand
found ligand
found ligand
BELYUO, (min_max_linker_length,max_min_linker_length): 2 , 2

Structure has SHORT ligand

MOF SBU is a 1D rod
