atom 0 with type of Ni found to have 5 coordinates with atom types of O,N
atom 2 with type of V found to have 5 coordinates with atom types of O
atom 4 with type of V found to have 5 coordinates with atom types of O
atom 132 with type of Mo found to have 6 coordinates with atom types of O
atom 6 with type of Ni found to have 5 coordinates with atom types of O,N
atom 133 with type of Mo found to have 6 coordinates with atom types of O
atom 268 with type of Mo found to have 6 coordinates with atom types of O
atom 269 with type of Mo found to have 6 coordinates with atom types of O
atom 270 with type of V found to have 4 coordinates with atom types of O
atom 146 with type of Mo found to have 6 coordinates with atom types of O
atom 19 with type of Mo found to have 6 coordinates with atom types of O
atom 32 with type of Mo found to have 6 coordinates with atom types of O
atom 33 with type of Mo found to have 6 coordinates with atom types of O
atom 160 with type of V found to have 5 coordinates with atom types of O
atom 162 with type of Ni found to have 5 coordinates with atom types of O,N
atom 163 with type of Ni found to have 5 coordinates with atom types of O,N
atom 165 with type of V found to have 5 coordinates with atom types of O
atom 291 with type of Mo found to have 6 coordinates with atom types of O
atom 292 with type of Mo found to have 6 coordinates with atom types of O
atom 305 with type of Mo found to have 6 coordinates with atom types of O
atom 178 with type of Mo found to have 6 coordinates with atom types of O
atom 54 with type of V found to have 4 coordinates with atom types of O
atom 55 with type of Mo found to have 6 coordinates with atom types of O
atom 56 with type of Mo found to have 6 coordinates with atom types of O
atom 191 with type of Mo found to have 6 coordinates with atom types of O
atom 192 with type of Mo found to have 6 coordinates with atom types of O
atom 77 with type of Mo found to have 6 coordinates with atom types of O
atom 80 with type of V found to have 4 coordinates with atom types of O
atom 85 with type of V found to have 4 coordinates with atom types of O
atom 213 with type of V found to have 4 coordinates with atom types of O
atom 214 with type of Mo found to have 6 coordinates with atom types of O
atom 88 with type of Mo found to have 6 coordinates with atom types of O
atom 215 with type of Mo found to have 6 coordinates with atom types of O
atom 236 with type of Mo found to have 6 coordinates with atom types of O
atom 109 with type of Mo found to have 6 coordinates with atom types of O
atom 110 with type of Mo found to have 6 coordinates with atom types of O
atom 111 with type of V found to have 4 coordinates with atom types of O
atom 239 with type of V found to have 4 coordinates with atom types of O
atom 244 with type of V found to have 4 coordinates with atom types of O
atom 247 with type of Mo found to have 6 coordinates with atom types of O
UQEGII, (min_max_linker_length,max_min_linker_length): 2 , 5

Structure has SHORT ligand

