atom 162 with type of Sm found to have 7 coordinates with atom types of O,C
atom 35 with type of Cu found to have 4 coordinates with atom types of N,I
atom 36 with type of Cu found to have 4 coordinates with atom types of N,I
atom 58 with type of Cu found to have 3 coordinates with atom types of N,I
atom 122 with type of Cu found to have 4 coordinates with atom types of N,I
atom 154 with type of Cu found to have 3 coordinates with atom types of N,I
atom 163 with type of Sm found to have 7 coordinates with atom types of O,C
atom 91 with type of Cu found to have 4 coordinates with atom types of N,I
atom 123 with type of Cu found to have 4 coordinates with atom types of N,I
atom 155 with type of Cu found to have 3 coordinates with atom types of N,I
atom 177 with type of Cu found to have 4 coordinates with atom types of N,I
atom 50 with type of Sm found to have 7 coordinates with atom types of O,C
atom 51 with type of Sm found to have 7 coordinates with atom types of O,C
atom 178 with type of Cu found to have 4 coordinates with atom types of N,I
atom 55 with type of Cu found to have 4 coordinates with atom types of N,I
atom 90 with type of Cu found to have 4 coordinates with atom types of N,I
atom 59 with type of Cu found to have 3 coordinates with atom types of N,I
atom 158 with type of Cu found to have 4 coordinates with atom types of N,I
found ligand
found ligand
XOFTOC, (min_max_linker_length,max_min_linker_length): 5 , 2

Structure has LONG ligand

