atom 12 with type of Cu found to have 4 coordinates with atom types of Se,N
atom 13 with type of W found to have 4 coordinates with atom types of Se
atom 14 with type of Cu found to have 4 coordinates with atom types of Se,N
atom 15 with type of Cu found to have 4 coordinates with atom types of Se,C
atom 16 with type of Cu found to have 4 coordinates with atom types of Se,C
atom 17 with type of Cu found to have 4 coordinates with atom types of Se,N
atom 18 with type of W found to have 4 coordinates with atom types of Se
atom 19 with type of Cu found to have 4 coordinates with atom types of Se,N
atom 20 with type of Cu found to have 4 coordinates with atom types of Se,C
atom 21 with type of Cu found to have 4 coordinates with atom types of Se,C
atom 46 with type of Cu found to have 4 coordinates with atom types of Se,C
atom 47 with type of Cu found to have 4 coordinates with atom types of Se,C
atom 48 with type of Cu found to have 4 coordinates with atom types of Se,N
atom 49 with type of W found to have 4 coordinates with atom types of Se
atom 50 with type of Cu found to have 4 coordinates with atom types of Se,N
atom 51 with type of Cu found to have 4 coordinates with atom types of Se,C
atom 52 with type of Cu found to have 4 coordinates with atom types of Se,C
atom 53 with type of Cu found to have 4 coordinates with atom types of Se,N
atom 54 with type of W found to have 4 coordinates with atom types of Se
atom 55 with type of Cu found to have 4 coordinates with atom types of Se,N
atom 80 with type of Cu found to have 4 coordinates with atom types of Se,N
atom 81 with type of W found to have 4 coordinates with atom types of Se
atom 82 with type of Cu found to have 4 coordinates with atom types of Se,N
atom 83 with type of Cu found to have 4 coordinates with atom types of Se,C
atom 84 with type of Cu found to have 4 coordinates with atom types of Se,C
atom 85 with type of Cu found to have 4 coordinates with atom types of Se,N
atom 86 with type of W found to have 4 coordinates with atom types of Se
atom 87 with type of Cu found to have 4 coordinates with atom types of Se,N
atom 88 with type of Cu found to have 4 coordinates with atom types of Se,C
atom 89 with type of Cu found to have 4 coordinates with atom types of Se,C
atom 114 with type of Cu found to have 4 coordinates with atom types of Se,C
atom 115 with type of Cu found to have 4 coordinates with atom types of Se,C
atom 116 with type of Cu found to have 4 coordinates with atom types of Se,N
atom 117 with type of W found to have 4 coordinates with atom types of Se
atom 118 with type of Cu found to have 4 coordinates with atom types of Se,N
atom 119 with type of Cu found to have 4 coordinates with atom types of Se,C
atom 120 with type of Cu found to have 4 coordinates with atom types of Se,C
atom 121 with type of Cu found to have 4 coordinates with atom types of Se,N
atom 122 with type of W found to have 4 coordinates with atom types of Se
atom 123 with type of Cu found to have 4 coordinates with atom types of Se,N
LITHUR, (min_max_linker_length,max_min_linker_length): 1 , 1
Structure has extremely short ligands
Structure has extremely short ligands
