TIFBEP found to be an interpenetrated structure
atom 2 with type of Ag found to have 2 coordinates with atom types of O
atom 67 with type of Ag found to have 2 coordinates with atom types of O,N
atom 4 with type of Ag found to have 2 coordinates with atom types of O
atom 132 with type of Ag found to have 2 coordinates with atom types of O
atom 194 with type of Ag found to have 3 coordinates with atom types of C,O
atom 199 with type of Ag found to have 2 coordinates with atom types of C,O
atom 74 with type of Ag found to have 2 coordinates with atom types of O,C
atom 75 with type of Ag found to have 2 coordinates with atom types of N,O
atom 140 with type of Ag found to have 2 coordinates with atom types of O
atom 267 with type of Ag found to have 2 coordinates with atom types of O,C
atom 206 with type of Ag found to have 2 coordinates with atom types of O,C
atom 268 with type of Ag found to have 3 coordinates with atom types of C,O
atom 16 with type of Ag found to have 3 coordinates with atom types of O,C
atom 211 with type of Ag found to have 2 coordinates with atom types of N,O
atom 88 with type of Ag found to have 2 coordinates with atom types of N,O
atom 283 with type of Ag found to have 3 coordinates with atom types of O,C
atom 93 with type of Ag found to have 2 coordinates with atom types of O,C
atom 159 with type of Ag found to have 2 coordinates with atom types of O
atom 32 with type of Ag found to have 2 coordinates with atom types of O,C
atom 31 with type of Ag found to have 3 coordinates with atom types of O,C
atom 224 with type of Ag found to have 2 coordinates with atom types of O,N
atom 225 with type of Ag found to have 2 coordinates with atom types of O,C
atom 100 with type of Ag found to have 2 coordinates with atom types of O,C
atom 167 with type of Ag found to have 2 coordinates with atom types of O
atom 232 with type of Ag found to have 2 coordinates with atom types of O,N
atom 105 with type of Ag found to have 3 coordinates with atom types of O,C
atom 295 with type of Ag found to have 2 coordinates with atom types of O
atom 297 with type of Ag found to have 2 coordinates with atom types of O
atom 45 with type of Ag found to have 2 coordinates with atom types of O,N
atom 110 with type of Ag found to have 3 coordinates with atom types of O,C
atom 189 with type of Ag found to have 3 coordinates with atom types of C,O
atom 254 with type of Ag found to have 2 coordinates with atom types of N,O
found ligand
found ligand
found ligand
found ligand
found ligand
found ligand
found ligand
found ligand
found ligand
found ligand
found ligand
found ligand
TIFBEP, (min_max_linker_length,max_min_linker_length): 1 , 9
Structure has extremely short ligands
Structure has extremely short ligands
