HOMRAD found to be an interpenetrated structure
atom 193 with type of W found to have 7 coordinates with atom types of O
atom 66 with type of W found to have 7 coordinates with atom types of O
atom 257 with type of W found to have 7 coordinates with atom types of O
atom 4 with type of W found to have 7 coordinates with atom types of O
atom 137 with type of W found to have 7 coordinates with atom types of O
atom 75 with type of W found to have 7 coordinates with atom types of O
atom 207 with type of W found to have 7 coordinates with atom types of O
atom 145 with type of W found to have 7 coordinates with atom types of O
atom 278 with type of W found to have 7 coordinates with atom types of O
atom 216 with type of W found to have 7 coordinates with atom types of O
atom 89 with type of W found to have 7 coordinates with atom types of O
atom 25 with type of W found to have 7 coordinates with atom types of O
atom 92 with type of W found to have 7 coordinates with atom types of O
atom 28 with type of W found to have 7 coordinates with atom types of O
atom 94 with type of Cu found to have 5 coordinates with atom types of O,N
atom 166 with type of W found to have 7 coordinates with atom types of O
atom 230 with type of W found to have 7 coordinates with atom types of O
atom 169 with type of W found to have 7 coordinates with atom types of O
atom 233 with type of W found to have 7 coordinates with atom types of O
atom 235 with type of Cu found to have 5 coordinates with atom types of O,N
atom 47 with type of Cu found to have 5 coordinates with atom types of O,N
atom 49 with type of W found to have 7 coordinates with atom types of O
atom 113 with type of W found to have 7 coordinates with atom types of O
atom 52 with type of W found to have 7 coordinates with atom types of O
atom 116 with type of W found to have 7 coordinates with atom types of O
atom 254 with type of W found to have 7 coordinates with atom types of O
atom 188 with type of Cu found to have 5 coordinates with atom types of O,N
atom 190 with type of W found to have 7 coordinates with atom types of O
found ligand
found ligand
found ligand
found ligand
found ligand
found ligand
found ligand
found ligand
HOMRAD, (min_max_linker_length,max_min_linker_length): 2 , 7

Structure has SHORT ligand

