atom 32 with type of Cu found to have 4 coordinates with atom types of N,S
atom 33 with type of Cu found to have 4 coordinates with atom types of N,S
atom 2 with type of Mo found to have 3 coordinates with atom types of S
atom 3 with type of Mo found to have 3 coordinates with atom types of S
atom 224 with type of Cu found to have 4 coordinates with atom types of N,S
atom 225 with type of Cu found to have 4 coordinates with atom types of N,S
atom 236 with type of Mo found to have 3 coordinates with atom types of S
atom 237 with type of Mo found to have 3 coordinates with atom types of S
atom 14 with type of Cu found to have 4 coordinates with atom types of N,S
atom 15 with type of Cu found to have 4 coordinates with atom types of N,S
atom 176 with type of Cu found to have 4 coordinates with atom types of N,S
atom 177 with type of Cu found to have 4 coordinates with atom types of N,S
atom 206 with type of Cu found to have 4 coordinates with atom types of N,S
atom 207 with type of Cu found to have 4 coordinates with atom types of N,S
atom 62 with type of Cu found to have 4 coordinates with atom types of N,S
atom 63 with type of Cu found to have 4 coordinates with atom types of N,S
found ligand
found ligand
found ligand
found ligand
COYCEZ, (min_max_linker_length,max_min_linker_length): 7 , 7

Structure has LONG ligand

