atom 384 with type of Cu found to have 4 coordinates with atom types of O
atom 768 with type of Cu found to have 5 coordinates with atom types of O,N
atom 1231 with type of Cu found to have 4 coordinates with atom types of O
atom 1232 with type of Cu found to have 5 coordinates with atom types of O,N
atom 857 with type of Cu found to have 4 coordinates with atom types of O
atom 477 with type of Cu found to have 5 coordinates with atom types of O,N
atom 990 with type of Cu found to have 5 coordinates with atom types of O,N
atom 991 with type of Cu found to have 5 coordinates with atom types of O,N
atom 992 with type of Cu found to have 5 coordinates with atom types of O,N
atom 993 with type of Cu found to have 5 coordinates with atom types of O,N
atom 1254 with type of Cu found to have 5 coordinates with atom types of O,N
atom 168 with type of Cu found to have 4 coordinates with atom types of O
atom 169 with type of Cu found to have 4 coordinates with atom types of O
atom 170 with type of Cu found to have 4 coordinates with atom types of O
atom 171 with type of Cu found to have 4 coordinates with atom types of O
atom 1257 with type of Cu found to have 4 coordinates with atom types of O
atom 1070 with type of Cu found to have 4 coordinates with atom types of O
atom 1071 with type of Cu found to have 4 coordinates with atom types of O
atom 1072 with type of Cu found to have 4 coordinates with atom types of O
atom 1073 with type of Cu found to have 4 coordinates with atom types of O
atom 248 with type of Cu found to have 5 coordinates with atom types of O,N
atom 249 with type of Cu found to have 5 coordinates with atom types of O,N
atom 250 with type of Cu found to have 5 coordinates with atom types of O,N
atom 251 with type of Cu found to have 5 coordinates with atom types of O,N
found ligand
ELEREU, (min_max_linker_length,max_min_linker_length): 6 , 2

Structure has LONG ligand

