atom 318 with type of Cd found to have 6 coordinates with atom types of O
atom 324 with type of Cd found to have 6 coordinates with atom types of O,N
atom 133 with type of Cd found to have 6 coordinates with atom types of O,N
atom 198 with type of Cd found to have 6 coordinates with atom types of O,N
atom 7 with type of Cd found to have 6 coordinates with atom types of N,O
atom 13 with type of Cd found to have 6 coordinates with atom types of O
atom 205 with type of Cd found to have 6 coordinates with atom types of N,O
atom 271 with type of Cd found to have 6 coordinates with atom types of O,N
atom 152 with type of Cd found to have 6 coordinates with atom types of O
atom 158 with type of Cd found to have 6 coordinates with atom types of N,O
atom 32 with type of Cd found to have 6 coordinates with atom types of O,N
atom 226 with type of Cd found to have 6 coordinates with atom types of N,O
atom 292 with type of Cd found to have 6 coordinates with atom types of O,N
atom 39 with type of Cd found to have 6 coordinates with atom types of O,N
atom 105 with type of Cd found to have 6 coordinates with atom types of N,O
atom 299 with type of Cd found to have 6 coordinates with atom types of N,O
atom 173 with type of Cd found to have 6 coordinates with atom types of N,O
atom 179 with type of Cd found to have 6 coordinates with atom types of O
atom 60 with type of Cd found to have 6 coordinates with atom types of N,O
atom 126 with type of Cd found to have 6 coordinates with atom types of O,N
UFASAW, (min_max_linker_length,max_min_linker_length): 5 , 7

Structure has LONG ligand

MOF SBU is a 1D rod
