atom 0 with type of Cr found to have 5 coordinates with atom types of O
atom 1 with type of Cr found to have 5 coordinates with atom types of O
atom 2 with type of Cr found to have 6 coordinates with atom types of F,O
atom 3 with type of Cr found to have 5 coordinates with atom types of O
atom 4 with type of Cr found to have 6 coordinates with atom types of F,O
atom 5 with type of Cr found to have 5 coordinates with atom types of O
atom 6 with type of Cr found to have 5 coordinates with atom types of O
atom 7 with type of Cr found to have 6 coordinates with atom types of F,O
atom 8 with type of Cr found to have 5 coordinates with atom types of O
atom 9 with type of Cr found to have 6 coordinates with atom types of F,O
atom 10 with type of Cr found to have 6 coordinates with atom types of O
atom 11 with type of Cr found to have 6 coordinates with atom types of O
atom 12 with type of Cr found to have 6 coordinates with atom types of F,O
atom 13 with type of Cr found to have 5 coordinates with atom types of O
atom 14 with type of Cr found to have 5 coordinates with atom types of O
atom 15 with type of Cr found to have 5 coordinates with atom types of O
atom 16 with type of Cr found to have 5 coordinates with atom types of O
atom 17 with type of Cr found to have 5 coordinates with atom types of O
atom 18 with type of Cr found to have 6 coordinates with atom types of F,O
atom 19 with type of Cr found to have 6 coordinates with atom types of F,O
atom 20 with type of Cr found to have 6 coordinates with atom types of F,O
atom 21 with type of Cr found to have 5 coordinates with atom types of O
atom 22 with type of Cr found to have 5 coordinates with atom types of O
atom 23 with type of Cr found to have 5 coordinates with atom types of O
atom 24 with type of Cr found to have 6 coordinates with atom types of F,O
atom 25 with type of Cr found to have 5 coordinates with atom types of O
atom 26 with type of Cr found to have 6 coordinates with atom types of F,O
atom 27 with type of Cr found to have 5 coordinates with atom types of O
atom 28 with type of Cr found to have 5 coordinates with atom types of O
atom 29 with type of Cr found to have 5 coordinates with atom types of O
atom 30 with type of Cr found to have 5 coordinates with atom types of O
atom 31 with type of Cr found to have 5 coordinates with atom types of O
atom 32 with type of Cr found to have 6 coordinates with atom types of F,O
atom 33 with type of Cr found to have 5 coordinates with atom types of O
atom 34 with type of Cr found to have 5 coordinates with atom types of O
atom 35 with type of Cr found to have 6 coordinates with atom types of F,O
atom 36 with type of Cr found to have 6 coordinates with atom types of O
atom 37 with type of Cr found to have 6 coordinates with atom types of O
atom 38 with type of Cr found to have 6 coordinates with atom types of O
atom 39 with type of Cr found to have 5 coordinates with atom types of O
atom 40 with type of Cr found to have 6 coordinates with atom types of F,O
atom 41 with type of Cr found to have 5 coordinates with atom types of O
atom 42 with type of Cr found to have 6 coordinates with atom types of F,O
atom 43 with type of Cr found to have 5 coordinates with atom types of O
atom 44 with type of Cr found to have 5 coordinates with atom types of O
atom 45 with type of Cr found to have 6 coordinates with atom types of F,O
atom 46 with type of Cr found to have 5 coordinates with atom types of O
atom 47 with type of Cr found to have 6 coordinates with atom types of F,O
atom 48 with type of Cr found to have 5 coordinates with atom types of O
atom 49 with type of Cr found to have 6 coordinates with atom types of F,O
atom 50 with type of Cr found to have 5 coordinates with atom types of O
atom 51 with type of Cr found to have 6 coordinates with atom types of O
atom 52 with type of Cr found to have 6 coordinates with atom types of O
atom 53 with type of Cr found to have 7 coordinates with atom types of F,O
atom 54 with type of Cr found to have 7 coordinates with atom types of F,O
atom 55 with type of Cr found to have 6 coordinates with atom types of O
atom 56 with type of Cr found to have 6 coordinates with atom types of O
atom 57 with type of Cr found to have 5 coordinates with atom types of O
atom 58 with type of Cr found to have 6 coordinates with atom types of F,O
atom 59 with type of Cr found to have 8 coordinates with atom types of F,H,O
atom 60 with type of Cr found to have 7 coordinates with atom types of F,O
atom 61 with type of Cr found to have 6 coordinates with atom types of F,O
atom 62 with type of Cr found to have 6 coordinates with atom types of O
atom 63 with type of Cr found to have 5 coordinates with atom types of O
atom 64 with type of Cr found to have 6 coordinates with atom types of F,O
atom 65 with type of Cr found to have 5 coordinates with atom types of O
atom 66 with type of Cr found to have 6 coordinates with atom types of F,O
atom 67 with type of Cr found to have 6 coordinates with atom types of F,O
atom 68 with type of Cr found to have 5 coordinates with atom types of O
atom 69 with type of Cr found to have 5 coordinates with atom types of O
atom 70 with type of Cr found to have 5 coordinates with atom types of O
atom 71 with type of Cr found to have 6 coordinates with atom types of O
atom 72 with type of Cr found to have 6 coordinates with atom types of O
atom 73 with type of Cr found to have 5 coordinates with atom types of O
atom 74 with type of Cr found to have 6 coordinates with atom types of F,O
atom 75 with type of Cr found to have 6 coordinates with atom types of F,O
atom 76 with type of Cr found to have 5 coordinates with atom types of O
atom 77 with type of Cr found to have 5 coordinates with atom types of O
atom 78 with type of Cr found to have 5 coordinates with atom types of O
atom 79 with type of Cr found to have 5 coordinates with atom types of O
atom 80 with type of Cr found to have 5 coordinates with atom types of O
atom 81 with type of Cr found to have 5 coordinates with atom types of O
atom 82 with type of Cr found to have 5 coordinates with atom types of O
atom 83 with type of Cr found to have 5 coordinates with atom types of O
atom 84 with type of Cr found to have 5 coordinates with atom types of O
atom 85 with type of Cr found to have 5 coordinates with atom types of O
atom 86 with type of Cr found to have 6 coordinates with atom types of F,O
atom 87 with type of Cr found to have 5 coordinates with atom types of O
atom 88 with type of Cr found to have 5 coordinates with atom types of O
atom 89 with type of Cr found to have 5 coordinates with atom types of O
atom 90 with type of Cr found to have 6 coordinates with atom types of F,O
atom 91 with type of Cr found to have 6 coordinates with atom types of F,O
atom 92 with type of Cr found to have 5 coordinates with atom types of O
atom 93 with type of Cr found to have 5 coordinates with atom types of O
atom 94 with type of Cr found to have 6 coordinates with atom types of F,O
atom 95 with type of Cr found to have 5 coordinates with atom types of O
atom 96 with type of Cr found to have 5 coordinates with atom types of O
atom 97 with type of Cr found to have 5 coordinates with atom types of O
atom 98 with type of Cr found to have 6 coordinates with atom types of F,O
atom 99 with type of Cr found to have 5 coordinates with atom types of O
atom 100 with type of Cr found to have 5 coordinates with atom types of O
atom 101 with type of Cr found to have 5 coordinates with atom types of O
atom 102 with type of Cr found to have 5 coordinates with atom types of O
atom 103 with type of Cr found to have 5 coordinates with atom types of O
atom 104 with type of Cr found to have 5 coordinates with atom types of O
atom 105 with type of Cr found to have 5 coordinates with atom types of O
atom 106 with type of Cr found to have 6 coordinates with atom types of F,O
atom 107 with type of Cr found to have 5 coordinates with atom types of O
atom 108 with type of Cr found to have 6 coordinates with atom types of F,O
atom 109 with type of Cr found to have 6 coordinates with atom types of F,O
atom 110 with type of Cr found to have 6 coordinates with atom types of F,O
atom 111 with type of Cr found to have 6 coordinates with atom types of F,O
atom 112 with type of Cr found to have 5 coordinates with atom types of O
atom 113 with type of Cr found to have 5 coordinates with atom types of O
atom 114 with type of Cr found to have 6 coordinates with atom types of F,O
atom 115 with type of Cr found to have 5 coordinates with atom types of O
atom 116 with type of Cr found to have 5 coordinates with atom types of O
atom 117 with type of Cr found to have 6 coordinates with atom types of F,O
atom 118 with type of Cr found to have 5 coordinates with atom types of O
atom 119 with type of Cr found to have 5 coordinates with atom types of O
atom 120 with type of Cr found to have 5 coordinates with atom types of O
atom 121 with type of Cr found to have 6 coordinates with atom types of F,O
atom 122 with type of Cr found to have 6 coordinates with atom types of F,O
atom 123 with type of Cr found to have 5 coordinates with atom types of O
atom 124 with type of Cr found to have 6 coordinates with atom types of F,O
atom 125 with type of Cr found to have 5 coordinates with atom types of O
atom 126 with type of Cr found to have 6 coordinates with atom types of F,O
atom 127 with type of Cr found to have 5 coordinates with atom types of O
atom 128 with type of Cr found to have 5 coordinates with atom types of O
atom 129 with type of Cr found to have 6 coordinates with atom types of F,O
atom 130 with type of Cr found to have 5 coordinates with atom types of O
atom 131 with type of Cr found to have 5 coordinates with atom types of O
atom 132 with type of Cr found to have 5 coordinates with atom types of O
atom 133 with type of Cr found to have 5 coordinates with atom types of O
atom 134 with type of Cr found to have 6 coordinates with atom types of F,O
atom 135 with type of Cr found to have 5 coordinates with atom types of O
atom 136 with type of Cr found to have 5 coordinates with atom types of O
atom 137 with type of Cr found to have 6 coordinates with atom types of F,O
atom 138 with type of Cr found to have 6 coordinates with atom types of F,O
atom 139 with type of Cr found to have 5 coordinates with atom types of O
atom 140 with type of Cr found to have 5 coordinates with atom types of O
atom 141 with type of Cr found to have 5 coordinates with atom types of O
atom 142 with type of Cr found to have 5 coordinates with atom types of O
atom 143 with type of Cr found to have 5 coordinates with atom types of O
atom 144 with type of Cr found to have 5 coordinates with atom types of O
atom 145 with type of Cr found to have 6 coordinates with atom types of F,O
atom 146 with type of Cr found to have 5 coordinates with atom types of O
atom 147 with type of Cr found to have 5 coordinates with atom types of O
atom 148 with type of Cr found to have 5 coordinates with atom types of O
atom 149 with type of Cr found to have 5 coordinates with atom types of O
atom 150 with type of Cr found to have 6 coordinates with atom types of F,O
atom 151 with type of Cr found to have 5 coordinates with atom types of O
atom 152 with type of Cr found to have 5 coordinates with atom types of O
atom 153 with type of Cr found to have 6 coordinates with atom types of F,O
atom 154 with type of Cr found to have 6 coordinates with atom types of F,O
atom 155 with type of Cr found to have 5 coordinates with atom types of O
atom 156 with type of Cr found to have 5 coordinates with atom types of O
atom 157 with type of Cr found to have 5 coordinates with atom types of O
atom 158 with type of Cr found to have 6 coordinates with atom types of F,O
atom 159 with type of Cr found to have 5 coordinates with atom types of O
atom 160 with type of Cr found to have 6 coordinates with atom types of O
atom 161 with type of Cr found to have 5 coordinates with atom types of O
atom 162 with type of Cr found to have 6 coordinates with atom types of O
atom 163 with type of Cr found to have 7 coordinates with atom types of O
atom 164 with type of Cr found to have 6 coordinates with atom types of F,O
atom 165 with type of Cr found to have 6 coordinates with atom types of F,O
atom 166 with type of Cr found to have 5 coordinates with atom types of O
atom 167 with type of Cr found to have 5 coordinates with atom types of O
atom 168 with type of Cr found to have 6 coordinates with atom types of F,O
atom 169 with type of Cr found to have 5 coordinates with atom types of O
atom 170 with type of Cr found to have 6 coordinates with atom types of F,O
atom 171 with type of Cr found to have 6 coordinates with atom types of F,O
atom 172 with type of Cr found to have 5 coordinates with atom types of O
atom 173 with type of Cr found to have 6 coordinates with atom types of F,O
atom 174 with type of Cr found to have 5 coordinates with atom types of O
atom 175 with type of Cr found to have 5 coordinates with atom types of O
atom 176 with type of Cr found to have 5 coordinates with atom types of O
atom 177 with type of Cr found to have 6 coordinates with atom types of F,O
atom 178 with type of Cr found to have 5 coordinates with atom types of O
atom 179 with type of Cr found to have 5 coordinates with atom types of O
atom 180 with type of Cr found to have 6 coordinates with atom types of F,O
atom 181 with type of Cr found to have 5 coordinates with atom types of O
atom 182 with type of Cr found to have 6 coordinates with atom types of F,O
atom 183 with type of Cr found to have 5 coordinates with atom types of O
atom 184 with type of Cr found to have 5 coordinates with atom types of O
atom 185 with type of Cr found to have 5 coordinates with atom types of O
atom 186 with type of Cr found to have 6 coordinates with atom types of F,O
atom 187 with type of Cr found to have 6 coordinates with atom types of F,O
atom 188 with type of Cr found to have 5 coordinates with atom types of O
atom 189 with type of Cr found to have 6 coordinates with atom types of F,O
atom 190 with type of Cr found to have 5 coordinates with atom types of O
atom 191 with type of Cr found to have 5 coordinates with atom types of O
atom 192 with type of Cr found to have 5 coordinates with atom types of O
atom 193 with type of Cr found to have 5 coordinates with atom types of O
atom 194 with type of Cr found to have 5 coordinates with atom types of O
atom 195 with type of Cr found to have 5 coordinates with atom types of O
atom 196 with type of Cr found to have 5 coordinates with atom types of O
atom 197 with type of Cr found to have 5 coordinates with atom types of O
atom 198 with type of Cr found to have 6 coordinates with atom types of F,O
atom 199 with type of Cr found to have 5 coordinates with atom types of O
atom 200 with type of Cr found to have 6 coordinates with atom types of F,O
atom 201 with type of Cr found to have 6 coordinates with atom types of F,O
atom 202 with type of Cr found to have 5 coordinates with atom types of O
atom 203 with type of Cr found to have 5 coordinates with atom types of O
mil-101-so3h, (min_max_linker_length,max_min_linker_length): 7 , 2

Structure has LONG ligand

