OSIMOT found to be an interpenetrated structure
atom 99 with type of Mo found to have 10 coordinates with atom types of C,P,S
atom 292 with type of Mo found to have 10 coordinates with atom types of C,P,S
atom 168 with type of Mo found to have 10 coordinates with atom types of C,P,S
atom 174 with type of Mo found to have 10 coordinates with atom types of C,P,S
atom 47 with type of Mo found to have 7 coordinates with atom types of C,S
atom 81 with type of Mo found to have 7 coordinates with atom types of C,S
atom 51 with type of Mo found to have 10 coordinates with atom types of C,P,S
atom 340 with type of Mo found to have 10 coordinates with atom types of C,P,S
atom 310 with type of Mo found to have 7 coordinates with atom types of C,S
atom 344 with type of Mo found to have 7 coordinates with atom types of C,S
atom 217 with type of Mo found to have 10 coordinates with atom types of C,P,S
atom 223 with type of Mo found to have 10 coordinates with atom types of C,P,S
found ligand
found ligand
found ligand
found ligand
found ligand
found ligand
found ligand
found ligand
OSIMOT, (min_max_linker_length,max_min_linker_length): 1 , 1
Structure has extremely short ligands
Structure has extremely short ligands
