TIFCIU found to be an interpenetrated structure
atom 0 with type of Ag found to have 2 coordinates with atom types of O
atom 258 with type of Ag found to have 2 coordinates with atom types of C,O
atom 386 with type of Ag found to have 2 coordinates with atom types of O,N
atom 387 with type of Ag found to have 3 coordinates with atom types of C,O
atom 263 with type of Ag found to have 3 coordinates with atom types of C,O
atom 8 with type of Ag found to have 3 coordinates with atom types of O
atom 402 with type of Ag found to have 2 coordinates with atom types of O,N
atom 275 with type of Ag found to have 2 coordinates with atom types of O,N
atom 155 with type of Ag found to have 4 coordinates with atom types of C,O
atom 27 with type of Ag found to have 2 coordinates with atom types of O,N
atom 28 with type of Ag found to have 3 coordinates with atom types of O
atom 29 with type of Ag found to have 2 coordinates with atom types of O
atom 414 with type of Ag found to have 3 coordinates with atom types of C,O
atom 32 with type of Ag found to have 2 coordinates with atom types of C,O
atom 160 with type of Ag found to have 2 coordinates with atom types of O,N
atom 161 with type of Ag found to have 3 coordinates with atom types of C,O
atom 290 with type of Ag found to have 3 coordinates with atom types of C,O
atom 291 with type of Ag found to have 2 coordinates with atom types of O,N
atom 37 with type of Ag found to have 3 coordinates with atom types of C,O
atom 419 with type of Ag found to have 2 coordinates with atom types of C,O
atom 422 with type of Ag found to have 2 coordinates with atom types of O
atom 296 with type of Ag found to have 4 coordinates with atom types of C,O
atom 423 with type of Ag found to have 3 coordinates with atom types of O
atom 424 with type of Ag found to have 2 coordinates with atom types of O,N
atom 176 with type of Ag found to have 2 coordinates with atom types of O,N
atom 49 with type of Ag found to have 2 coordinates with atom types of O,N
atom 443 with type of Ag found to have 3 coordinates with atom types of O
atom 188 with type of Ag found to have 3 coordinates with atom types of C,O
atom 64 with type of Ag found to have 3 coordinates with atom types of C,O
atom 65 with type of Ag found to have 2 coordinates with atom types of O,N
atom 193 with type of Ag found to have 2 coordinates with atom types of C,O
atom 451 with type of Ag found to have 2 coordinates with atom types of O
atom 196 with type of Ag found to have 2 coordinates with atom types of O
atom 197 with type of Ag found to have 3 coordinates with atom types of O
atom 70 with type of Ag found to have 4 coordinates with atom types of C,O
atom 198 with type of Ag found to have 2 coordinates with atom types of O,N
atom 217 with type of Ag found to have 3 coordinates with atom types of O
atom 225 with type of Ag found to have 2 coordinates with atom types of O
atom 226 with type of Ag found to have 2 coordinates with atom types of O
atom 234 with type of Ag found to have 3 coordinates with atom types of O
atom 253 with type of Ag found to have 2 coordinates with atom types of O,N
atom 381 with type of Ag found to have 4 coordinates with atom types of C,O
atom 254 with type of Ag found to have 3 coordinates with atom types of O
atom 255 with type of Ag found to have 2 coordinates with atom types of O
found ligand
found ligand
found ligand
found ligand
found ligand
found ligand
found ligand
found ligand
found ligand
found ligand
found ligand
found ligand
TIFCIU, (min_max_linker_length,max_min_linker_length): 1 , 2
Structure has extremely short ligands
Structure has extremely short ligands
