FIVZAM found to be an interpenetrated structure
atom 288 with type of Sn found to have 6 coordinates with atom types of N,O,C
atom 210 with type of Sn found to have 6 coordinates with atom types of N,O,C
atom 101 with type of Sn found to have 6 coordinates with atom types of N,O,C
atom 23 with type of Sn found to have 6 coordinates with atom types of N,O,C
atom 73 with type of Sn found to have 6 coordinates with atom types of N,O,C
atom 238 with type of Sn found to have 6 coordinates with atom types of N,O,C
found ligand
found ligand
found ligand
found ligand
found ligand
found ligand
found ligand
found ligand
found ligand
found ligand
found ligand
found ligand
found ligand
found ligand
found ligand
found ligand
found ligand
found ligand
FIVZAM, (min_max_linker_length,max_min_linker_length): 7 , 3

Structure has LONG ligand

