atom 7 with type of Er found to have 8 coordinates with atom types of N,O
atom 135 with type of Cu found to have 3 coordinates with atom types of N,I
atom 75 with type of Cu found to have 3 coordinates with atom types of N,I
atom 77 with type of Cu found to have 4 coordinates with atom types of N,I
atom 144 with type of Er found to have 7 coordinates with atom types of O
atom 83 with type of Er found to have 8 coordinates with atom types of O
atom 21 with type of Cu found to have 4 coordinates with atom types of N,I
atom 23 with type of Cu found to have 3 coordinates with atom types of N,I
atom 25 with type of Er found to have 8 coordinates with atom types of O
atom 91 with type of Cu found to have 4 coordinates with atom types of N,I
atom 156 with type of Cu found to have 4 coordinates with atom types of N,I
atom 222 with type of Er found to have 8 coordinates with atom types of O
atom 224 with type of Cu found to have 3 coordinates with atom types of N,I
atom 226 with type of Cu found to have 4 coordinates with atom types of N,I
atom 164 with type of Er found to have 8 coordinates with atom types of O
atom 103 with type of Er found to have 7 coordinates with atom types of O
atom 170 with type of Cu found to have 4 coordinates with atom types of N,I
atom 172 with type of Cu found to have 3 coordinates with atom types of N,I
atom 112 with type of Cu found to have 3 coordinates with atom types of N,I
atom 240 with type of Er found to have 8 coordinates with atom types of N,O
XOFTES, (min_max_linker_length,max_min_linker_length): 4 , 5

Structure has LONG ligand

MOF SBU is a 1D rod
