atom 162 with type of Ce found to have 7 coordinates with atom types of O,C
atom 35 with type of Cu found to have 4 coordinates with atom types of I,N
atom 36 with type of Cu found to have 4 coordinates with atom types of I,N
atom 58 with type of Cu found to have 3 coordinates with atom types of I,N
atom 122 with type of Cu found to have 4 coordinates with atom types of I,N
atom 154 with type of Cu found to have 3 coordinates with atom types of I,N
atom 163 with type of Ce found to have 7 coordinates with atom types of O,C
atom 91 with type of Cu found to have 4 coordinates with atom types of I,N
atom 123 with type of Cu found to have 4 coordinates with atom types of I,N
atom 155 with type of Cu found to have 3 coordinates with atom types of I,N
atom 177 with type of Cu found to have 4 coordinates with atom types of I,N
atom 50 with type of Ce found to have 7 coordinates with atom types of O,C
atom 51 with type of Ce found to have 7 coordinates with atom types of O,C
atom 178 with type of Cu found to have 4 coordinates with atom types of I,N
atom 54 with type of Cu found to have 4 coordinates with atom types of I,N
atom 90 with type of Cu found to have 4 coordinates with atom types of I,N
atom 59 with type of Cu found to have 3 coordinates with atom types of I,N
atom 159 with type of Cu found to have 4 coordinates with atom types of I,N
found ligand
found ligand
XOFTIW, (min_max_linker_length,max_min_linker_length): 5 , 2

Structure has LONG ligand

