atom 0 with type of Nb found to have 8 coordinates with atom types of C
atom 1 with type of Nb found to have 8 coordinates with atom types of C
atom 69 with type of Zn found to have 2 coordinates with atom types of N
atom 38 with type of Nb found to have 8 coordinates with atom types of C
atom 39 with type of Nb found to have 8 coordinates with atom types of C
atom 8 with type of Zn found to have 2 coordinates with atom types of N
atom 46 with type of Zn found to have 2 coordinates with atom types of N
atom 19 with type of Zn found to have 2 coordinates with atom types of N
atom 20 with type of Zn found to have 2 coordinates with atom types of N
atom 57 with type of Zn found to have 2 coordinates with atom types of N
atom 58 with type of Zn found to have 2 coordinates with atom types of N
atom 31 with type of Zn found to have 2 coordinates with atom types of N
found ligand
found ligand
found ligand
found ligand
found ligand
found ligand
found ligand
found ligand
found ligand
found ligand
found ligand
found ligand
found ligand
found ligand
found ligand
found ligand
EPONAA, (min_max_linker_length,max_min_linker_length): 1 , 1
Structure has extremely short ligands
Structure has extremely short ligands
