atom 0 with type of Zn found to have 4 coordinates with atom types of N
atom 34 with type of Fe found to have 6 coordinates with atom types of C
atom 3 with type of Zn found to have 5 coordinates with atom types of N
atom 39 with type of Zn found to have 5 coordinates with atom types of N
atom 8 with type of Fe found to have 6 coordinates with atom types of C
atom 13 with type of Fe found to have 6 coordinates with atom types of C
atom 18 with type of Zn found to have 5 coordinates with atom types of N
atom 21 with type of Zn found to have 4 coordinates with atom types of N
atom 24 with type of Zn found to have 5 coordinates with atom types of N
atom 29 with type of Fe found to have 6 coordinates with atom types of C
found ligand
found ligand
found ligand
found ligand
found ligand
found ligand
found ligand
found ligand
BIQHEQ, (min_max_linker_length,max_min_linker_length): 1 , 7
Structure has extremely short ligands
Structure has extremely short ligands
