OHUMEL found to be an interpenetrated structure
atom 1028 with type of Mo found to have 4 coordinates with atom types of O
atom 1029 with type of Mo found to have 4 coordinates with atom types of O
atom 1030 with type of Mo found to have 4 coordinates with atom types of O
atom 1031 with type of Mo found to have 4 coordinates with atom types of O
atom 8 with type of Mo found to have 4 coordinates with atom types of O
atom 9 with type of Mo found to have 4 coordinates with atom types of O
atom 10 with type of Mo found to have 4 coordinates with atom types of O
atom 11 with type of Mo found to have 4 coordinates with atom types of O
atom 2052 with type of Mo found to have 4 coordinates with atom types of O
atom 2053 with type of Mo found to have 4 coordinates with atom types of O
atom 2054 with type of Mo found to have 4 coordinates with atom types of O
atom 2055 with type of Mo found to have 4 coordinates with atom types of O
atom 1040 with type of Mo found to have 4 coordinates with atom types of O
atom 1041 with type of Mo found to have 4 coordinates with atom types of O
atom 1042 with type of Mo found to have 4 coordinates with atom types of O
atom 1043 with type of Mo found to have 4 coordinates with atom types of O
atom 1044 with type of Zn found to have 4 coordinates with atom types of O
atom 1045 with type of Zn found to have 4 coordinates with atom types of O
atom 1046 with type of Zn found to have 4 coordinates with atom types of O
atom 1047 with type of Zn found to have 4 coordinates with atom types of O
atom 24 with type of Zn found to have 4 coordinates with atom types of O
atom 25 with type of Zn found to have 4 coordinates with atom types of O
atom 26 with type of Zn found to have 4 coordinates with atom types of O
atom 27 with type of Zn found to have 4 coordinates with atom types of O
atom 2072 with type of Zn found to have 4 coordinates with atom types of O
atom 2073 with type of Zn found to have 4 coordinates with atom types of O
atom 2074 with type of Zn found to have 4 coordinates with atom types of O
atom 2075 with type of Zn found to have 4 coordinates with atom types of O
atom 2076 with type of Mo found to have 4 coordinates with atom types of O
atom 2077 with type of Mo found to have 4 coordinates with atom types of O
atom 2078 with type of Mo found to have 4 coordinates with atom types of O
atom 2079 with type of Mo found to have 4 coordinates with atom types of O
atom 1064 with type of Mo found to have 4 coordinates with atom types of O
atom 1065 with type of Mo found to have 4 coordinates with atom types of O
atom 1066 with type of Mo found to have 4 coordinates with atom types of O
atom 1067 with type of Mo found to have 4 coordinates with atom types of O
atom 2088 with type of Mo found to have 4 coordinates with atom types of O
atom 2089 with type of Mo found to have 4 coordinates with atom types of O
atom 2090 with type of Mo found to have 4 coordinates with atom types of O
atom 2091 with type of Mo found to have 4 coordinates with atom types of O
atom 2112 with type of Zn found to have 4 coordinates with atom types of O
atom 2113 with type of Zn found to have 4 coordinates with atom types of O
atom 2114 with type of Zn found to have 4 coordinates with atom types of O
atom 2115 with type of Zn found to have 4 coordinates with atom types of O
atom 1100 with type of Mo found to have 4 coordinates with atom types of O
atom 1101 with type of Mo found to have 4 coordinates with atom types of O
atom 1102 with type of Mo found to have 4 coordinates with atom types of O
atom 1103 with type of Mo found to have 4 coordinates with atom types of O
atom 1112 with type of Mo found to have 4 coordinates with atom types of O
atom 1113 with type of Mo found to have 4 coordinates with atom types of O
atom 1114 with type of Mo found to have 4 coordinates with atom types of O
atom 1115 with type of Mo found to have 4 coordinates with atom types of O
atom 1120 with type of Mo found to have 4 coordinates with atom types of O
atom 1121 with type of Mo found to have 4 coordinates with atom types of O
atom 1122 with type of Mo found to have 4 coordinates with atom types of O
atom 1123 with type of Mo found to have 4 coordinates with atom types of O
atom 2152 with type of Mo found to have 4 coordinates with atom types of O
atom 2153 with type of Mo found to have 4 coordinates with atom types of O
atom 2154 with type of Mo found to have 4 coordinates with atom types of O
atom 2155 with type of Mo found to have 4 coordinates with atom types of O
atom 2156 with type of Mo found to have 4 coordinates with atom types of O
atom 2157 with type of Mo found to have 4 coordinates with atom types of O
atom 2158 with type of Mo found to have 4 coordinates with atom types of O
atom 2159 with type of Mo found to have 4 coordinates with atom types of O
atom 124 with type of Mo found to have 4 coordinates with atom types of O
atom 125 with type of Mo found to have 4 coordinates with atom types of O
atom 126 with type of Mo found to have 4 coordinates with atom types of O
atom 127 with type of Mo found to have 4 coordinates with atom types of O
atom 2468 with type of Zn found to have 4 coordinates with atom types of O
atom 132 with type of Mo found to have 4 coordinates with atom types of O
atom 133 with type of Mo found to have 4 coordinates with atom types of O
atom 134 with type of Mo found to have 4 coordinates with atom types of O
atom 135 with type of Mo found to have 4 coordinates with atom types of O
atom 2469 with type of Zn found to have 4 coordinates with atom types of O
atom 2470 with type of Zn found to have 4 coordinates with atom types of O
atom 144 with type of Mo found to have 4 coordinates with atom types of O
atom 145 with type of Mo found to have 4 coordinates with atom types of O
atom 146 with type of Mo found to have 4 coordinates with atom types of O
atom 147 with type of Mo found to have 4 coordinates with atom types of O
atom 2208 with type of Mo found to have 4 coordinates with atom types of O
atom 2209 with type of Mo found to have 4 coordinates with atom types of O
atom 2210 with type of Mo found to have 4 coordinates with atom types of O
atom 2211 with type of Mo found to have 4 coordinates with atom types of O
atom 2212 with type of Mo found to have 4 coordinates with atom types of O
atom 2213 with type of Mo found to have 4 coordinates with atom types of O
atom 2214 with type of Mo found to have 4 coordinates with atom types of O
atom 2215 with type of Mo found to have 4 coordinates with atom types of O
atom 180 with type of Mo found to have 4 coordinates with atom types of O
atom 181 with type of Mo found to have 4 coordinates with atom types of O
atom 182 with type of Mo found to have 4 coordinates with atom types of O
atom 183 with type of Mo found to have 4 coordinates with atom types of O
atom 1220 with type of Zn found to have 4 coordinates with atom types of O
atom 1221 with type of Zn found to have 4 coordinates with atom types of O
atom 1222 with type of Zn found to have 4 coordinates with atom types of O
atom 1223 with type of Zn found to have 4 coordinates with atom types of O
atom 200 with type of Zn found to have 4 coordinates with atom types of O
atom 201 with type of Zn found to have 4 coordinates with atom types of O
atom 202 with type of Zn found to have 4 coordinates with atom types of O
atom 203 with type of Zn found to have 4 coordinates with atom types of O
atom 204 with type of Mo found to have 4 coordinates with atom types of O
atom 205 with type of Mo found to have 4 coordinates with atom types of O
atom 206 with type of Mo found to have 4 coordinates with atom types of O
atom 207 with type of Mo found to have 4 coordinates with atom types of O
atom 2252 with type of Zn found to have 4 coordinates with atom types of O
atom 2253 with type of Zn found to have 4 coordinates with atom types of O
atom 2254 with type of Zn found to have 4 coordinates with atom types of O
atom 2255 with type of Zn found to have 4 coordinates with atom types of O
atom 1236 with type of Mo found to have 4 coordinates with atom types of O
atom 1237 with type of Mo found to have 4 coordinates with atom types of O
atom 1238 with type of Mo found to have 4 coordinates with atom types of O
atom 1239 with type of Mo found to have 4 coordinates with atom types of O
atom 216 with type of Mo found to have 4 coordinates with atom types of O
atom 217 with type of Mo found to have 4 coordinates with atom types of O
atom 218 with type of Mo found to have 4 coordinates with atom types of O
atom 219 with type of Mo found to have 4 coordinates with atom types of O
atom 2276 with type of Mo found to have 4 coordinates with atom types of O
atom 2277 with type of Mo found to have 4 coordinates with atom types of O
atom 2278 with type of Mo found to have 4 coordinates with atom types of O
atom 2279 with type of Mo found to have 4 coordinates with atom types of O
atom 1256 with type of Mo found to have 4 coordinates with atom types of O
atom 1257 with type of Mo found to have 4 coordinates with atom types of O
atom 1258 with type of Mo found to have 4 coordinates with atom types of O
atom 1259 with type of Mo found to have 4 coordinates with atom types of O
atom 240 with type of Zn found to have 4 coordinates with atom types of O
atom 241 with type of Zn found to have 4 coordinates with atom types of O
atom 242 with type of Zn found to have 4 coordinates with atom types of O
atom 243 with type of Zn found to have 4 coordinates with atom types of O
atom 2288 with type of Mo found to have 4 coordinates with atom types of O
atom 2289 with type of Mo found to have 4 coordinates with atom types of O
atom 2290 with type of Mo found to have 4 coordinates with atom types of O
atom 2291 with type of Mo found to have 4 coordinates with atom types of O
atom 1272 with type of Zn found to have 4 coordinates with atom types of O
atom 1273 with type of Zn found to have 4 coordinates with atom types of O
atom 1274 with type of Zn found to have 4 coordinates with atom types of O
atom 1275 with type of Zn found to have 4 coordinates with atom types of O
atom 2292 with type of Zn found to have 4 coordinates with atom types of O
atom 2293 with type of Zn found to have 4 coordinates with atom types of O
atom 2294 with type of Zn found to have 4 coordinates with atom types of O
atom 2295 with type of Zn found to have 4 coordinates with atom types of O
atom 2312 with type of Mo found to have 4 coordinates with atom types of O
atom 2313 with type of Mo found to have 4 coordinates with atom types of O
atom 2314 with type of Mo found to have 4 coordinates with atom types of O
atom 2315 with type of Mo found to have 4 coordinates with atom types of O
atom 280 with type of Mo found to have 4 coordinates with atom types of O
atom 281 with type of Mo found to have 4 coordinates with atom types of O
atom 282 with type of Mo found to have 4 coordinates with atom types of O
atom 283 with type of Mo found to have 4 coordinates with atom types of O
atom 284 with type of Mo found to have 4 coordinates with atom types of O
atom 285 with type of Mo found to have 4 coordinates with atom types of O
atom 286 with type of Mo found to have 4 coordinates with atom types of O
atom 287 with type of Mo found to have 4 coordinates with atom types of O
atom 2348 with type of Mo found to have 4 coordinates with atom types of O
atom 2349 with type of Mo found to have 4 coordinates with atom types of O
atom 2350 with type of Mo found to have 4 coordinates with atom types of O
atom 2351 with type of Mo found to have 4 coordinates with atom types of O
atom 2360 with type of Mo found to have 4 coordinates with atom types of O
atom 2361 with type of Mo found to have 4 coordinates with atom types of O
atom 2362 with type of Mo found to have 4 coordinates with atom types of O
atom 2363 with type of Mo found to have 4 coordinates with atom types of O
atom 2368 with type of Mo found to have 4 coordinates with atom types of O
atom 2369 with type of Mo found to have 4 coordinates with atom types of O
atom 2370 with type of Mo found to have 4 coordinates with atom types of O
atom 2371 with type of Mo found to have 4 coordinates with atom types of O
atom 336 with type of Mo found to have 4 coordinates with atom types of O
atom 337 with type of Mo found to have 4 coordinates with atom types of O
atom 338 with type of Mo found to have 4 coordinates with atom types of O
atom 339 with type of Mo found to have 4 coordinates with atom types of O
atom 340 with type of Mo found to have 4 coordinates with atom types of O
atom 341 with type of Mo found to have 4 coordinates with atom types of O
atom 342 with type of Mo found to have 4 coordinates with atom types of O
atom 343 with type of Mo found to have 4 coordinates with atom types of O
atom 1372 with type of Mo found to have 4 coordinates with atom types of O
atom 1373 with type of Mo found to have 4 coordinates with atom types of O
atom 1374 with type of Mo found to have 4 coordinates with atom types of O
atom 1375 with type of Mo found to have 4 coordinates with atom types of O
atom 1380 with type of Mo found to have 4 coordinates with atom types of O
atom 1381 with type of Mo found to have 4 coordinates with atom types of O
atom 1382 with type of Mo found to have 4 coordinates with atom types of O
atom 1383 with type of Mo found to have 4 coordinates with atom types of O
atom 1392 with type of Mo found to have 4 coordinates with atom types of O
atom 1393 with type of Mo found to have 4 coordinates with atom types of O
atom 1394 with type of Mo found to have 4 coordinates with atom types of O
atom 1395 with type of Mo found to have 4 coordinates with atom types of O
atom 380 with type of Zn found to have 4 coordinates with atom types of O
atom 381 with type of Zn found to have 4 coordinates with atom types of O
atom 382 with type of Zn found to have 4 coordinates with atom types of O
atom 383 with type of Zn found to have 4 coordinates with atom types of O
atom 404 with type of Mo found to have 4 coordinates with atom types of O
atom 405 with type of Mo found to have 4 coordinates with atom types of O
atom 406 with type of Mo found to have 4 coordinates with atom types of O
atom 407 with type of Mo found to have 4 coordinates with atom types of O
atom 1428 with type of Mo found to have 4 coordinates with atom types of O
atom 1429 with type of Mo found to have 4 coordinates with atom types of O
atom 1430 with type of Mo found to have 4 coordinates with atom types of O
atom 1431 with type of Mo found to have 4 coordinates with atom types of O
atom 416 with type of Mo found to have 4 coordinates with atom types of O
atom 417 with type of Mo found to have 4 coordinates with atom types of O
atom 418 with type of Mo found to have 4 coordinates with atom types of O
atom 419 with type of Mo found to have 4 coordinates with atom types of O
atom 420 with type of Zn found to have 4 coordinates with atom types of O
atom 421 with type of Zn found to have 4 coordinates with atom types of O
atom 422 with type of Zn found to have 4 coordinates with atom types of O
atom 423 with type of Zn found to have 4 coordinates with atom types of O
atom 1448 with type of Zn found to have 4 coordinates with atom types of O
atom 1449 with type of Zn found to have 4 coordinates with atom types of O
atom 1450 with type of Zn found to have 4 coordinates with atom types of O
atom 1451 with type of Zn found to have 4 coordinates with atom types of O
atom 1452 with type of Mo found to have 4 coordinates with atom types of O
atom 1453 with type of Mo found to have 4 coordinates with atom types of O
atom 1454 with type of Mo found to have 4 coordinates with atom types of O
atom 1455 with type of Mo found to have 4 coordinates with atom types of O
atom 2471 with type of Zn found to have 4 coordinates with atom types of O
atom 2484 with type of Mo found to have 4 coordinates with atom types of O
atom 2485 with type of Mo found to have 4 coordinates with atom types of O
atom 2486 with type of Mo found to have 4 coordinates with atom types of O
atom 2487 with type of Mo found to have 4 coordinates with atom types of O
atom 440 with type of Mo found to have 4 coordinates with atom types of O
atom 441 with type of Mo found to have 4 coordinates with atom types of O
atom 442 with type of Mo found to have 4 coordinates with atom types of O
atom 443 with type of Mo found to have 4 coordinates with atom types of O
atom 1464 with type of Mo found to have 4 coordinates with atom types of O
atom 1465 with type of Mo found to have 4 coordinates with atom types of O
atom 1466 with type of Mo found to have 4 coordinates with atom types of O
atom 1467 with type of Mo found to have 4 coordinates with atom types of O
atom 1488 with type of Zn found to have 4 coordinates with atom types of O
atom 1489 with type of Zn found to have 4 coordinates with atom types of O
atom 1490 with type of Zn found to have 4 coordinates with atom types of O
atom 1491 with type of Zn found to have 4 coordinates with atom types of O
atom 476 with type of Mo found to have 4 coordinates with atom types of O
atom 477 with type of Mo found to have 4 coordinates with atom types of O
atom 478 with type of Mo found to have 4 coordinates with atom types of O
atom 479 with type of Mo found to have 4 coordinates with atom types of O
atom 488 with type of Mo found to have 4 coordinates with atom types of O
atom 489 with type of Mo found to have 4 coordinates with atom types of O
atom 490 with type of Mo found to have 4 coordinates with atom types of O
atom 491 with type of Mo found to have 4 coordinates with atom types of O
atom 496 with type of Mo found to have 4 coordinates with atom types of O
atom 497 with type of Mo found to have 4 coordinates with atom types of O
atom 498 with type of Mo found to have 4 coordinates with atom types of O
atom 499 with type of Mo found to have 4 coordinates with atom types of O
atom 1528 with type of Mo found to have 4 coordinates with atom types of O
atom 1529 with type of Mo found to have 4 coordinates with atom types of O
atom 1530 with type of Mo found to have 4 coordinates with atom types of O
atom 1531 with type of Mo found to have 4 coordinates with atom types of O
atom 1532 with type of Mo found to have 4 coordinates with atom types of O
atom 1533 with type of Mo found to have 4 coordinates with atom types of O
atom 1534 with type of Mo found to have 4 coordinates with atom types of O
atom 1535 with type of Mo found to have 4 coordinates with atom types of O
atom 1584 with type of Mo found to have 4 coordinates with atom types of O
atom 1585 with type of Mo found to have 4 coordinates with atom types of O
atom 1586 with type of Mo found to have 4 coordinates with atom types of O
atom 1587 with type of Mo found to have 4 coordinates with atom types of O
atom 1588 with type of Mo found to have 4 coordinates with atom types of O
atom 1589 with type of Mo found to have 4 coordinates with atom types of O
atom 1590 with type of Mo found to have 4 coordinates with atom types of O
atom 1591 with type of Mo found to have 4 coordinates with atom types of O
atom 596 with type of Zn found to have 4 coordinates with atom types of O
atom 597 with type of Zn found to have 4 coordinates with atom types of O
atom 598 with type of Zn found to have 4 coordinates with atom types of O
atom 599 with type of Zn found to have 4 coordinates with atom types of O
atom 1628 with type of Zn found to have 4 coordinates with atom types of O
atom 1629 with type of Zn found to have 4 coordinates with atom types of O
atom 1630 with type of Zn found to have 4 coordinates with atom types of O
atom 1631 with type of Zn found to have 4 coordinates with atom types of O
atom 612 with type of Mo found to have 4 coordinates with atom types of O
atom 613 with type of Mo found to have 4 coordinates with atom types of O
atom 614 with type of Mo found to have 4 coordinates with atom types of O
atom 615 with type of Mo found to have 4 coordinates with atom types of O
atom 1652 with type of Mo found to have 4 coordinates with atom types of O
atom 1653 with type of Mo found to have 4 coordinates with atom types of O
atom 1654 with type of Mo found to have 4 coordinates with atom types of O
atom 1655 with type of Mo found to have 4 coordinates with atom types of O
atom 632 with type of Mo found to have 4 coordinates with atom types of O
atom 633 with type of Mo found to have 4 coordinates with atom types of O
atom 634 with type of Mo found to have 4 coordinates with atom types of O
atom 635 with type of Mo found to have 4 coordinates with atom types of O
atom 1664 with type of Mo found to have 4 coordinates with atom types of O
atom 1665 with type of Mo found to have 4 coordinates with atom types of O
atom 1666 with type of Mo found to have 4 coordinates with atom types of O
atom 1667 with type of Mo found to have 4 coordinates with atom types of O
atom 1668 with type of Zn found to have 4 coordinates with atom types of O
atom 1669 with type of Zn found to have 4 coordinates with atom types of O
atom 1670 with type of Zn found to have 4 coordinates with atom types of O
atom 1671 with type of Zn found to have 4 coordinates with atom types of O
atom 648 with type of Zn found to have 4 coordinates with atom types of O
atom 649 with type of Zn found to have 4 coordinates with atom types of O
atom 650 with type of Zn found to have 4 coordinates with atom types of O
atom 651 with type of Zn found to have 4 coordinates with atom types of O
atom 1688 with type of Mo found to have 4 coordinates with atom types of O
atom 1689 with type of Mo found to have 4 coordinates with atom types of O
atom 1690 with type of Mo found to have 4 coordinates with atom types of O
atom 1691 with type of Mo found to have 4 coordinates with atom types of O
atom 1724 with type of Mo found to have 4 coordinates with atom types of O
atom 1725 with type of Mo found to have 4 coordinates with atom types of O
atom 1726 with type of Mo found to have 4 coordinates with atom types of O
atom 1727 with type of Mo found to have 4 coordinates with atom types of O
atom 1736 with type of Mo found to have 4 coordinates with atom types of O
atom 1737 with type of Mo found to have 4 coordinates with atom types of O
atom 1738 with type of Mo found to have 4 coordinates with atom types of O
atom 1739 with type of Mo found to have 4 coordinates with atom types of O
atom 1744 with type of Mo found to have 4 coordinates with atom types of O
atom 1745 with type of Mo found to have 4 coordinates with atom types of O
atom 1746 with type of Mo found to have 4 coordinates with atom types of O
atom 1747 with type of Mo found to have 4 coordinates with atom types of O
atom 748 with type of Mo found to have 4 coordinates with atom types of O
atom 749 with type of Mo found to have 4 coordinates with atom types of O
atom 750 with type of Mo found to have 4 coordinates with atom types of O
atom 751 with type of Mo found to have 4 coordinates with atom types of O
atom 756 with type of Mo found to have 4 coordinates with atom types of O
atom 757 with type of Mo found to have 4 coordinates with atom types of O
atom 758 with type of Mo found to have 4 coordinates with atom types of O
atom 759 with type of Mo found to have 4 coordinates with atom types of O
atom 768 with type of Mo found to have 4 coordinates with atom types of O
atom 769 with type of Mo found to have 4 coordinates with atom types of O
atom 770 with type of Mo found to have 4 coordinates with atom types of O
atom 771 with type of Mo found to have 4 coordinates with atom types of O
atom 804 with type of Mo found to have 4 coordinates with atom types of O
atom 805 with type of Mo found to have 4 coordinates with atom types of O
atom 806 with type of Mo found to have 4 coordinates with atom types of O
atom 807 with type of Mo found to have 4 coordinates with atom types of O
atom 1844 with type of Zn found to have 4 coordinates with atom types of O
atom 1845 with type of Zn found to have 4 coordinates with atom types of O
atom 1846 with type of Zn found to have 4 coordinates with atom types of O
atom 1847 with type of Zn found to have 4 coordinates with atom types of O
atom 824 with type of Zn found to have 4 coordinates with atom types of O
atom 825 with type of Zn found to have 4 coordinates with atom types of O
atom 826 with type of Zn found to have 4 coordinates with atom types of O
atom 827 with type of Zn found to have 4 coordinates with atom types of O
atom 828 with type of Mo found to have 4 coordinates with atom types of O
atom 829 with type of Mo found to have 4 coordinates with atom types of O
atom 830 with type of Mo found to have 4 coordinates with atom types of O
atom 831 with type of Mo found to have 4 coordinates with atom types of O
atom 1860 with type of Mo found to have 4 coordinates with atom types of O
atom 1861 with type of Mo found to have 4 coordinates with atom types of O
atom 1862 with type of Mo found to have 4 coordinates with atom types of O
atom 1863 with type of Mo found to have 4 coordinates with atom types of O
atom 840 with type of Mo found to have 4 coordinates with atom types of O
atom 841 with type of Mo found to have 4 coordinates with atom types of O
atom 842 with type of Mo found to have 4 coordinates with atom types of O
atom 843 with type of Mo found to have 4 coordinates with atom types of O
atom 1880 with type of Mo found to have 4 coordinates with atom types of O
atom 1881 with type of Mo found to have 4 coordinates with atom types of O
atom 1882 with type of Mo found to have 4 coordinates with atom types of O
atom 1883 with type of Mo found to have 4 coordinates with atom types of O
atom 864 with type of Zn found to have 4 coordinates with atom types of O
atom 865 with type of Zn found to have 4 coordinates with atom types of O
atom 866 with type of Zn found to have 4 coordinates with atom types of O
atom 867 with type of Zn found to have 4 coordinates with atom types of O
atom 1896 with type of Zn found to have 4 coordinates with atom types of O
atom 1897 with type of Zn found to have 4 coordinates with atom types of O
atom 1898 with type of Zn found to have 4 coordinates with atom types of O
atom 1899 with type of Zn found to have 4 coordinates with atom types of O
atom 904 with type of Mo found to have 4 coordinates with atom types of O
atom 905 with type of Mo found to have 4 coordinates with atom types of O
atom 906 with type of Mo found to have 4 coordinates with atom types of O
atom 907 with type of Mo found to have 4 coordinates with atom types of O
atom 908 with type of Mo found to have 4 coordinates with atom types of O
atom 909 with type of Mo found to have 4 coordinates with atom types of O
atom 910 with type of Mo found to have 4 coordinates with atom types of O
atom 911 with type of Mo found to have 4 coordinates with atom types of O
atom 960 with type of Mo found to have 4 coordinates with atom types of O
atom 961 with type of Mo found to have 4 coordinates with atom types of O
atom 962 with type of Mo found to have 4 coordinates with atom types of O
atom 963 with type of Mo found to have 4 coordinates with atom types of O
atom 964 with type of Mo found to have 4 coordinates with atom types of O
atom 965 with type of Mo found to have 4 coordinates with atom types of O
atom 966 with type of Mo found to have 4 coordinates with atom types of O
atom 967 with type of Mo found to have 4 coordinates with atom types of O
atom 1996 with type of Mo found to have 4 coordinates with atom types of O
atom 1997 with type of Mo found to have 4 coordinates with atom types of O
atom 1998 with type of Mo found to have 4 coordinates with atom types of O
atom 1999 with type of Mo found to have 4 coordinates with atom types of O
atom 2004 with type of Mo found to have 4 coordinates with atom types of O
atom 2005 with type of Mo found to have 4 coordinates with atom types of O
atom 2006 with type of Mo found to have 4 coordinates with atom types of O
atom 2007 with type of Mo found to have 4 coordinates with atom types of O
atom 2016 with type of Mo found to have 4 coordinates with atom types of O
atom 2017 with type of Mo found to have 4 coordinates with atom types of O
atom 2018 with type of Mo found to have 4 coordinates with atom types of O
atom 2019 with type of Mo found to have 4 coordinates with atom types of O
atom 1004 with type of Zn found to have 4 coordinates with atom types of O
atom 1005 with type of Zn found to have 4 coordinates with atom types of O
atom 1006 with type of Zn found to have 4 coordinates with atom types of O
atom 1007 with type of Zn found to have 4 coordinates with atom types of O
OHUMEL, (min_max_linker_length,max_min_linker_length): 14 , 14

Structure has LONG ligand

