atom 281 with type of Ni found to have 6 coordinates with atom types of O
atom 9 with type of Ni found to have 6 coordinates with atom types of O
atom 139 with type of Ni found to have 6 coordinates with atom types of O
atom 108 with type of Ni found to have 6 coordinates with atom types of O
atom 269 with type of Ni found to have 6 coordinates with atom types of O
atom 238 with type of Ni found to have 6 coordinates with atom types of O
atom 15 with type of Ni found to have 6 coordinates with atom types of O
atom 112 with type of Ni found to have 6 coordinates with atom types of O
atom 367 with type of Ni found to have 6 coordinates with atom types of O
atom 147 with type of Ni found to have 6 coordinates with atom types of O
atom 20 with type of Ni found to have 6 coordinates with atom types of O
atom 243 with type of Ni found to have 6 coordinates with atom types of O
atom 278 with type of Ni found to have 6 coordinates with atom types of O
atom 119 with type of Ni found to have 6 coordinates with atom types of O
atom 151 with type of Ni found to have 6 coordinates with atom types of O
atom 249 with type of Ni found to have 6 coordinates with atom types of O
atom 371 with type of Ni found to have 6 coordinates with atom types of O
atom 379 with type of Ni found to have 6 coordinates with atom types of O
found ligand
found ligand
found ligand
found ligand
found ligand
found ligand
found ligand
found ligand
found ligand
found ligand
found ligand
found ligand
found ligand
found ligand
found ligand
found ligand
found ligand
found ligand
Ni-MOF-74, (min_max_linker_length,max_min_linker_length): 7 , 2

Structure has LONG ligand

MOF SBU is a 1D rod
