atom 0 with type of Co found to have 4 coordinates with atom types of N
atom 1 with type of Co found to have 4 coordinates with atom types of N
atom 2 with type of Cr found to have 6 coordinates with atom types of C
atom 3 with type of Cr found to have 6 coordinates with atom types of C
atom 4 with type of Co found to have 3 coordinates with atom types of N
atom 5 with type of Co found to have 3 coordinates with atom types of N
atom 102 with type of Co found to have 3 coordinates with atom types of N
atom 103 with type of Co found to have 3 coordinates with atom types of N
atom 104 with type of Cr found to have 6 coordinates with atom types of C
atom 105 with type of Cr found to have 6 coordinates with atom types of C
found ligand
found ligand
found ligand
found ligand
found ligand
found ligand
found ligand
found ligand
ULASAD, (min_max_linker_length,max_min_linker_length): 1 , 9
Structure has extremely short ligands
Structure has extremely short ligands
