atom 66 with type of Ba found to have 10 coordinates with atom types of O,H
atom 67 with type of Ba found to have 10 coordinates with atom types of O,H
atom 68 with type of Ba found to have 8 coordinates with atom types of O
atom 69 with type of Ba found to have 8 coordinates with atom types of O
atom 200 with type of Ba found to have 9 coordinates with atom types of O,H
atom 201 with type of Ba found to have 9 coordinates with atom types of O,H
atom 138 with type of Ba found to have 7 coordinates with atom types of O
atom 10 with type of Ba found to have 9 coordinates with atom types of O,H
atom 11 with type of Ba found to have 9 coordinates with atom types of O,H
atom 139 with type of Ba found to have 7 coordinates with atom types of O
atom 140 with type of Ba found to have 6 coordinates with atom types of O
atom 141 with type of Ba found to have 6 coordinates with atom types of O
atom 278 with type of Ba found to have 6 coordinates with atom types of O
atom 279 with type of Ba found to have 6 coordinates with atom types of O
atom 280 with type of Ba found to have 7 coordinates with atom types of O
atom 281 with type of Ba found to have 7 coordinates with atom types of O
atom 218 with type of Ba found to have 9 coordinates with atom types of O,H
atom 219 with type of Ba found to have 9 coordinates with atom types of O,H
atom 408 with type of Ba found to have 9 coordinates with atom types of O,H
atom 409 with type of Ba found to have 9 coordinates with atom types of O,H
atom 350 with type of Ba found to have 8 coordinates with atom types of O
atom 351 with type of Ba found to have 8 coordinates with atom types of O
atom 352 with type of Ba found to have 10 coordinates with atom types of O,H
atom 353 with type of Ba found to have 10 coordinates with atom types of O,H
HOWROC, (min_max_linker_length,max_min_linker_length): 7 , 2

Structure has LONG ligand

MOF SBU is a 1D rod
