XAPGIH found to be an interpenetrated structure
atom 768 with type of Mo found to have 6 coordinates with atom types of O
atom 1 with type of Mo found to have 6 coordinates with atom types of O
atom 385 with type of Mo found to have 6 coordinates with atom types of O
atom 259 with type of Mo found to have 6 coordinates with atom types of O
atom 4 with type of Mo found to have 6 coordinates with atom types of O
atom 513 with type of Mo found to have 6 coordinates with atom types of O
atom 6 with type of Zn found to have 4 coordinates with atom types of Cl,O
atom 641 with type of Mo found to have 6 coordinates with atom types of O
atom 264 with type of Mo found to have 5 coordinates with atom types of O
atom 643 with type of Mo found to have 6 coordinates with atom types of O
atom 774 with type of Mo found to have 6 coordinates with atom types of O
atom 139 with type of Zn found to have 4 coordinates with atom types of O
atom 652 with type of Zn found to have 4 coordinates with atom types of O
atom 269 with type of Mo found to have 6 coordinates with atom types of O
atom 142 with type of Mo found to have 6 coordinates with atom types of O
atom 654 with type of Mo found to have 6 coordinates with atom types of O
atom 528 with type of Mo found to have 6 coordinates with atom types of O
atom 273 with type of Mo found to have 6 coordinates with atom types of O
atom 531 with type of Zn found to have 4 coordinates with atom types of O
atom 404 with type of Zn found to have 4 coordinates with atom types of O
atom 21 with type of Ru found to have 10 coordinates with atom types of N,H,C
atom 408 with type of Mo found to have 6 coordinates with atom types of O
atom 415 with type of Mo found to have 6 coordinates with atom types of O
atom 802 with type of Ru found to have 10 coordinates with atom types of N,H,C
atom 419 with type of Zn found to have 4 coordinates with atom types of O
atom 292 with type of Zn found to have 4 coordinates with atom types of O
atom 550 with type of Mo found to have 6 coordinates with atom types of O
atom 295 with type of Mo found to have 6 coordinates with atom types of O
atom 169 with type of Mo found to have 6 coordinates with atom types of O
atom 554 with type of Mo found to have 6 coordinates with atom types of O
atom 171 with type of Zn found to have 4 coordinates with atom types of O
atom 681 with type of Mo found to have 6 coordinates with atom types of O
atom 684 with type of Zn found to have 4 coordinates with atom types of O
atom 559 with type of Mo found to have 5 coordinates with atom types of O
atom 49 with type of Mo found to have 6 coordinates with atom types of O
atom 817 with type of Zn found to have 4 coordinates with atom types of Cl,O
atom 819 with type of Mo found to have 6 coordinates with atom types of O
atom 180 with type of Mo found to have 6 coordinates with atom types of O
atom 564 with type of Mo found to have 6 coordinates with atom types of O
atom 182 with type of Mo found to have 6 coordinates with atom types of O
atom 55 with type of Mo found to have 6 coordinates with atom types of O
atom 310 with type of Mo found to have 6 coordinates with atom types of O
atom 438 with type of Mo found to have 6 coordinates with atom types of O
atom 186 with type of Mo found to have 6 coordinates with atom types of O
atom 822 with type of Mo found to have 6 coordinates with atom types of O
atom 188 with type of Mo found to have 6 coordinates with atom types of O
atom 444 with type of Ru found to have 6 coordinates with atom types of N
atom 704 with type of Mo found to have 6 coordinates with atom types of O
atom 194 with type of Ru found to have 6 coordinates with atom types of N
atom 329 with type of Zn found to have 4 coordinates with atom types of O
atom 330 with type of Zn found to have 4 coordinates with atom types of Cl,O
atom 205 with type of Mo found to have 6 coordinates with atom types of O
atom 717 with type of Ru found to have 10 coordinates with atom types of N,H,C
atom 466 with type of Mo found to have 5 coordinates with atom types of O
atom 85 with type of Zn found to have 4 coordinates with atom types of O
atom 469 with type of Mo found to have 6 coordinates with atom types of O
atom 470 with type of Mo found to have 6 coordinates with atom types of O
atom 597 with type of Mo found to have 6 coordinates with atom types of O
atom 353 with type of Mo found to have 6 coordinates with atom types of O
atom 226 with type of Mo found to have 6 coordinates with atom types of O
atom 354 with type of Mo found to have 6 coordinates with atom types of O
atom 738 with type of Zn found to have 4 coordinates with atom types of O
atom 357 with type of Mo found to have 5 coordinates with atom types of O
atom 635 with type of Mo found to have 6 coordinates with atom types of O
atom 106 with type of Ru found to have 10 coordinates with atom types of N,H,C
atom 618 with type of Mo found to have 6 coordinates with atom types of O
atom 493 with type of Zn found to have 4 coordinates with atom types of Cl,O
atom 494 with type of Zn found to have 4 coordinates with atom types of O
atom 629 with type of Ru found to have 6 coordinates with atom types of N
atom 119 with type of Mo found to have 6 coordinates with atom types of O
atom 379 with type of Ru found to have 6 coordinates with atom types of N
atom 637 with type of Mo found to have 6 coordinates with atom types of O
XAPGIH, (min_max_linker_length,max_min_linker_length): 2 , 11

Structure has SHORT ligand

