atom 0 with type of Mo found to have 4 coordinates with atom types of S
atom 1 with type of Mo found to have 4 coordinates with atom types of S
atom 2 with type of Mo found to have 4 coordinates with atom types of S
atom 3 with type of Mo found to have 4 coordinates with atom types of S
atom 260 with type of Mo found to have 4 coordinates with atom types of S
atom 261 with type of Mo found to have 4 coordinates with atom types of S
atom 262 with type of Mo found to have 4 coordinates with atom types of S
atom 263 with type of Mo found to have 4 coordinates with atom types of S
atom 24 with type of Cu found to have 4 coordinates with atom types of N,S
atom 25 with type of Cu found to have 4 coordinates with atom types of N,S,C
atom 26 with type of Cu found to have 4 coordinates with atom types of N,S
atom 27 with type of Cu found to have 4 coordinates with atom types of N,S,C
atom 284 with type of Cu found to have 4 coordinates with atom types of N,S
atom 285 with type of Cu found to have 4 coordinates with atom types of N,S,C
atom 286 with type of Cu found to have 4 coordinates with atom types of N,S
atom 287 with type of Cu found to have 4 coordinates with atom types of N,S,C
atom 60 with type of Cu found to have 4 coordinates with atom types of N,S,C
atom 61 with type of Cu found to have 4 coordinates with atom types of N,S
atom 62 with type of Cu found to have 4 coordinates with atom types of N,S,C
atom 63 with type of Cu found to have 4 coordinates with atom types of N,S
atom 320 with type of Cu found to have 4 coordinates with atom types of N,S,C
atom 321 with type of Cu found to have 4 coordinates with atom types of N,S
atom 322 with type of Cu found to have 4 coordinates with atom types of N,S,C
atom 323 with type of Cu found to have 4 coordinates with atom types of N,S
atom 200 with type of Cu found to have 4 coordinates with atom types of N,S
atom 201 with type of Cu found to have 4 coordinates with atom types of N,S,C
atom 202 with type of Cu found to have 4 coordinates with atom types of N,S
atom 203 with type of Cu found to have 4 coordinates with atom types of N,S,C
atom 460 with type of Cu found to have 4 coordinates with atom types of N,S
atom 461 with type of Cu found to have 4 coordinates with atom types of N,S,C
atom 462 with type of Cu found to have 4 coordinates with atom types of N,S
atom 463 with type of Cu found to have 4 coordinates with atom types of N,S,C
atom 236 with type of Cu found to have 4 coordinates with atom types of N,S,C
atom 237 with type of Cu found to have 4 coordinates with atom types of N,S
atom 238 with type of Cu found to have 4 coordinates with atom types of N,S,C
atom 239 with type of Cu found to have 4 coordinates with atom types of N,S
atom 496 with type of Cu found to have 4 coordinates with atom types of N,S,C
atom 497 with type of Cu found to have 4 coordinates with atom types of N,S
atom 498 with type of Cu found to have 4 coordinates with atom types of N,S,C
atom 499 with type of Cu found to have 4 coordinates with atom types of N,S
KUMGIK, (min_max_linker_length,max_min_linker_length): 1 , 11
Structure has extremely short ligands
Structure has extremely short ligands
