atom 448 with type of Cu found to have 4 coordinates with atom types of N,I
atom 827 with type of Cu found to have 4 coordinates with atom types of N,I
atom 4 with type of Cu found to have 5 coordinates with atom types of N,O
atom 134 with type of Cu found to have 5 coordinates with atom types of N,O
atom 263 with type of Cu found to have 4 coordinates with atom types of N,I
atom 582 with type of Cu found to have 4 coordinates with atom types of N,I
atom 711 with type of Cu found to have 5 coordinates with atom types of N,O
atom 841 with type of Cu found to have 5 coordinates with atom types of N,O
atom 397 with type of Cu found to have 4 coordinates with atom types of N,I
atom 18 with type of Cu found to have 4 coordinates with atom types of N,I
atom 147 with type of Cu found to have 5 coordinates with atom types of N,O
atom 404 with type of Cu found to have 4 coordinates with atom types of N,I
atom 277 with type of Cu found to have 5 coordinates with atom types of N,O
atom 405 with type of Cu found to have 5 coordinates with atom types of N,O
atom 722 with type of Cu found to have 5 coordinates with atom types of N,O
atom 723 with type of Cu found to have 4 coordinates with atom types of N,I
atom 698 with type of Cu found to have 5 coordinates with atom types of N,O
atom 730 with type of Cu found to have 4 coordinates with atom types of N,I
atom 286 with type of Cu found to have 5 coordinates with atom types of N,O
atom 158 with type of Cu found to have 5 coordinates with atom types of N,O
atom 416 with type of Cu found to have 5 coordinates with atom types of N,O
atom 159 with type of Cu found to have 4 coordinates with atom types of N,I
atom 545 with type of Cu found to have 4 coordinates with atom types of N,I
atom 166 with type of Cu found to have 4 coordinates with atom types of N,I
atom 679 with type of Cu found to have 4 coordinates with atom types of N,I
atom 568 with type of Cu found to have 5 coordinates with atom types of N,O
atom 300 with type of Cu found to have 4 coordinates with atom types of N,I
atom 429 with type of Cu found to have 5 coordinates with atom types of N,O
atom 686 with type of Cu found to have 4 coordinates with atom types of N,I
atom 559 with type of Cu found to have 5 coordinates with atom types of O,N
atom 687 with type of Cu found to have 5 coordinates with atom types of N,O
atom 115 with type of Cu found to have 4 coordinates with atom types of N,I
atom 440 with type of Cu found to have 5 coordinates with atom types of N,O
atom 441 with type of Cu found to have 4 coordinates with atom types of N,I
atom 122 with type of Cu found to have 4 coordinates with atom types of N,I
atom 123 with type of Cu found to have 5 coordinates with atom types of N,O
KADLUZ, (min_max_linker_length,max_min_linker_length): 8 , 2

Structure has LONG ligand

