atom 491 with type of Ni found to have 6 coordinates with atom types of N,O
atom 197 with type of Ni found to have 6 coordinates with atom types of N,O
atom 453 with type of Ni found to have 6 coordinates with atom types of N,O
atom 75 with type of V found to have 3 coordinates with atom types of O
atom 331 with type of V found to have 3 coordinates with atom types of O
atom 78 with type of V found to have 2 coordinates with atom types of O
atom 143 with type of V found to have 4 coordinates with atom types of O
atom 334 with type of V found to have 2 coordinates with atom types of O
atom 399 with type of V found to have 4 coordinates with atom types of O
atom 20 with type of Ni found to have 6 coordinates with atom types of N,O
atom 276 with type of Ni found to have 6 coordinates with atom types of N,O
atom 23 with type of Ni found to have 4 coordinates with atom types of N,O
atom 88 with type of V found to have 3 coordinates with atom types of O
atom 25 with type of V found to have 3 coordinates with atom types of O
atom 152 with type of V found to have 3 coordinates with atom types of O
atom 279 with type of Ni found to have 4 coordinates with atom types of N,O
atom 281 with type of V found to have 3 coordinates with atom types of O
atom 344 with type of V found to have 3 coordinates with atom types of O
atom 408 with type of V found to have 3 coordinates with atom types of O
atom 230 with type of V found to have 3 coordinates with atom types of O
atom 103 with type of V found to have 3 coordinates with atom types of O
atom 167 with type of V found to have 3 coordinates with atom types of O
atom 232 with type of Ni found to have 4 coordinates with atom types of N,O
atom 359 with type of V found to have 3 coordinates with atom types of O
atom 235 with type of Ni found to have 6 coordinates with atom types of N,O
atom 314 with type of Ni found to have 6 coordinates with atom types of N,O
atom 423 with type of V found to have 3 coordinates with atom types of O
atom 486 with type of V found to have 3 coordinates with atom types of O
atom 488 with type of Ni found to have 4 coordinates with atom types of N,O
atom 112 with type of V found to have 4 coordinates with atom types of O
atom 177 with type of V found to have 2 coordinates with atom types of O
atom 368 with type of V found to have 4 coordinates with atom types of O
atom 433 with type of V found to have 2 coordinates with atom types of O
atom 180 with type of V found to have 3 coordinates with atom types of O
atom 436 with type of V found to have 3 coordinates with atom types of O
atom 58 with type of Ni found to have 6 coordinates with atom types of N,O
CAWZUX, (min_max_linker_length,max_min_linker_length): 9 , 9

Structure has LONG ligand

MOF SBU is a 1D rod
