atom 0 with type of Ni found to have 6 coordinates with atom types of N
atom 1 with type of Ni found to have 6 coordinates with atom types of N
atom 2 with type of Ni found to have 6 coordinates with atom types of N
atom 108 with type of Ni found to have 6 coordinates with atom types of N
atom 188 with type of Nb found to have 8 coordinates with atom types of C
atom 28 with type of Nb found to have 8 coordinates with atom types of C
found ligand
found ligand
found ligand
found ligand
found ligand
found ligand
found ligand
found ligand
found ligand
found ligand
found ligand
found ligand
found ligand
found ligand
found ligand
found ligand
found ligand
found ligand
found ligand
found ligand
found ligand
found ligand
found ligand
found ligand
EPONOO, (min_max_linker_length,max_min_linker_length): 1 , 1
Structure has extremely short ligands
Structure has extremely short ligands
