IHOTAC found to be an interpenetrated structure
atom 2 with type of Mg found to have 5 coordinates with atom types of O
atom 3 with type of Mg found to have 5 coordinates with atom types of O
atom 9 with type of Mg found to have 5 coordinates with atom types of O
atom 10 with type of Mg found to have 5 coordinates with atom types of O
atom 271 with type of Mg found to have 5 coordinates with atom types of O
atom 272 with type of Mg found to have 5 coordinates with atom types of O
atom 469 with type of Mg found to have 5 coordinates with atom types of O
atom 470 with type of Mg found to have 5 coordinates with atom types of O
atom 477 with type of Mg found to have 5 coordinates with atom types of O
atom 478 with type of Mg found to have 5 coordinates with atom types of O
atom 225 with type of Mg found to have 5 coordinates with atom types of O
atom 226 with type of Mg found to have 5 coordinates with atom types of O
atom 363 with type of Mg found to have 6 coordinates with atom types of O
atom 364 with type of Mg found to have 6 coordinates with atom types of O
atom 365 with type of Mg found to have 6 coordinates with atom types of O
atom 366 with type of Mg found to have 6 coordinates with atom types of O
atom 243 with type of Mg found to have 5 coordinates with atom types of O
atom 244 with type of Mg found to have 5 coordinates with atom types of O
atom 125 with type of Mg found to have 6 coordinates with atom types of O
atom 126 with type of Mg found to have 6 coordinates with atom types of O
atom 123 with type of Mg found to have 6 coordinates with atom types of O
atom 124 with type of Mg found to have 6 coordinates with atom types of O
atom 253 with type of Mg found to have 5 coordinates with atom types of O
atom 254 with type of Mg found to have 5 coordinates with atom types of O
IHOTAC, (min_max_linker_length,max_min_linker_length): 2 , 2

Structure has SHORT ligand

MOF SBU is a 1D rod
