atom 192 with type of Ag found to have 2 coordinates with atom types of C,O
atom 1 with type of Ag found to have 2 coordinates with atom types of O,C
atom 139 with type of Ag found to have 3 coordinates with atom types of C,O
atom 77 with type of Ag found to have 3 coordinates with atom types of O,C
atom 79 with type of Ag found to have 3 coordinates with atom types of O,C
atom 81 with type of Ag found to have 2 coordinates with atom types of O,C
atom 145 with type of Ag found to have 3 coordinates with atom types of O
atom 20 with type of Ag found to have 2 coordinates with atom types of O
atom 148 with type of Ag found to have 2 coordinates with atom types of C,O
atom 22 with type of Ag found to have 3 coordinates with atom types of O,C
atom 153 with type of Ag found to have 3 coordinates with atom types of O
atom 154 with type of Ag found to have 2 coordinates with atom types of C,O
atom 28 with type of Ag found to have 3 coordinates with atom types of O,C
atom 157 with type of Ag found to have 3 coordinates with atom types of O,C
atom 94 with type of Ag found to have 3 coordinates with atom types of C,O
atom 158 with type of Ag found to have 4 coordinates with atom types of O
atom 32 with type of Ag found to have 3 coordinates with atom types of O,C
atom 161 with type of Ag found to have 3 coordinates with atom types of O,C
atom 35 with type of Ag found to have 4 coordinates with atom types of O
atom 36 with type of Ag found to have 3 coordinates with atom types of O,C
atom 99 with type of Ag found to have 3 coordinates with atom types of C,O
atom 165 with type of Ag found to have 3 coordinates with atom types of O,C
atom 39 with type of Ag found to have 2 coordinates with atom types of O,C
atom 40 with type of Ag found to have 3 coordinates with atom types of O
atom 171 with type of Ag found to have 3 coordinates with atom types of O,C
atom 45 with type of Ag found to have 2 coordinates with atom types of C,O
atom 173 with type of Ag found to have 2 coordinates with atom types of O
atom 48 with type of Ag found to have 3 coordinates with atom types of O
atom 112 with type of Ag found to have 2 coordinates with atom types of C,O
atom 114 with type of Ag found to have 3 coordinates with atom types of O,C
atom 116 with type of Ag found to have 3 coordinates with atom types of O,C
atom 54 with type of Ag found to have 3 coordinates with atom types of C,O
TIDSEE, (min_max_linker_length,max_min_linker_length): 1 , 2
Structure has extremely short ligands
Structure has extremely short ligands
