atom 248 with type of Zn found to have 4 coordinates with atom types of O
atom 68 with type of Zn found to have 4 coordinates with atom types of O
atom 228 with type of Co found to have 6 coordinates with atom types of O
atom 294 with type of Co found to have 6 coordinates with atom types of O
atom 103 with type of Zn found to have 4 coordinates with atom types of O
atom 72 with type of Zn found to have 4 coordinates with atom types of O
atom 232 with type of Co found to have 6 coordinates with atom types of O
atom 107 with type of Zn found to have 4 coordinates with atom types of O
atom 299 with type of Co found to have 6 coordinates with atom types of O
atom 283 with type of Zn found to have 4 coordinates with atom types of O
atom 52 with type of Co found to have 6 coordinates with atom types of O
atom 244 with type of Zn found to have 4 coordinates with atom types of O
atom 118 with type of Co found to have 6 coordinates with atom types of O
atom 279 with type of Zn found to have 4 coordinates with atom types of O
atom 56 with type of Co found to have 6 coordinates with atom types of O
atom 123 with type of Co found to have 6 coordinates with atom types of O
found ligand
found ligand
found ligand
found ligand
found ligand
found ligand
found ligand
found ligand
found ligand
found ligand
found ligand
found ligand
found ligand
found ligand
found ligand
found ligand
Zn-slash-Co-BTEC, (min_max_linker_length,max_min_linker_length): 7 , 2

Structure has LONG ligand

