TIFCEQ found to be an interpenetrated structure
atom 133 with type of Ag found to have 3 coordinates with atom types of C,O
atom 73 with type of Ag found to have 4 coordinates with atom types of C,O
atom 76 with type of Ag found to have 4 coordinates with atom types of C,O
atom 16 with type of Ag found to have 3 coordinates with atom types of O
atom 145 with type of Ag found to have 3 coordinates with atom types of O
atom 213 with type of Ag found to have 2 coordinates with atom types of O
atom 214 with type of Ag found to have 2 coordinates with atom types of O
atom 152 with type of Ag found to have 3 coordinates with atom types of O
atom 89 with type of Ag found to have 3 coordinates with atom types of O
atom 27 with type of Ag found to have 2 coordinates with atom types of O
atom 28 with type of Ag found to have 2 coordinates with atom types of O
atom 96 with type of Ag found to have 3 coordinates with atom types of O
atom 225 with type of Ag found to have 3 coordinates with atom types of O
atom 165 with type of Ag found to have 4 coordinates with atom types of C,O
atom 168 with type of Ag found to have 4 coordinates with atom types of C,O
atom 108 with type of Ag found to have 3 coordinates with atom types of C,O
atom 114 with type of Ag found to have 2 coordinates with atom types of O
atom 116 with type of Ag found to have 3 coordinates with atom types of C,O
atom 117 with type of Ag found to have 2 coordinates with atom types of O
atom 118 with type of Ag found to have 2 coordinates with atom types of O
atom 119 with type of Ag found to have 3 coordinates with atom types of C,O
atom 122 with type of Ag found to have 3 coordinates with atom types of C,O
atom 123 with type of Ag found to have 2 coordinates with atom types of O
atom 124 with type of Ag found to have 2 coordinates with atom types of O
atom 125 with type of Ag found to have 3 coordinates with atom types of C,O
atom 127 with type of Ag found to have 2 coordinates with atom types of O
TIFCEQ, (min_max_linker_length,max_min_linker_length): 1 , 2
Structure has extremely short ligands
Structure has extremely short ligands
