EWESEF found to be an interpenetrated structure
atom 2 with type of W found to have 7 coordinates with atom types of O
atom 3 with type of W found to have 7 coordinates with atom types of O
atom 9 with type of W found to have 7 coordinates with atom types of O
atom 10 with type of W found to have 7 coordinates with atom types of O
atom 11 with type of W found to have 7 coordinates with atom types of O
atom 14 with type of W found to have 7 coordinates with atom types of O
atom 82 with type of W found to have 7 coordinates with atom types of O
atom 83 with type of W found to have 7 coordinates with atom types of O
atom 84 with type of W found to have 7 coordinates with atom types of O
atom 214 with type of Cu found to have 5 coordinates with atom types of Cl,O
atom 215 with type of Cu found to have 5 coordinates with atom types of Cl,O
atom 216 with type of Cu found to have 5 coordinates with atom types of Cl,O
atom 217 with type of Cu found to have 5 coordinates with atom types of Cl,O
atom 218 with type of Cu found to have 5 coordinates with atom types of Cl,O
atom 219 with type of Cu found to have 5 coordinates with atom types of Cl,O
atom 344 with type of Cu found to have 5 coordinates with atom types of Cl,O
atom 345 with type of Cu found to have 5 coordinates with atom types of Cl,O
atom 346 with type of Cu found to have 5 coordinates with atom types of Cl,O
atom 347 with type of Cu found to have 5 coordinates with atom types of Cl,O
atom 348 with type of Cu found to have 5 coordinates with atom types of Cl,O
atom 349 with type of Cu found to have 5 coordinates with atom types of Cl,O
atom 39 with type of Cu found to have 5 coordinates with atom types of Cl,O
atom 40 with type of Cu found to have 5 coordinates with atom types of Cl,O
atom 41 with type of Cu found to have 5 coordinates with atom types of Cl,O
atom 42 with type of Cu found to have 5 coordinates with atom types of Cl,O
atom 43 with type of Cu found to have 5 coordinates with atom types of Cl,O
atom 44 with type of Cu found to have 5 coordinates with atom types of Cl,O
atom 169 with type of Cu found to have 5 coordinates with atom types of Cl,O
atom 170 with type of Cu found to have 5 coordinates with atom types of Cl,O
atom 171 with type of Cu found to have 5 coordinates with atom types of Cl,O
atom 172 with type of Cu found to have 5 coordinates with atom types of Cl,O
atom 173 with type of Cu found to have 5 coordinates with atom types of Cl,O
atom 174 with type of Cu found to have 5 coordinates with atom types of Cl,O
atom 304 with type of W found to have 7 coordinates with atom types of O
atom 305 with type of W found to have 7 coordinates with atom types of O
atom 306 with type of W found to have 7 coordinates with atom types of O
EWESEF, (min_max_linker_length,max_min_linker_length): 2 , 2

Structure has SHORT ligand

