atom 2 with type of Cu found to have 4 coordinates with atom types of N,S
atom 101 with type of Mo found to have 3 coordinates with atom types of S
atom 7 with type of Mo found to have 3 coordinates with atom types of S
atom 135 with type of Cu found to have 4 coordinates with atom types of S,N
atom 41 with type of Cu found to have 4 coordinates with atom types of N,S
atom 106 with type of Cu found to have 4 coordinates with atom types of S,N
atom 202 with type of Cu found to have 4 coordinates with atom types of N,S
atom 109 with type of Cu found to have 4 coordinates with atom types of N,S
atom 110 with type of Cu found to have 4 coordinates with atom types of N,S
atom 17 with type of Cu found to have 4 coordinates with atom types of S,N
atom 113 with type of Cu found to have 4 coordinates with atom types of N,S
atom 178 with type of Cu found to have 4 coordinates with atom types of S,N
atom 84 with type of Cu found to have 4 coordinates with atom types of S,N
atom 212 with type of Mo found to have 3 coordinates with atom types of S
atom 118 with type of Mo found to have 3 coordinates with atom types of S
atom 217 with type of Cu found to have 4 coordinates with atom types of N,S
found ligand
found ligand
COYCID, (min_max_linker_length,max_min_linker_length): 2 , 7

Structure has SHORT ligand

