TIFCAM found to be an interpenetrated structure
atom 258 with type of Ag found to have 1 coordinates with atom types of O
atom 259 with type of Ag found to have 1 coordinates with atom types of O
atom 514 with type of Ag found to have 2 coordinates with atom types of O
atom 515 with type of Ag found to have 2 coordinates with atom types of O
atom 516 with type of Ag found to have 2 coordinates with atom types of O
atom 517 with type of Ag found to have 2 coordinates with atom types of O
atom 10 with type of Ag found to have 3 coordinates with atom types of O,C
atom 11 with type of Ag found to have 3 coordinates with atom types of O,C
atom 778 with type of Ag found to have 2 coordinates with atom types of O
atom 779 with type of Ag found to have 2 coordinates with atom types of O
atom 276 with type of Ag found to have 2 coordinates with atom types of O,N
atom 277 with type of Ag found to have 2 coordinates with atom types of O,N
atom 30 with type of Ag found to have 3 coordinates with atom types of O,C
atom 31 with type of Ag found to have 3 coordinates with atom types of O,C
atom 286 with type of Ag found to have 2 coordinates with atom types of O,N
atom 287 with type of Ag found to have 2 coordinates with atom types of O,N
atom 34 with type of Ag found to have 3 coordinates with atom types of O,C
atom 35 with type of Ag found to have 3 coordinates with atom types of O,C
atom 36 with type of Ag found to have 3 coordinates with atom types of O,C
atom 37 with type of Ag found to have 3 coordinates with atom types of O,C
atom 546 with type of Ag found to have 3 coordinates with atom types of O,C
atom 547 with type of Ag found to have 3 coordinates with atom types of O,C
atom 799 with type of Ag found to have 3 coordinates with atom types of O,C
atom 800 with type of Ag found to have 2 coordinates with atom types of O,N
atom 801 with type of Ag found to have 2 coordinates with atom types of O,N
atom 558 with type of Ag found to have 3 coordinates with atom types of O,C
atom 559 with type of Ag found to have 3 coordinates with atom types of O,C
atom 48 with type of Ag found to have 3 coordinates with atom types of O,N
atom 49 with type of Ag found to have 3 coordinates with atom types of O,N
atom 52 with type of Ag found to have 3 coordinates with atom types of O,N
atom 53 with type of Ag found to have 3 coordinates with atom types of O,N
atom 310 with type of Ag found to have 3 coordinates with atom types of O,C
atom 311 with type of Ag found to have 3 coordinates with atom types of O,C
atom 66 with type of Ag found to have 2 coordinates with atom types of O
atom 67 with type of Ag found to have 2 coordinates with atom types of O
atom 578 with type of Ag found to have 2 coordinates with atom types of O,C
atom 579 with type of Ag found to have 2 coordinates with atom types of O,C
atom 586 with type of Ag found to have 2 coordinates with atom types of O,C
atom 587 with type of Ag found to have 2 coordinates with atom types of O,C
atom 332 with type of Ag found to have 2 coordinates with atom types of O,C
atom 333 with type of Ag found to have 2 coordinates with atom types of O,C
atom 340 with type of Ag found to have 2 coordinates with atom types of O,C
atom 341 with type of Ag found to have 2 coordinates with atom types of O,C
atom 852 with type of Ag found to have 2 coordinates with atom types of O
atom 853 with type of Ag found to have 2 coordinates with atom types of O
atom 608 with type of Ag found to have 3 coordinates with atom types of O,C
atom 609 with type of Ag found to have 3 coordinates with atom types of O,C
atom 866 with type of Ag found to have 3 coordinates with atom types of O,N
atom 867 with type of Ag found to have 3 coordinates with atom types of O,N
atom 870 with type of Ag found to have 3 coordinates with atom types of O,N
atom 871 with type of Ag found to have 3 coordinates with atom types of O,N
atom 360 with type of Ag found to have 3 coordinates with atom types of O,C
atom 361 with type of Ag found to have 3 coordinates with atom types of O,C
atom 882 with type of Ag found to have 3 coordinates with atom types of O,C
atom 883 with type of Ag found to have 3 coordinates with atom types of O,C
atom 372 with type of Ag found to have 3 coordinates with atom types of O,C
atom 373 with type of Ag found to have 3 coordinates with atom types of O,C
atom 118 with type of Ag found to have 2 coordinates with atom types of O,N
atom 119 with type of Ag found to have 2 coordinates with atom types of O,N
atom 120 with type of Ag found to have 3 coordinates with atom types of O,C
atom 121 with type of Ag found to have 3 coordinates with atom types of O,C
atom 632 with type of Ag found to have 2 coordinates with atom types of O,N
atom 633 with type of Ag found to have 2 coordinates with atom types of O,N
atom 884 with type of Ag found to have 3 coordinates with atom types of O,C
atom 885 with type of Ag found to have 3 coordinates with atom types of O,C
atom 888 with type of Ag found to have 3 coordinates with atom types of O,C
atom 889 with type of Ag found to have 3 coordinates with atom types of O,C
atom 642 with type of Ag found to have 2 coordinates with atom types of O,N
atom 643 with type of Ag found to have 2 coordinates with atom types of O,N
atom 140 with type of Ag found to have 2 coordinates with atom types of O
atom 141 with type of Ag found to have 2 coordinates with atom types of O
atom 908 with type of Ag found to have 3 coordinates with atom types of O,C
atom 909 with type of Ag found to have 3 coordinates with atom types of O,C
atom 402 with type of Ag found to have 2 coordinates with atom types of O
atom 403 with type of Ag found to have 2 coordinates with atom types of O
atom 404 with type of Ag found to have 2 coordinates with atom types of O
atom 405 with type of Ag found to have 2 coordinates with atom types of O
atom 660 with type of Ag found to have 1 coordinates with atom types of O
atom 661 with type of Ag found to have 1 coordinates with atom types of O
atom 160 with type of Ag found to have 3 coordinates with atom types of O,C
atom 161 with type of Ag found to have 3 coordinates with atom types of O,C
atom 164 with type of Ag found to have 2 coordinates with atom types of O,C
atom 165 with type of Ag found to have 2 coordinates with atom types of O,C
atom 676 with type of Ag found to have 3 coordinates with atom types of O,C
atom 677 with type of Ag found to have 3 coordinates with atom types of O,C
atom 430 with type of Ag found to have 2 coordinates with atom types of O
atom 431 with type of Ag found to have 2 coordinates with atom types of O
atom 688 with type of Ag found to have 2 coordinates with atom types of O
atom 689 with type of Ag found to have 2 coordinates with atom types of O
atom 798 with type of Ag found to have 3 coordinates with atom types of O,C
atom 436 with type of Ag found to have 3 coordinates with atom types of O,N
atom 437 with type of Ag found to have 3 coordinates with atom types of O,N
atom 182 with type of Ag found to have 1 coordinates with atom types of O
atom 183 with type of Ag found to have 1 coordinates with atom types of O
atom 186 with type of Ag found to have 3 coordinates with atom types of O,C
atom 187 with type of Ag found to have 3 coordinates with atom types of O,C
atom 452 with type of Ag found to have 2 coordinates with atom types of O,N
atom 453 with type of Ag found to have 2 coordinates with atom types of O,N
atom 198 with type of Ag found to have 3 coordinates with atom types of O,C
atom 199 with type of Ag found to have 3 coordinates with atom types of O,C
atom 454 with type of Ag found to have 2 coordinates with atom types of O
atom 455 with type of Ag found to have 2 coordinates with atom types of O
atom 464 with type of Ag found to have 2 coordinates with atom types of O
atom 465 with type of Ag found to have 2 coordinates with atom types of O
atom 466 with type of Ag found to have 2 coordinates with atom types of O,N
atom 467 with type of Ag found to have 2 coordinates with atom types of O,N
atom 720 with type of Ag found to have 3 coordinates with atom types of O,C
atom 721 with type of Ag found to have 3 coordinates with atom types of O,C
atom 732 with type of Ag found to have 3 coordinates with atom types of O,C
atom 733 with type of Ag found to have 3 coordinates with atom types of O,C
atom 736 with type of Ag found to have 1 coordinates with atom types of O
atom 737 with type of Ag found to have 1 coordinates with atom types of O
atom 482 with type of Ag found to have 3 coordinates with atom types of O,N
atom 483 with type of Ag found to have 3 coordinates with atom types of O,N
atom 230 with type of Ag found to have 2 coordinates with atom types of O
atom 231 with type of Ag found to have 2 coordinates with atom types of O
atom 488 with type of Ag found to have 2 coordinates with atom types of O
atom 489 with type of Ag found to have 2 coordinates with atom types of O
atom 242 with type of Ag found to have 3 coordinates with atom types of O,C
atom 243 with type of Ag found to have 3 coordinates with atom types of O,C
atom 754 with type of Ag found to have 2 coordinates with atom types of O,C
atom 755 with type of Ag found to have 2 coordinates with atom types of O,C
atom 758 with type of Ag found to have 3 coordinates with atom types of O,C
atom 759 with type of Ag found to have 3 coordinates with atom types of O,C
found ligand
found ligand
found ligand
found ligand
found ligand
found ligand
found ligand
found ligand
found ligand
found ligand
found ligand
found ligand
found ligand
found ligand
found ligand
found ligand
found ligand
found ligand
found ligand
found ligand
found ligand
found ligand
found ligand
found ligand
found ligand
found ligand
found ligand
found ligand
found ligand
found ligand
found ligand
found ligand
found ligand
found ligand
found ligand
found ligand
found ligand
found ligand
found ligand
found ligand
TIFCAM, (min_max_linker_length,max_min_linker_length): 1 , 2
Structure has extremely short ligands
Structure has extremely short ligands
