atom 290 with type of Na found to have 5 coordinates with atom types of O
atom 261 with type of Na found to have 6 coordinates with atom types of O
atom 73 with type of Na found to have 6 coordinates with atom types of O
atom 490 with type of Ag found to have 2 coordinates with atom types of C
atom 43 with type of Na found to have 5 coordinates with atom types of O
atom 620 with type of Na found to have 6 coordinates with atom types of S,O
atom 47 with type of Na found to have 6 coordinates with atom types of S,O
atom 624 with type of Na found to have 5 coordinates with atom types of O
atom 177 with type of Ag found to have 2 coordinates with atom types of C
atom 594 with type of Na found to have 6 coordinates with atom types of O
atom 406 with type of Na found to have 6 coordinates with atom types of O
atom 377 with type of Na found to have 5 coordinates with atom types of O
atom 156 with type of Ag found to have 2 coordinates with atom types of C
atom 381 with type of Na found to have 6 coordinates with atom types of S,O
atom 286 with type of Na found to have 6 coordinates with atom types of S,O
atom 511 with type of Ag found to have 2 coordinates with atom types of C
found ligand
found ligand
found ligand
found ligand
found ligand
found ligand
found ligand
found ligand
SIFVEK, (min_max_linker_length,max_min_linker_length): 14 , 2

Structure has LONG ligand

