TAFTOM found to be an interpenetrated structure
atom 70 with type of Cu found to have 2 coordinates with atom types of N
atom 71 with type of Cu found to have 2 coordinates with atom types of N
atom 262 with type of Cu found to have 4 coordinates with atom types of I,N
atom 263 with type of Cu found to have 4 coordinates with atom types of I,N
atom 138 with type of Cu found to have 4 coordinates with atom types of I,N
atom 139 with type of Cu found to have 4 coordinates with atom types of I,N
atom 398 with type of Cu found to have 4 coordinates with atom types of I,N
atom 399 with type of Cu found to have 4 coordinates with atom types of I,N
atom 466 with type of Cu found to have 2 coordinates with atom types of N
atom 83 with type of Cu found to have 4 coordinates with atom types of I,N
atom 84 with type of Cu found to have 4 coordinates with atom types of I,N
atom 276 with type of Cu found to have 4 coordinates with atom types of I,N
atom 277 with type of Cu found to have 4 coordinates with atom types of I,N
atom 404 with type of Cu found to have 2 coordinates with atom types of N
atom 152 with type of Cu found to have 4 coordinates with atom types of I,N
atom 153 with type of Cu found to have 4 coordinates with atom types of I,N
atom 405 with type of Cu found to have 2 coordinates with atom types of N
atom 467 with type of Cu found to have 2 coordinates with atom types of N
atom 362 with type of Cu found to have 4 coordinates with atom types of I,N
atom 363 with type of Cu found to have 4 coordinates with atom types of I,N
atom 110 with type of Cu found to have 2 coordinates with atom types of N
atom 111 with type of Cu found to have 2 coordinates with atom types of N
atom 48 with type of Cu found to have 2 coordinates with atom types of N
atom 49 with type of Cu found to have 2 coordinates with atom types of N
atom 238 with type of Cu found to have 4 coordinates with atom types of I,N
atom 239 with type of Cu found to have 4 coordinates with atom types of I,N
atom 116 with type of Cu found to have 4 coordinates with atom types of I,N
atom 117 with type of Cu found to have 4 coordinates with atom types of I,N
atom 431 with type of Cu found to have 4 coordinates with atom types of I,N
atom 432 with type of Cu found to have 4 coordinates with atom types of I,N
atom 376 with type of Cu found to have 4 coordinates with atom types of I,N
atom 377 with type of Cu found to have 4 coordinates with atom types of I,N
atom 444 with type of Cu found to have 2 coordinates with atom types of N
atom 252 with type of Cu found to have 4 coordinates with atom types of I,N
atom 253 with type of Cu found to have 4 coordinates with atom types of I,N
atom 445 with type of Cu found to have 2 coordinates with atom types of N
TAFTOM, (min_max_linker_length,max_min_linker_length): 3 , 3

Structure has LONG ligand

