COYBUO found to be an interpenetrated structure
atom 224 with type of Cu found to have 5 coordinates with atom types of H,N,S
atom 196 with type of Cu found to have 5 coordinates with atom types of H,N,S
atom 229 with type of Mo found to have 4 coordinates with atom types of O,S
atom 9 with type of Cu found to have 4 coordinates with atom types of N,S
atom 74 with type of Cu found to have 5 coordinates with atom types of H,N,S
atom 201 with type of Cu found to have 5 coordinates with atom types of S,N,H
atom 266 with type of Cu found to have 4 coordinates with atom types of N,S
atom 46 with type of Mo found to have 4 coordinates with atom types of O,S
atom 79 with type of Cu found to have 5 coordinates with atom types of S,N,H
atom 51 with type of Cu found to have 5 coordinates with atom types of H,N,S
atom 150 with type of Cu found to have 4 coordinates with atom types of N,S
atom 88 with type of Mo found to have 4 coordinates with atom types of O,S
atom 217 with type of Cu found to have 6 coordinates with atom types of S,N,H
atom 58 with type of Cu found to have 6 coordinates with atom types of H,N,S
atom 187 with type of Mo found to have 4 coordinates with atom types of O,S
atom 125 with type of Cu found to have 4 coordinates with atom types of N,S
found ligand
found ligand
found ligand
found ligand
found ligand
found ligand
found ligand
found ligand
found ligand
found ligand
found ligand
found ligand
COYBUO, (min_max_linker_length,max_min_linker_length): 7 , 7

Structure has LONG ligand

