XAPFUS found to be an interpenetrated structure
atom 152 with type of Co found to have 6 coordinates with atom types of O,N
atom 153 with type of Co found to have 6 coordinates with atom types of O,N
atom 280 with type of Mo found to have 6 coordinates with atom types of O
atom 281 with type of Mo found to have 6 coordinates with atom types of O
atom 282 with type of Mo found to have 6 coordinates with atom types of O
atom 283 with type of Mo found to have 6 coordinates with atom types of O
atom 670 with type of Mo found to have 6 coordinates with atom types of O
atom 671 with type of Mo found to have 6 coordinates with atom types of O
atom 288 with type of Mo found to have 6 coordinates with atom types of O
atom 289 with type of Mo found to have 6 coordinates with atom types of O
atom 290 with type of Mo found to have 5 coordinates with atom types of O
atom 291 with type of Mo found to have 5 coordinates with atom types of O
atom 676 with type of Mo found to have 6 coordinates with atom types of O
atom 677 with type of Mo found to have 6 coordinates with atom types of O
atom 424 with type of Mo found to have 5 coordinates with atom types of O
atom 40 with type of Mo found to have 6 coordinates with atom types of O
atom 41 with type of Mo found to have 6 coordinates with atom types of O
atom 427 with type of Mo found to have 5 coordinates with atom types of O
atom 44 with type of Mo found to have 6 coordinates with atom types of O
atom 45 with type of Mo found to have 6 coordinates with atom types of O
atom 425 with type of Mo found to have 5 coordinates with atom types of O
atom 426 with type of Mo found to have 5 coordinates with atom types of O
atom 682 with type of Mo found to have 6 coordinates with atom types of O
atom 683 with type of Mo found to have 6 coordinates with atom types of O
atom 686 with type of Mo found to have 6 coordinates with atom types of O
atom 687 with type of Mo found to have 6 coordinates with atom types of O
atom 184 with type of Mo found to have 6 coordinates with atom types of O
atom 185 with type of Mo found to have 6 coordinates with atom types of O
atom 826 with type of Mo found to have 6 coordinates with atom types of O
atom 827 with type of Mo found to have 6 coordinates with atom types of O
atom 444 with type of Mo found to have 5 coordinates with atom types of O
atom 188 with type of Mo found to have 6 coordinates with atom types of O
atom 189 with type of Mo found to have 6 coordinates with atom types of O
atom 445 with type of Mo found to have 5 coordinates with atom types of O
atom 446 with type of Mo found to have 5 coordinates with atom types of O
atom 447 with type of Mo found to have 5 coordinates with atom types of O
atom 194 with type of Mo found to have 6 coordinates with atom types of O
atom 195 with type of Mo found to have 6 coordinates with atom types of O
atom 580 with type of Mo found to have 5 coordinates with atom types of O
atom 581 with type of Mo found to have 5 coordinates with atom types of O
atom 582 with type of Mo found to have 6 coordinates with atom types of O
atom 583 with type of Mo found to have 6 coordinates with atom types of O
atom 200 with type of Mo found to have 6 coordinates with atom types of O
atom 201 with type of Mo found to have 6 coordinates with atom types of O
atom 588 with type of Mo found to have 6 coordinates with atom types of O
atom 589 with type of Mo found to have 6 coordinates with atom types of O
atom 590 with type of Mo found to have 6 coordinates with atom types of O
atom 591 with type of Mo found to have 6 coordinates with atom types of O
atom 718 with type of Co found to have 6 coordinates with atom types of O,N
atom 719 with type of Co found to have 6 coordinates with atom types of O,N
atom 830 with type of Mo found to have 6 coordinates with atom types of O
atom 831 with type of Mo found to have 6 coordinates with atom types of O
atom 762 with type of Zn found to have 5 coordinates with atom types of O,N
atom 106 with type of Zn found to have 5 coordinates with atom types of O,N
atom 107 with type of Zn found to have 5 coordinates with atom types of O,N
atom 108 with type of Zn found to have 5 coordinates with atom types of O,N
atom 109 with type of Zn found to have 5 coordinates with atom types of O,N
atom 366 with type of Zn found to have 4 coordinates with atom types of O
atom 367 with type of Zn found to have 4 coordinates with atom types of O
atom 498 with type of Zn found to have 4 coordinates with atom types of O
atom 499 with type of Zn found to have 4 coordinates with atom types of O
atom 244 with type of Co found to have 6 coordinates with atom types of N
atom 245 with type of Co found to have 6 coordinates with atom types of N
atom 372 with type of Zn found to have 4 coordinates with atom types of O
atom 373 with type of Zn found to have 4 coordinates with atom types of O
atom 504 with type of Zn found to have 4 coordinates with atom types of O
atom 505 with type of Zn found to have 4 coordinates with atom types of O
atom 626 with type of Co found to have 6 coordinates with atom types of N
atom 627 with type of Co found to have 6 coordinates with atom types of N
atom 764 with type of Zn found to have 5 coordinates with atom types of O,N
atom 765 with type of Zn found to have 5 coordinates with atom types of O,N
atom 763 with type of Zn found to have 5 coordinates with atom types of O,N
XAPFUS, (min_max_linker_length,max_min_linker_length): 2 , 6

Structure has SHORT ligand

