atom 0 with type of Cu found to have 6 coordinates with atom types of O,N
atom 1 with type of Cu found to have 6 coordinates with atom types of O,N
atom 258 with type of W found to have 5 coordinates with atom types of O
atom 259 with type of W found to have 5 coordinates with atom types of O
atom 4 with type of W found to have 6 coordinates with atom types of O
atom 5 with type of W found to have 6 coordinates with atom types of O
atom 136 with type of W found to have 6 coordinates with atom types of O
atom 137 with type of W found to have 6 coordinates with atom types of O
atom 10 with type of W found to have 6 coordinates with atom types of O
atom 11 with type of W found to have 6 coordinates with atom types of O
atom 142 with type of W found to have 6 coordinates with atom types of O
atom 143 with type of W found to have 6 coordinates with atom types of O
atom 146 with type of Cu found to have 6 coordinates with atom types of O,N
atom 147 with type of Cu found to have 6 coordinates with atom types of O,N
atom 148 with type of W found to have 6 coordinates with atom types of O
atom 149 with type of W found to have 6 coordinates with atom types of O
atom 280 with type of W found to have 6 coordinates with atom types of O
atom 281 with type of W found to have 6 coordinates with atom types of O
atom 154 with type of W found to have 6 coordinates with atom types of O
atom 155 with type of W found to have 6 coordinates with atom types of O
atom 286 with type of W found to have 6 coordinates with atom types of O
atom 287 with type of W found to have 6 coordinates with atom types of O
atom 32 with type of W found to have 5 coordinates with atom types of O
atom 33 with type of W found to have 5 coordinates with atom types of O
atom 42 with type of W found to have 5 coordinates with atom types of O
atom 43 with type of W found to have 5 coordinates with atom types of O
atom 44 with type of W found to have 5 coordinates with atom types of O
atom 45 with type of W found to have 5 coordinates with atom types of O
atom 176 with type of W found to have 5 coordinates with atom types of O
atom 177 with type of W found to have 5 coordinates with atom types of O
atom 50 with type of W found to have 5 coordinates with atom types of O
atom 51 with type of W found to have 5 coordinates with atom types of O
atom 186 with type of W found to have 5 coordinates with atom types of O
atom 187 with type of W found to have 5 coordinates with atom types of O
atom 188 with type of W found to have 5 coordinates with atom types of O
atom 189 with type of W found to have 5 coordinates with atom types of O
atom 194 with type of W found to have 5 coordinates with atom types of O
atom 195 with type of W found to have 5 coordinates with atom types of O
atom 96 with type of W found to have 5 coordinates with atom types of O
atom 97 with type of W found to have 5 coordinates with atom types of O
atom 102 with type of W found to have 5 coordinates with atom types of O
atom 103 with type of W found to have 5 coordinates with atom types of O
atom 104 with type of W found to have 5 coordinates with atom types of O
atom 105 with type of W found to have 5 coordinates with atom types of O
atom 240 with type of W found to have 5 coordinates with atom types of O
atom 241 with type of W found to have 5 coordinates with atom types of O
atom 114 with type of W found to have 5 coordinates with atom types of O
atom 115 with type of W found to have 5 coordinates with atom types of O
atom 246 with type of W found to have 5 coordinates with atom types of O
atom 247 with type of W found to have 5 coordinates with atom types of O
atom 248 with type of W found to have 5 coordinates with atom types of O
atom 249 with type of W found to have 5 coordinates with atom types of O
PURNEX, (min_max_linker_length,max_min_linker_length): 2 , 9

Structure has SHORT ligand

MOF SBU is a 1D rod
