atom 1 with type of K found to have 8 coordinates with atom types of O
atom 2 with type of K found to have 8 coordinates with atom types of O
atom 388 with type of W found to have 6 coordinates with atom types of O
atom 389 with type of W found to have 6 coordinates with atom types of O
atom 390 with type of W found to have 6 coordinates with atom types of O
atom 391 with type of W found to have 6 coordinates with atom types of O
atom 138 with type of W found to have 5 coordinates with atom types of O
atom 139 with type of W found to have 5 coordinates with atom types of O
atom 272 with type of W found to have 5 coordinates with atom types of O
atom 273 with type of W found to have 5 coordinates with atom types of O
atom 20 with type of W found to have 6 coordinates with atom types of O
atom 21 with type of W found to have 6 coordinates with atom types of O
atom 22 with type of W found to have 6 coordinates with atom types of O
atom 23 with type of W found to have 6 coordinates with atom types of O
atom 28 with type of W found to have 6 coordinates with atom types of O
atom 29 with type of W found to have 6 coordinates with atom types of O
atom 158 with type of W found to have 5 coordinates with atom types of O
atom 159 with type of Co found to have 5 coordinates with atom types of O
atom 160 with type of Co found to have 5 coordinates with atom types of O
atom 161 with type of W found to have 5 coordinates with atom types of O
atom 38 with type of Cu found to have 5 coordinates with atom types of O,N
atom 39 with type of Cu found to have 5 coordinates with atom types of O,N
atom 168 with type of Cu found to have 5 coordinates with atom types of O,N
atom 169 with type of Cu found to have 5 coordinates with atom types of O,N
atom 46 with type of Co found to have 5 coordinates with atom types of O
atom 47 with type of W found to have 5 coordinates with atom types of O
atom 48 with type of W found to have 5 coordinates with atom types of O
atom 49 with type of Co found to have 5 coordinates with atom types of O
atom 178 with type of W found to have 6 coordinates with atom types of O
atom 179 with type of W found to have 6 coordinates with atom types of O
atom 184 with type of W found to have 6 coordinates with atom types of O
atom 185 with type of W found to have 6 coordinates with atom types of O
atom 186 with type of W found to have 6 coordinates with atom types of O
atom 187 with type of W found to have 6 coordinates with atom types of O
atom 68 with type of W found to have 5 coordinates with atom types of O
atom 69 with type of W found to have 5 coordinates with atom types of O
atom 204 with type of K found to have 8 coordinates with atom types of O
atom 207 with type of K found to have 8 coordinates with atom types of O
atom 342 with type of W found to have 5 coordinates with atom types of O
atom 343 with type of W found to have 5 coordinates with atom types of O
atom 224 with type of W found to have 6 coordinates with atom types of O
atom 225 with type of W found to have 6 coordinates with atom types of O
atom 226 with type of W found to have 6 coordinates with atom types of O
atom 227 with type of W found to have 6 coordinates with atom types of O
atom 232 with type of W found to have 6 coordinates with atom types of O
atom 233 with type of W found to have 6 coordinates with atom types of O
atom 362 with type of Co found to have 5 coordinates with atom types of O
atom 363 with type of W found to have 5 coordinates with atom types of O
atom 364 with type of W found to have 5 coordinates with atom types of O
atom 365 with type of Co found to have 5 coordinates with atom types of O
atom 242 with type of Cu found to have 5 coordinates with atom types of O,N
atom 243 with type of Cu found to have 5 coordinates with atom types of O,N
atom 372 with type of Cu found to have 5 coordinates with atom types of O,N
atom 373 with type of Cu found to have 5 coordinates with atom types of O,N
atom 250 with type of W found to have 5 coordinates with atom types of O
atom 251 with type of Co found to have 5 coordinates with atom types of O
atom 252 with type of Co found to have 5 coordinates with atom types of O
atom 253 with type of W found to have 5 coordinates with atom types of O
atom 382 with type of W found to have 6 coordinates with atom types of O
atom 383 with type of W found to have 6 coordinates with atom types of O
PURNIB, (min_max_linker_length,max_min_linker_length): 2 , 9

Structure has SHORT ligand

MOF SBU is a 1D rod
