atom 288 with type of Zn found to have 4 coordinates with atom types of O,N
atom 289 with type of Zn found to have 4 coordinates with atom types of O,N
atom 439 with type of Zn found to have 4 coordinates with atom types of O
atom 558 with type of Zn found to have 4 coordinates with atom types of O,N
atom 559 with type of Zn found to have 4 coordinates with atom types of O,N
atom 306 with type of Zn found to have 4 coordinates with atom types of O,N
atom 307 with type of Zn found to have 4 coordinates with atom types of O,N
atom 372 with type of Zn found to have 4 coordinates with atom types of O,N
atom 373 with type of Zn found to have 4 coordinates with atom types of O,N
atom 406 with type of Zn found to have 4 coordinates with atom types of O
atom 407 with type of Zn found to have 4 coordinates with atom types of O
atom 438 with type of Zn found to have 4 coordinates with atom types of O
atom 474 with type of Zn found to have 4 coordinates with atom types of O,N
atom 475 with type of Zn found to have 4 coordinates with atom types of O,N
atom 540 with type of Zn found to have 4 coordinates with atom types of O,N
atom 541 with type of Zn found to have 4 coordinates with atom types of O,N
found ligand
found ligand
found ligand
found ligand
SOSFOX, (min_max_linker_length,max_min_linker_length): 2 , 9

Structure has SHORT ligand

