atom 1792 with type of Co found to have 4 coordinates with atom types of O,N
atom 769 with type of Co found to have 4 coordinates with atom types of O,N
atom 1410 with type of Co found to have 4 coordinates with atom types of O,N
atom 1414 with type of Co found to have 4 coordinates with atom types of O
atom 1543 with type of Co found to have 4 coordinates with atom types of O
atom 776 with type of Co found to have 4 coordinates with atom types of O,N
atom 1547 with type of Co found to have 4 coordinates with atom types of O,N
atom 1165 with type of Co found to have 4 coordinates with atom types of O,N
atom 1935 with type of Co found to have 4 coordinates with atom types of O,N
atom 529 with type of Co found to have 4 coordinates with atom types of O,N
atom 274 with type of Co found to have 4 coordinates with atom types of N
atom 1299 with type of Co found to have 4 coordinates with atom types of O,N
atom 276 with type of Co found to have 4 coordinates with atom types of O,N
atom 917 with type of Co found to have 4 coordinates with atom types of O,N
atom 1688 with type of Co found to have 4 coordinates with atom types of O,N
atom 921 with type of Co found to have 4 coordinates with atom types of O
atom 1050 with type of Co found to have 4 coordinates with atom types of O
atom 283 with type of Co found to have 4 coordinates with atom types of O,N
atom 1054 with type of Co found to have 4 coordinates with atom types of O,N
atom 1695 with type of Co found to have 4 coordinates with atom types of O,N
atom 672 with type of Co found to have 4 coordinates with atom types of O,N
atom 1697 with type of Co found to have 4 coordinates with atom types of N
atom 1442 with type of Co found to have 4 coordinates with atom types of O,N
atom 36 with type of Co found to have 4 coordinates with atom types of O,N
atom 806 with type of Co found to have 4 coordinates with atom types of O,N
atom 424 with type of Co found to have 4 coordinates with atom types of O,N
atom 1195 with type of Co found to have 4 coordinates with atom types of O,N
atom 428 with type of Co found to have 4 coordinates with atom types of O
atom 557 with type of Co found to have 4 coordinates with atom types of O
atom 561 with type of Co found to have 4 coordinates with atom types of O,N
atom 1202 with type of Co found to have 4 coordinates with atom types of O,N
atom 179 with type of Co found to have 4 coordinates with atom types of O,N
atom 1204 with type of Co found to have 4 coordinates with atom types of N
atom 949 with type of Co found to have 4 coordinates with atom types of O,N
atom 313 with type of Co found to have 4 coordinates with atom types of O,N
atom 1723 with type of Co found to have 4 coordinates with atom types of O,N
atom 1725 with type of Co found to have 4 coordinates with atom types of N
atom 702 with type of Co found to have 4 coordinates with atom types of O,N
atom 1727 with type of Co found to have 4 coordinates with atom types of O,N
atom 64 with type of Co found to have 4 coordinates with atom types of O
atom 68 with type of Co found to have 4 coordinates with atom types of O,N
atom 709 with type of Co found to have 4 coordinates with atom types of O,N
atom 711 with type of Co found to have 4 coordinates with atom types of N
atom 456 with type of Co found to have 4 coordinates with atom types of O,N
atom 1230 with type of Co found to have 4 coordinates with atom types of O,N
atom 1232 with type of Co found to have 4 coordinates with atom types of N
atom 209 with type of Co found to have 4 coordinates with atom types of O,N
atom 1234 with type of Co found to have 4 coordinates with atom types of O,N
atom 216 with type of Co found to have 4 coordinates with atom types of O,N
atom 1753 with type of Co found to have 4 coordinates with atom types of N
atom 218 with type of Co found to have 4 coordinates with atom types of N
atom 1755 with type of Co found to have 4 coordinates with atom types of O,N
atom 737 with type of Co found to have 4 coordinates with atom types of O,N
atom 1762 with type of Co found to have 4 coordinates with atom types of O,N
atom 739 with type of Co found to have 4 coordinates with atom types of N
atom 741 with type of Co found to have 4 coordinates with atom types of O,N
atom 1515 with type of Co found to have 4 coordinates with atom types of O,N
atom 1260 with type of Co found to have 4 coordinates with atom types of N
atom 1262 with type of Co found to have 4 coordinates with atom types of O,N
atom 1903 with type of Co found to have 4 coordinates with atom types of O,N
atom 1907 with type of Co found to have 4 coordinates with atom types of O
atom 244 with type of Co found to have 4 coordinates with atom types of O,N
atom 1269 with type of Co found to have 4 coordinates with atom types of O,N
atom 246 with type of Co found to have 4 coordinates with atom types of N
atom 248 with type of Co found to have 4 coordinates with atom types of O,N
atom 1658 with type of Co found to have 4 coordinates with atom types of O,N
atom 1022 with type of Co found to have 4 coordinates with atom types of O,N
atom 767 with type of Co found to have 4 coordinates with atom types of N
POXHER, (min_max_linker_length,max_min_linker_length): 5 , 2

Structure has LONG ligand

