VEPDEB found to be an interpenetrated structure
atom 224 with type of Fe found to have 6 coordinates with atom types of N
atom 262 with type of Au found to have 2 coordinates with atom types of C
atom 173 with type of Fe found to have 6 coordinates with atom types of N
atom 174 with type of Au found to have 2 coordinates with atom types of C
atom 175 with type of Fe found to have 6 coordinates with atom types of N
atom 112 with type of Au found to have 2 coordinates with atom types of C
atom 111 with type of Au found to have 2 coordinates with atom types of C
atom 176 with type of Au found to have 2 coordinates with atom types of C
atom 237 with type of Au found to have 2 coordinates with atom types of C
atom 238 with type of Au found to have 2 coordinates with atom types of C
atom 87 with type of Au found to have 2 coordinates with atom types of C
atom 125 with type of Fe found to have 6 coordinates with atom types of N
atom 126 with type of Fe found to have 6 coordinates with atom types of N
atom 223 with type of Fe found to have 6 coordinates with atom types of N
found ligand
found ligand
found ligand
found ligand
found ligand
found ligand
found ligand
found ligand
VEPDEB, (min_max_linker_length,max_min_linker_length): 1 , 1
Structure has extremely short ligands
Structure has extremely short ligands
