atom 193 with type of Zn found to have 4 coordinates with atom types of N
atom 2 with type of Zn found to have 4 coordinates with atom types of N
atom 9 with type of Zn found to have 4 coordinates with atom types of N
atom 138 with type of Fe found to have 6 coordinates with atom types of C
atom 78 with type of Zn found to have 4 coordinates with atom types of N
atom 18 with type of Zn found to have 4 coordinates with atom types of N
atom 146 with type of Zn found to have 4 coordinates with atom types of N
atom 22 with type of Fe found to have 6 coordinates with atom types of C
atom 90 with type of Zn found to have 4 coordinates with atom types of N
atom 158 with type of Fe found to have 6 coordinates with atom types of C
atom 32 with type of Fe found to have 6 coordinates with atom types of C
atom 163 with type of Fe found to have 6 coordinates with atom types of C
atom 37 with type of Fe found to have 6 coordinates with atom types of C
atom 105 with type of Zn found to have 4 coordinates with atom types of N
atom 173 with type of Fe found to have 6 coordinates with atom types of C
atom 49 with type of Zn found to have 4 coordinates with atom types of N
atom 177 with type of Zn found to have 4 coordinates with atom types of N
atom 117 with type of Zn found to have 4 coordinates with atom types of N
atom 57 with type of Fe found to have 6 coordinates with atom types of C
atom 186 with type of Zn found to have 4 coordinates with atom types of N
found ligand
found ligand
found ligand
found ligand
found ligand
found ligand
found ligand
found ligand
BIQHIU, (min_max_linker_length,max_min_linker_length): 1 , 1
Structure has extremely short ligands
Structure has extremely short ligands
