atom 0 with type of Cd found to have 6 coordinates with atom types of O
atom 1 with type of Cd found to have 6 coordinates with atom types of O
atom 1216 with type of Cd found to have 5 coordinates with atom types of N,O
atom 517 with type of Cd found to have 6 coordinates with atom types of N,O
atom 518 with type of Cd found to have 5 coordinates with atom types of N,O
atom 1228 with type of Cd found to have 6 coordinates with atom types of N,O
atom 530 with type of Cd found to have 6 coordinates with atom types of N,O
atom 1043 with type of Cd found to have 6 coordinates with atom types of O
atom 345 with type of Cd found to have 6 coordinates with atom types of O
atom 1052 with type of Cd found to have 6 coordinates with atom types of O
atom 354 with type of Cd found to have 6 coordinates with atom types of O
atom 867 with type of Cd found to have 6 coordinates with atom types of N,O
atom 169 with type of Cd found to have 6 coordinates with atom types of N,O
atom 879 with type of Cd found to have 5 coordinates with atom types of N,O
atom 880 with type of Cd found to have 6 coordinates with atom types of N,O
atom 181 with type of Cd found to have 5 coordinates with atom types of N,O
atom 182 with type of Cd found to have 6 coordinates with atom types of N,O
atom 887 with type of Cd found to have 6 coordinates with atom types of N,O
atom 1208 with type of Cd found to have 6 coordinates with atom types of N,O
atom 698 with type of Cd found to have 6 coordinates with atom types of O
atom 699 with type of Cd found to have 6 coordinates with atom types of O
atom 189 with type of Cd found to have 6 coordinates with atom types of N,O
atom 510 with type of Cd found to have 6 coordinates with atom types of N,O
atom 1215 with type of Cd found to have 6 coordinates with atom types of N,O
found ligand
found ligand
found ligand
found ligand
found ligand
found ligand
found ligand
found ligand
found ligand
found ligand
found ligand
found ligand
found ligand
found ligand
found ligand
found ligand
HUFKOK, (min_max_linker_length,max_min_linker_length): 13 , 13

Structure has LONG ligand

