atom 0 with type of Ni found to have 6 coordinates with atom types of O,N
atom 65 with type of Ni found to have 6 coordinates with atom types of O,N
atom 130 with type of Ni found to have 6 coordinates with atom types of O,N
atom 195 with type of Ni found to have 6 coordinates with atom types of O,N
atom 18 with type of Ni found to have 6 coordinates with atom types of O,N
atom 83 with type of Ni found to have 6 coordinates with atom types of O,N
atom 148 with type of Ni found to have 6 coordinates with atom types of O,N
atom 213 with type of Ni found to have 6 coordinates with atom types of O,N
atom 22 with type of Ni found to have 6 coordinates with atom types of O
atom 87 with type of Ni found to have 6 coordinates with atom types of O
atom 152 with type of Ni found to have 6 coordinates with atom types of O
atom 217 with type of Ni found to have 6 coordinates with atom types of O
atom 43 with type of Ni found to have 6 coordinates with atom types of O
atom 108 with type of Ni found to have 6 coordinates with atom types of O
atom 173 with type of Ni found to have 6 coordinates with atom types of O
atom 238 with type of Ni found to have 6 coordinates with atom types of O
atom 47 with type of Ni found to have 6 coordinates with atom types of O,N
atom 112 with type of Ni found to have 6 coordinates with atom types of O,N
atom 177 with type of Ni found to have 6 coordinates with atom types of O,N
atom 242 with type of Ni found to have 6 coordinates with atom types of O,N
VEQBID, (min_max_linker_length,max_min_linker_length): 5 , 2

Structure has LONG ligand

MOF SBU is a 1D rod
