atom 2 with type of Mo found to have 4 coordinates with atom types of O
atom 3 with type of Ni found to have 6 coordinates with atom types of O,N
atom 4 with type of Ni found to have 6 coordinates with atom types of O,N
atom 326 with type of Mo found to have 4 coordinates with atom types of O
atom 329 with type of Ni found to have 6 coordinates with atom types of O,N
atom 273 with type of Mo found to have 4 coordinates with atom types of O
atom 18 with type of Ni found to have 6 coordinates with atom types of O,N
atom 149 with type of Ni found to have 6 coordinates with atom types of O,N
atom 343 with type of Ni found to have 6 coordinates with atom types of O,N
atom 56 with type of Mo found to have 4 coordinates with atom types of O
atom 218 with type of Mo found to have 4 coordinates with atom types of O
atom 474 with type of Ni found to have 6 coordinates with atom types of O,N
atom 165 with type of Ni found to have 6 coordinates with atom types of O,N
atom 166 with type of Mo found to have 4 coordinates with atom types of O
atom 111 with type of Mo found to have 4 coordinates with atom types of O
atom 180 with type of Ni found to have 6 coordinates with atom types of O,N
atom 436 with type of Mo found to have 4 coordinates with atom types of O
atom 311 with type of Ni found to have 6 coordinates with atom types of O,N
atom 312 with type of Ni found to have 6 coordinates with atom types of O,N
atom 381 with type of Mo found to have 4 coordinates with atom types of O
MOOFOUR-1-Ni, (min_max_linker_length,max_min_linker_length): 9 , 9

Structure has LONG ligand

MOF SBU is a 1D rod
