atom 522 with type of Nd found to have 8 coordinates with atom types of O
atom 523 with type of Nd found to have 8 coordinates with atom types of O
atom 526 with type of Nd found to have 10 coordinates with atom types of C,O
atom 527 with type of Nd found to have 10 coordinates with atom types of C,O
atom 1198 with type of Nd found to have 8 coordinates with atom types of O
atom 1199 with type of Nd found to have 8 coordinates with atom types of O
atom 824 with type of Nd found to have 10 coordinates with atom types of C,O
atom 1202 with type of Nd found to have 10 coordinates with atom types of C,O
atom 148 with type of Nd found to have 10 coordinates with atom types of C,O
atom 149 with type of Nd found to have 10 coordinates with atom types of C,O
atom 1203 with type of Nd found to have 10 coordinates with atom types of C,O
atom 825 with type of Nd found to have 10 coordinates with atom types of C,O
atom 152 with type of Nd found to have 8 coordinates with atom types of O
atom 153 with type of Nd found to have 8 coordinates with atom types of O
atom 828 with type of Nd found to have 8 coordinates with atom types of O
atom 829 with type of Nd found to have 8 coordinates with atom types of O
found ligand
found ligand
found ligand
found ligand
found ligand
found ligand
found ligand
found ligand
CIMTEZ, (min_max_linker_length,max_min_linker_length): 2 , 2

Structure has SHORT ligand

