atom 258 with type of Mg found to have 6 coordinates with atom types of O
atom 259 with type of Mg found to have 6 coordinates with atom types of O
atom 260 with type of Mg found to have 6 coordinates with atom types of O
atom 261 with type of Mg found to have 6 coordinates with atom types of O
atom 134 with type of Mg found to have 6 coordinates with atom types of O
atom 135 with type of Mg found to have 6 coordinates with atom types of O
atom 136 with type of Mg found to have 6 coordinates with atom types of O
atom 9 with type of Mg found to have 6 coordinates with atom types of O
atom 10 with type of Mg found to have 6 coordinates with atom types of O
atom 11 with type of Mg found to have 6 coordinates with atom types of O
atom 12 with type of Mg found to have 6 coordinates with atom types of O
atom 13 with type of Mg found to have 6 coordinates with atom types of O
atom 137 with type of Mg found to have 6 coordinates with atom types of O
atom 265 with type of Mg found to have 6 coordinates with atom types of O
atom 266 with type of Mg found to have 6 coordinates with atom types of O
atom 267 with type of Mg found to have 6 coordinates with atom types of O
atom 401 with type of Mg found to have 6 coordinates with atom types of O
atom 275 with type of Mg found to have 6 coordinates with atom types of O
atom 276 with type of Mg found to have 6 coordinates with atom types of O
atom 21 with type of Mg found to have 6 coordinates with atom types of O
atom 22 with type of Mg found to have 6 coordinates with atom types of O
atom 23 with type of Mg found to have 6 coordinates with atom types of O
atom 402 with type of Mg found to have 6 coordinates with atom types of O
atom 403 with type of Mg found to have 6 coordinates with atom types of O
atom 404 with type of Mg found to have 6 coordinates with atom types of O
atom 27 with type of Mg found to have 6 coordinates with atom types of O
atom 28 with type of Mg found to have 6 coordinates with atom types of O
atom 29 with type of Mg found to have 6 coordinates with atom types of O
atom 30 with type of Mg found to have 6 coordinates with atom types of O
atom 31 with type of Mg found to have 6 coordinates with atom types of O
atom 156 with type of Mg found to have 6 coordinates with atom types of O
atom 157 with type of Mg found to have 6 coordinates with atom types of O
atom 409 with type of Mg found to have 6 coordinates with atom types of O
atom 410 with type of Mg found to have 6 coordinates with atom types of O
atom 411 with type of Mg found to have 6 coordinates with atom types of O
atom 165 with type of Mg found to have 6 coordinates with atom types of O
atom 166 with type of Mg found to have 6 coordinates with atom types of O
atom 167 with type of Mg found to have 6 coordinates with atom types of O
atom 168 with type of Mg found to have 6 coordinates with atom types of O
atom 295 with type of Mg found to have 6 coordinates with atom types of O
atom 296 with type of Mg found to have 6 coordinates with atom types of O
atom 297 with type of Mg found to have 6 coordinates with atom types of O
atom 172 with type of Mg found to have 6 coordinates with atom types of O
atom 173 with type of Mg found to have 6 coordinates with atom types of O
atom 174 with type of Mg found to have 6 coordinates with atom types of O
atom 175 with type of Mg found to have 6 coordinates with atom types of O
atom 298 with type of Mg found to have 6 coordinates with atom types of O
atom 306 with type of Mg found to have 6 coordinates with atom types of O
atom 307 with type of Mg found to have 6 coordinates with atom types of O
atom 308 with type of Mg found to have 6 coordinates with atom types of O
atom 309 with type of Mg found to have 6 coordinates with atom types of O
atom 310 with type of Mg found to have 6 coordinates with atom types of O
atom 314 with type of Mg found to have 6 coordinates with atom types of O
atom 315 with type of Mg found to have 6 coordinates with atom types of O
atom 316 with type of Mg found to have 6 coordinates with atom types of O
atom 317 with type of Mg found to have 6 coordinates with atom types of O
atom 318 with type of Mg found to have 6 coordinates with atom types of O
atom 419 with type of Mg found to have 6 coordinates with atom types of O
atom 420 with type of Mg found to have 6 coordinates with atom types of O
atom 421 with type of Mg found to have 6 coordinates with atom types of O
atom 422 with type of Mg found to have 6 coordinates with atom types of O
atom 423 with type of Mg found to have 6 coordinates with atom types of O
atom 114 with type of Mg found to have 6 coordinates with atom types of O
atom 115 with type of Mg found to have 6 coordinates with atom types of O
atom 116 with type of Mg found to have 6 coordinates with atom types of O
atom 117 with type of Mg found to have 6 coordinates with atom types of O
atom 118 with type of Mg found to have 6 coordinates with atom types of O
atom 405 with type of Mg found to have 6 coordinates with atom types of O
atom 122 with type of Mg found to have 6 coordinates with atom types of O
atom 123 with type of Mg found to have 6 coordinates with atom types of O
atom 124 with type of Mg found to have 6 coordinates with atom types of O
atom 125 with type of Mg found to have 6 coordinates with atom types of O
atom 126 with type of Mg found to have 6 coordinates with atom types of O
found ligand
found ligand
found ligand
found ligand
found ligand
found ligand
found ligand
found ligand
found ligand
found ligand
found ligand
found ligand
found ligand
found ligand
found ligand
found ligand
found ligand
found ligand
Mg-MOF-74, (min_max_linker_length,max_min_linker_length): 7 , 2

Structure has LONG ligand

MOF SBU is a 1D rod
