FIVZIU found to be an interpenetrated structure
atom 64 with type of Sn found to have 6 coordinates with atom types of N,C,O
atom 81 with type of Sn found to have 6 coordinates with atom types of N,C,O
atom 247 with type of Sn found to have 6 coordinates with atom types of N,C,O
atom 120 with type of Sn found to have 6 coordinates with atom types of N,C,O
atom 286 with type of Sn found to have 6 coordinates with atom types of N,C,O
atom 303 with type of Sn found to have 6 coordinates with atom types of N,C,O
found ligand
found ligand
found ligand
found ligand
found ligand
found ligand
found ligand
found ligand
found ligand
found ligand
found ligand
found ligand
found ligand
found ligand
found ligand
found ligand
found ligand
found ligand
FIVZIU, (min_max_linker_length,max_min_linker_length): 7 , 3

Structure has LONG ligand

