atom 641 with type of Zn found to have 4 coordinates with atom types of O
atom 67 with type of Zn found to have 4 coordinates with atom types of O,N
atom 101 with type of Zn found to have 4 coordinates with atom types of O,N
atom 391 with type of Zn found to have 4 coordinates with atom types of O,N
atom 203 with type of Zn found to have 4 coordinates with atom types of O
atom 427 with type of Zn found to have 4 coordinates with atom types of O,N
atom 461 with type of Zn found to have 4 coordinates with atom types of O,N
atom 14 with type of Zn found to have 4 coordinates with atom types of O,N
atom 83 with type of Zn found to have 4 coordinates with atom types of O,N
atom 563 with type of Zn found to have 4 coordinates with atom types of O
atom 86 with type of Zn found to have 4 coordinates with atom types of O,N
atom 374 with type of Zn found to have 4 coordinates with atom types of O,N
atom 281 with type of Zn found to have 4 coordinates with atom types of O
atom 443 with type of Zn found to have 4 coordinates with atom types of O,N
atom 446 with type of Zn found to have 4 coordinates with atom types of O,N
atom 31 with type of Zn found to have 4 coordinates with atom types of O,N
found ligand
found ligand
found ligand
found ligand
SOSFUD, (min_max_linker_length,max_min_linker_length): 2 , 7

Structure has SHORT ligand

