atom 80 with type of Mn found to have 6 coordinates with atom types of N
atom 112 with type of Nb found to have 8 coordinates with atom types of C
atom 82 with type of Mn found to have 6 coordinates with atom types of N
atom 193 with type of Mn found to have 6 coordinates with atom types of N
atom 56 with type of Nb found to have 8 coordinates with atom types of C
atom 88 with type of Mn found to have 6 coordinates with atom types of N
found ligand
found ligand
found ligand
found ligand
found ligand
found ligand
found ligand
found ligand
found ligand
found ligand
found ligand
found ligand
found ligand
found ligand
found ligand
found ligand
found ligand
found ligand
found ligand
found ligand
found ligand
found ligand
found ligand
found ligand
EPOMUT, (min_max_linker_length,max_min_linker_length): 1 , 1
Structure has extremely short ligands
Structure has extremely short ligands
