TIFCOA found to be an interpenetrated structure
atom 192 with type of Ag found to have 1 coordinates with atom types of N
atom 198 with type of Ag found to have 3 coordinates with atom types of C,O
atom 199 with type of Ag found to have 3 coordinates with atom types of C,O
atom 263 with type of Ag found to have 2 coordinates with atom types of O
atom 137 with type of Ag found to have 2 coordinates with atom types of C,O
atom 75 with type of Ag found to have 3 coordinates with atom types of C,O
atom 139 with type of Ag found to have 3 coordinates with atom types of N,O
atom 204 with type of Ag found to have 2 coordinates with atom types of O
atom 268 with type of Ag found to have 3 coordinates with atom types of C,O
atom 269 with type of Ag found to have 3 coordinates with atom types of C,O
atom 16 with type of Ag found to have 3 coordinates with atom types of N,O
atom 80 with type of Ag found to have 3 coordinates with atom types of C,O
atom 18 with type of Ag found to have 2 coordinates with atom types of C,O
atom 275 with type of Ag found to have 1 coordinates with atom types of N
atom 216 with type of Ag found to have 2 coordinates with atom types of O
atom 95 with type of Ag found to have 2 coordinates with atom types of O
atom 36 with type of Ag found to have 1 coordinates with atom types of N
atom 293 with type of Ag found to have 2 coordinates with atom types of C,O
atom 231 with type of Ag found to have 3 coordinates with atom types of C,O
atom 295 with type of Ag found to have 3 coordinates with atom types of N,O
atom 42 with type of Ag found to have 3 coordinates with atom types of C,O
atom 43 with type of Ag found to have 3 coordinates with atom types of C,O
atom 107 with type of Ag found to have 2 coordinates with atom types of O
atom 172 with type of Ag found to have 3 coordinates with atom types of N,O
atom 174 with type of Ag found to have 2 coordinates with atom types of C,O
atom 236 with type of Ag found to have 3 coordinates with atom types of C,O
atom 48 with type of Ag found to have 2 coordinates with atom types of O
atom 112 with type of Ag found to have 3 coordinates with atom types of C,O
atom 113 with type of Ag found to have 3 coordinates with atom types of C,O
atom 119 with type of Ag found to have 1 coordinates with atom types of N
atom 251 with type of Ag found to have 2 coordinates with atom types of O
atom 60 with type of Ag found to have 2 coordinates with atom types of O
found ligand
found ligand
found ligand
found ligand
found ligand
found ligand
found ligand
found ligand
found ligand
found ligand
found ligand
found ligand
TIFCOA, (min_max_linker_length,max_min_linker_length): 1 , 2
Structure has extremely short ligands
Structure has extremely short ligands
