FIVZEQ found to be an interpenetrated structure
atom 132 with type of Sn found to have 6 coordinates with atom types of O,N,C
atom 69 with type of Sn found to have 6 coordinates with atom types of O,N,C
atom 324 with type of Sn found to have 6 coordinates with atom types of O,N,C
atom 383 with type of Sn found to have 6 coordinates with atom types of O,N,C
atom 487 with type of Sn found to have 6 coordinates with atom types of O,N,C
atom 336 with type of Sn found to have 6 coordinates with atom types of O,N,C
atom 273 with type of Sn found to have 6 coordinates with atom types of O,N,C
atom 242 with type of Sn found to have 6 coordinates with atom types of O,N,C
atom 179 with type of Sn found to have 6 coordinates with atom types of O,N,C
atom 28 with type of Sn found to have 6 coordinates with atom types of O,N,C
atom 446 with type of Sn found to have 6 coordinates with atom types of O,N,C
atom 191 with type of Sn found to have 6 coordinates with atom types of O,N,C
found ligand
found ligand
found ligand
found ligand
found ligand
found ligand
found ligand
found ligand
found ligand
found ligand
found ligand
found ligand
found ligand
found ligand
found ligand
found ligand
found ligand
found ligand
found ligand
found ligand
found ligand
found ligand
found ligand
found ligand
FIVZEQ, (min_max_linker_length,max_min_linker_length): 7 , 3

Structure has LONG ligand

