atom 0 with type of Cu found to have 4 coordinates with atom types of N,I
atom 1 with type of Cu found to have 4 coordinates with atom types of I,N
atom 192 with type of Cu found to have 5 coordinates with atom types of N,O
atom 193 with type of Cu found to have 5 coordinates with atom types of N,O
atom 576 with type of Cu found to have 4 coordinates with atom types of N,I
atom 577 with type of Cu found to have 4 coordinates with atom types of N,I
atom 6 with type of Cu found to have 5 coordinates with atom types of N,O
atom 7 with type of Cu found to have 5 coordinates with atom types of N,O
atom 200 with type of Cu found to have 4 coordinates with atom types of I,N
atom 201 with type of Cu found to have 4 coordinates with atom types of N,I
atom 751 with type of Cu found to have 4 coordinates with atom types of N,I
atom 375 with type of Cu found to have 4 coordinates with atom types of I,N
atom 550 with type of Cu found to have 4 coordinates with atom types of N,I
atom 551 with type of Cu found to have 4 coordinates with atom types of N,I
atom 744 with type of Cu found to have 5 coordinates with atom types of N,O
atom 377 with type of Cu found to have 4 coordinates with atom types of I,N
atom 568 with type of Cu found to have 5 coordinates with atom types of N,O
atom 745 with type of Cu found to have 5 coordinates with atom types of N,O
atom 174 with type of Cu found to have 4 coordinates with atom types of N,I
atom 175 with type of Cu found to have 4 coordinates with atom types of I,N
atom 368 with type of Cu found to have 5 coordinates with atom types of N,O
atom 369 with type of Cu found to have 5 coordinates with atom types of N,O
atom 558 with type of Cu found to have 5 coordinates with atom types of N,O
atom 559 with type of Cu found to have 5 coordinates with atom types of N,O
atom 569 with type of Cu found to have 5 coordinates with atom types of N,O
atom 750 with type of Cu found to have 4 coordinates with atom types of I,N
atom 182 with type of Cu found to have 5 coordinates with atom types of N,O
atom 183 with type of Cu found to have 5 coordinates with atom types of N,O
atom 376 with type of Cu found to have 4 coordinates with atom types of N,I
atom 374 with type of Cu found to have 4 coordinates with atom types of N,I
atom 382 with type of Cu found to have 5 coordinates with atom types of N,O
atom 383 with type of Cu found to have 5 coordinates with atom types of N,O
KADLOT, (min_max_linker_length,max_min_linker_length): 8 , 2

Structure has LONG ligand

