atom 0 with type of Mg found to have 6 coordinates with atom types of O
atom 1 with type of Mg found to have 6 coordinates with atom types of O
atom 130 with type of Mg found to have 6 coordinates with atom types of O
atom 131 with type of Mg found to have 6 coordinates with atom types of O
atom 260 with type of Mg found to have 6 coordinates with atom types of O
atom 261 with type of Mg found to have 6 coordinates with atom types of O
atom 390 with type of Mg found to have 6 coordinates with atom types of O
atom 391 with type of Mg found to have 6 coordinates with atom types of O
atom 146 with type of Mg found to have 7 coordinates with atom types of H,O
atom 147 with type of Mg found to have 7 coordinates with atom types of H,O
atom 406 with type of Mg found to have 7 coordinates with atom types of H,O
atom 407 with type of Mg found to have 7 coordinates with atom types of H,O
atom 164 with type of Mg found to have 7 coordinates with atom types of H,O
atom 165 with type of Mg found to have 7 coordinates with atom types of H,O
atom 168 with type of Mg found to have 7 coordinates with atom types of H,O
atom 169 with type of Mg found to have 7 coordinates with atom types of H,O
atom 424 with type of Mg found to have 7 coordinates with atom types of H,O
atom 425 with type of Mg found to have 7 coordinates with atom types of H,O
atom 428 with type of Mg found to have 7 coordinates with atom types of H,O
atom 429 with type of Mg found to have 7 coordinates with atom types of H,O
atom 64 with type of Mg found to have 7 coordinates with atom types of H,O
atom 65 with type of Mg found to have 7 coordinates with atom types of H,O
atom 196 with type of Mg found to have 7 coordinates with atom types of H,O
atom 197 with type of Mg found to have 7 coordinates with atom types of H,O
atom 324 with type of Mg found to have 7 coordinates with atom types of H,O
atom 325 with type of Mg found to have 7 coordinates with atom types of H,O
atom 456 with type of Mg found to have 7 coordinates with atom types of H,O
atom 457 with type of Mg found to have 7 coordinates with atom types of H,O
atom 92 with type of Mg found to have 7 coordinates with atom types of H,O
atom 93 with type of Mg found to have 7 coordinates with atom types of H,O
atom 96 with type of Mg found to have 7 coordinates with atom types of H,O
atom 97 with type of Mg found to have 7 coordinates with atom types of H,O
atom 352 with type of Mg found to have 7 coordinates with atom types of H,O
atom 353 with type of Mg found to have 7 coordinates with atom types of H,O
atom 356 with type of Mg found to have 7 coordinates with atom types of H,O
atom 357 with type of Mg found to have 7 coordinates with atom types of H,O
atom 114 with type of Mg found to have 7 coordinates with atom types of H,O
atom 115 with type of Mg found to have 7 coordinates with atom types of H,O
atom 374 with type of Mg found to have 7 coordinates with atom types of H,O
atom 375 with type of Mg found to have 7 coordinates with atom types of H,O
IHOTEG, (min_max_linker_length,max_min_linker_length): 2 , 2

Structure has SHORT ligand

MOF SBU is a 1D rod
