UQEGEE found to be an interpenetrated structure
atom 1036 with type of Co found to have 4 coordinates with atom types of O,N
atom 1037 with type of Co found to have 4 coordinates with atom types of O,N
atom 1038 with type of Co found to have 4 coordinates with atom types of O,N
atom 1039 with type of Co found to have 4 coordinates with atom types of O,N
atom 1552 with type of Mo found to have 5 coordinates with atom types of O
atom 1553 with type of Mo found to have 5 coordinates with atom types of O
atom 1554 with type of Mo found to have 5 coordinates with atom types of O
atom 1555 with type of Mo found to have 5 coordinates with atom types of O
atom 1560 with type of V found to have 4 coordinates with atom types of O
atom 1561 with type of V found to have 4 coordinates with atom types of O
atom 1563 with type of V found to have 7 coordinates with atom types of O,S
atom 1565 with type of V found to have 7 coordinates with atom types of O,S
atom 1567 with type of Co found to have 4 coordinates with atom types of N
atom 32 with type of Mo found to have 5 coordinates with atom types of O
atom 1569 with type of Co found to have 4 coordinates with atom types of N
atom 35 with type of Mo found to have 5 coordinates with atom types of O
atom 36 with type of Mo found to have 5 coordinates with atom types of O
atom 1571 with type of V found to have 7 coordinates with atom types of S,O
atom 1573 with type of V found to have 7 coordinates with atom types of S,O
atom 39 with type of Mo found to have 5 coordinates with atom types of O
atom 1574 with type of V found to have 4 coordinates with atom types of O
atom 1575 with type of V found to have 4 coordinates with atom types of O
atom 44 with type of Mo found to have 6 coordinates with atom types of O
atom 45 with type of Mo found to have 6 coordinates with atom types of O
atom 46 with type of Mo found to have 6 coordinates with atom types of O
atom 47 with type of Mo found to have 6 coordinates with atom types of O
atom 1580 with type of Mo found to have 5 coordinates with atom types of O
atom 1581 with type of Mo found to have 5 coordinates with atom types of O
atom 1582 with type of Mo found to have 5 coordinates with atom types of O
atom 1583 with type of Mo found to have 5 coordinates with atom types of O
atom 588 with type of Co found to have 4 coordinates with atom types of O,N
atom 589 with type of Co found to have 4 coordinates with atom types of O,N
atom 590 with type of Co found to have 4 coordinates with atom types of O,N
atom 591 with type of Co found to have 4 coordinates with atom types of O,N
atom 1104 with type of Mo found to have 5 coordinates with atom types of O
atom 1105 with type of Mo found to have 5 coordinates with atom types of O
atom 1106 with type of Mo found to have 5 coordinates with atom types of O
atom 1107 with type of Mo found to have 5 coordinates with atom types of O
atom 1112 with type of V found to have 4 coordinates with atom types of O
atom 1113 with type of V found to have 4 coordinates with atom types of O
atom 1114 with type of Co found to have 4 coordinates with atom types of N
atom 1116 with type of V found to have 7 coordinates with atom types of O,S
atom 1118 with type of V found to have 7 coordinates with atom types of O,S
atom 1120 with type of V found to have 7 coordinates with atom types of S,O
atom 1122 with type of V found to have 7 coordinates with atom types of S,O
atom 1124 with type of Co found to have 4 coordinates with atom types of N
atom 1126 with type of V found to have 4 coordinates with atom types of O
atom 1127 with type of V found to have 4 coordinates with atom types of O
atom 1132 with type of Mo found to have 5 coordinates with atom types of O
atom 1133 with type of Mo found to have 5 coordinates with atom types of O
atom 1134 with type of Mo found to have 5 coordinates with atom types of O
atom 1135 with type of Mo found to have 5 coordinates with atom types of O
atom 1648 with type of Co found to have 4 coordinates with atom types of O,N
atom 1649 with type of Co found to have 4 coordinates with atom types of O,N
atom 1650 with type of Co found to have 4 coordinates with atom types of O,N
atom 1651 with type of Co found to have 4 coordinates with atom types of O,N
atom 140 with type of Co found to have 4 coordinates with atom types of O,N
atom 141 with type of Co found to have 4 coordinates with atom types of O,N
atom 142 with type of Co found to have 4 coordinates with atom types of O,N
atom 143 with type of Co found to have 4 coordinates with atom types of O,N
atom 656 with type of Mo found to have 5 coordinates with atom types of O
atom 657 with type of Mo found to have 5 coordinates with atom types of O
atom 658 with type of Mo found to have 5 coordinates with atom types of O
atom 659 with type of Mo found to have 5 coordinates with atom types of O
atom 664 with type of V found to have 4 coordinates with atom types of O
atom 665 with type of V found to have 4 coordinates with atom types of O
atom 667 with type of Co found to have 4 coordinates with atom types of N
atom 669 with type of V found to have 7 coordinates with atom types of O,S
atom 671 with type of V found to have 7 coordinates with atom types of O,S
atom 673 with type of V found to have 7 coordinates with atom types of S,O
atom 675 with type of V found to have 7 coordinates with atom types of S,O
atom 677 with type of Co found to have 4 coordinates with atom types of N
atom 678 with type of V found to have 4 coordinates with atom types of O
atom 679 with type of V found to have 4 coordinates with atom types of O
atom 684 with type of Mo found to have 5 coordinates with atom types of O
atom 685 with type of Mo found to have 5 coordinates with atom types of O
atom 686 with type of Mo found to have 5 coordinates with atom types of O
atom 687 with type of Mo found to have 5 coordinates with atom types of O
atom 1200 with type of Co found to have 4 coordinates with atom types of O,N
atom 1201 with type of Co found to have 4 coordinates with atom types of O,N
atom 1202 with type of Co found to have 4 coordinates with atom types of O,N
atom 1203 with type of Co found to have 4 coordinates with atom types of O,N
atom 208 with type of Mo found to have 5 coordinates with atom types of O
atom 209 with type of Mo found to have 5 coordinates with atom types of O
atom 210 with type of Mo found to have 5 coordinates with atom types of O
atom 211 with type of Mo found to have 5 coordinates with atom types of O
atom 1744 with type of Mo found to have 6 coordinates with atom types of O
atom 1745 with type of Mo found to have 6 coordinates with atom types of O
atom 1746 with type of Mo found to have 6 coordinates with atom types of O
atom 1747 with type of Mo found to have 6 coordinates with atom types of O
atom 216 with type of V found to have 4 coordinates with atom types of O
atom 217 with type of V found to have 4 coordinates with atom types of O
atom 218 with type of V found to have 7 coordinates with atom types of O,S
atom 1752 with type of Mo found to have 5 coordinates with atom types of O
atom 220 with type of V found to have 7 coordinates with atom types of O,S
atom 1755 with type of Mo found to have 5 coordinates with atom types of O
atom 222 with type of Co found to have 4 coordinates with atom types of N
atom 1756 with type of Mo found to have 5 coordinates with atom types of O
atom 224 with type of Co found to have 4 coordinates with atom types of N
atom 1759 with type of Mo found to have 5 coordinates with atom types of O
atom 226 with type of V found to have 7 coordinates with atom types of S,O
atom 228 with type of V found to have 7 coordinates with atom types of S,O
atom 230 with type of V found to have 4 coordinates with atom types of O
atom 231 with type of V found to have 4 coordinates with atom types of O
atom 236 with type of Mo found to have 5 coordinates with atom types of O
atom 237 with type of Mo found to have 5 coordinates with atom types of O
atom 238 with type of Mo found to have 5 coordinates with atom types of O
atom 239 with type of Mo found to have 5 coordinates with atom types of O
atom 752 with type of Co found to have 4 coordinates with atom types of O,N
atom 753 with type of Co found to have 4 coordinates with atom types of O,N
atom 754 with type of Co found to have 4 coordinates with atom types of O,N
atom 755 with type of Co found to have 4 coordinates with atom types of O,N
atom 1296 with type of Mo found to have 6 coordinates with atom types of O
atom 1297 with type of Mo found to have 6 coordinates with atom types of O
atom 1298 with type of Mo found to have 6 coordinates with atom types of O
atom 1299 with type of Mo found to have 6 coordinates with atom types of O
atom 1304 with type of Mo found to have 5 coordinates with atom types of O
atom 1307 with type of Mo found to have 5 coordinates with atom types of O
atom 1308 with type of Mo found to have 5 coordinates with atom types of O
atom 1311 with type of Mo found to have 5 coordinates with atom types of O
atom 304 with type of Co found to have 4 coordinates with atom types of O,N
atom 305 with type of Co found to have 4 coordinates with atom types of O,N
atom 306 with type of Co found to have 4 coordinates with atom types of O,N
atom 307 with type of Co found to have 4 coordinates with atom types of O,N
atom 848 with type of Mo found to have 6 coordinates with atom types of O
atom 849 with type of Mo found to have 6 coordinates with atom types of O
atom 850 with type of Mo found to have 6 coordinates with atom types of O
atom 851 with type of Mo found to have 6 coordinates with atom types of O
atom 856 with type of Mo found to have 5 coordinates with atom types of O
atom 859 with type of Mo found to have 5 coordinates with atom types of O
atom 860 with type of Mo found to have 5 coordinates with atom types of O
atom 863 with type of Mo found to have 5 coordinates with atom types of O
atom 1376 with type of Mo found to have 5 coordinates with atom types of O
atom 1379 with type of Mo found to have 5 coordinates with atom types of O
atom 1380 with type of Mo found to have 5 coordinates with atom types of O
atom 1383 with type of Mo found to have 5 coordinates with atom types of O
atom 1388 with type of Mo found to have 6 coordinates with atom types of O
atom 1389 with type of Mo found to have 6 coordinates with atom types of O
atom 1390 with type of Mo found to have 6 coordinates with atom types of O
atom 1391 with type of Mo found to have 6 coordinates with atom types of O
atom 400 with type of Mo found to have 6 coordinates with atom types of O
atom 401 with type of Mo found to have 6 coordinates with atom types of O
atom 402 with type of Mo found to have 6 coordinates with atom types of O
atom 403 with type of Mo found to have 6 coordinates with atom types of O
atom 408 with type of Mo found to have 5 coordinates with atom types of O
atom 411 with type of Mo found to have 5 coordinates with atom types of O
atom 412 with type of Mo found to have 5 coordinates with atom types of O
atom 415 with type of Mo found to have 5 coordinates with atom types of O
atom 928 with type of Mo found to have 5 coordinates with atom types of O
atom 931 with type of Mo found to have 5 coordinates with atom types of O
atom 932 with type of Mo found to have 5 coordinates with atom types of O
atom 935 with type of Mo found to have 5 coordinates with atom types of O
atom 940 with type of Mo found to have 6 coordinates with atom types of O
atom 941 with type of Mo found to have 6 coordinates with atom types of O
atom 942 with type of Mo found to have 6 coordinates with atom types of O
atom 943 with type of Mo found to have 6 coordinates with atom types of O
atom 1484 with type of Co found to have 4 coordinates with atom types of O,N
atom 1485 with type of Co found to have 4 coordinates with atom types of O,N
atom 1486 with type of Co found to have 4 coordinates with atom types of O,N
atom 1487 with type of Co found to have 4 coordinates with atom types of O,N
atom 480 with type of Mo found to have 5 coordinates with atom types of O
atom 483 with type of Mo found to have 5 coordinates with atom types of O
atom 484 with type of Mo found to have 5 coordinates with atom types of O
atom 487 with type of Mo found to have 5 coordinates with atom types of O
atom 492 with type of Mo found to have 6 coordinates with atom types of O
atom 493 with type of Mo found to have 6 coordinates with atom types of O
atom 494 with type of Mo found to have 6 coordinates with atom types of O
atom 495 with type of Mo found to have 6 coordinates with atom types of O
UQEGEE, (min_max_linker_length,max_min_linker_length): 2 , 5

Structure has SHORT ligand

